START 1430403213615
fragment results first_time total_time first_http total_http
http://localhost:3000/dbpedia2014-default 1 3127 3127 780 780
http://localhost:3000/dbpedia2014-default 2 3127 3309 780 816
http://localhost:3000/dbpedia2014-default 3 3127 3310 780 816
http://localhost:3000/dbpedia2014-default 4 3127 3310 780 816
http://localhost:3000/dbpedia2014-default 5 3127 3311 780 816
http://localhost:3000/dbpedia2014-default 6 3127 4305 780 1118
http://localhost:3000/dbpedia2014-default 7 3127 4382 780 1137
http://localhost:3000/dbpedia2014-default 8 3127 4417 780 1151
http://localhost:3000/dbpedia2014-default 9 3127 4447 780 1156
http://localhost:3000/dbpedia2014-default 10 3127 4570 780 1196
http://localhost:3000/dbpedia2014-default 11 3127 4601 780 1205
http://localhost:3000/dbpedia2014-default 12 3127 4701 780 1235
http://localhost:3000/dbpedia2014-default 13 3127 6174 780 1635
http://localhost:3000/dbpedia2014-default 14 3127 6174 780 1635
http://localhost:3000/dbpedia2014-default 15 3127 6174 780 1635
http://localhost:3000/dbpedia2014-default 16 3127 6411 780 1702
http://localhost:3000/dbpedia2014-default 17 3127 6641 780 1782
http://localhost:3000/dbpedia2014-default 18 3127 6648 780 1782
http://localhost:3000/dbpedia2014-default 19 3127 7092 780 1926
http://localhost:3000/dbpedia2014-default 20 3127 7250 780 1975
http://localhost:3000/dbpedia2014-default 21 3127 20906 780 6071
http://localhost:3000/dbpedia2014-default 22 3127 23106 780 6682
http://localhost:3000/dbpedia2014-default 23 3127 25281 780 7295
http://localhost:3000/dbpedia2014-default 24 3127 31337 780 9140
http://localhost:3000/dbpedia2014-default 25 3127 31337 780 9140
http://localhost:3000/dbpedia2014-default 26 3127 31337 780 9140
http://localhost:3000/dbpedia2014-default 27 3127 31391 780 9147
http://localhost:3000/dbpedia2014-default 28 3127 31437 780 9160
http://localhost:3000/dbpedia2014-default 29 3127 31470 780 9164
http://localhost:3000/dbpedia2014-default 30 3127 31556 780 9189
http://localhost:3000/dbpedia2014-default 31 3127 31583 780 9194
http://localhost:3000/dbpedia2014-default 32 3127 31629 780 9199
http://localhost:3000/dbpedia2014-default 33 3127 31996 780 9301
http://localhost:3000/dbpedia2014-default 34 3127 32287 780 9372
http://localhost:3000/dbpedia2014-default 35 3127 32522 780 9430
http://localhost:3000/dbpedia2014-default 36 3127 32588 780 9451
http://localhost:3000/dbpedia2014-default 37 3127 32618 780 9460
http://localhost:3000/dbpedia2014-default 38 3127 32629 780 9464
http://localhost:3000/dbpedia2014-default 39 3127 32796 780 9493
http://localhost:3000/dbpedia2014-default 40 3127 33246 780 9637
http://localhost:3000/dbpedia2014-default 41 3127 33455 780 9684
http://localhost:3000/dbpedia2014-default 42 3127 33496 780 9689
http://localhost:3000/dbpedia2014-default 43 3127 33522 780 9696
http://localhost:3000/dbpedia2014-default 44 3127 33523 780 9696
http://localhost:3000/dbpedia2014-default 45 3127 33524 780 9696
http://localhost:3000/dbpedia2014-default 46 3127 35918 780 10362
http://localhost:3000/dbpedia2014-default 47 3127 35946 780 10367
http://localhost:3000/dbpedia2014-default 48 3127 35985 780 10380
http://localhost:3000/dbpedia2014-default 49 3127 36003 780 10385
http://localhost:3000/dbpedia2014-default 50 3127 36021 780 10390
http://localhost:3000/dbpedia2014-default 51 3127 36123 780 10419
http://localhost:3000/dbpedia2014-default 52 3127 36183 780 10441
http://localhost:3000/dbpedia2014-default 53 3127 36404 780 10512
http://localhost:3000/dbpedia2014-default 54 3127 36609 780 10575
http://localhost:3000/dbpedia2014-default 55 3127 36881 780 10667
http://localhost:3000/dbpedia2014-default 56 3127 37029 780 10710
http://localhost:3000/dbpedia2014-default 57 3127 37169 780 10752
http://localhost:3000/dbpedia2014-default 58 3127 37244 780 10774
http://localhost:3000/dbpedia2014-default 59 3127 37260 780 10779
http://localhost:3000/dbpedia2014-default 60 3127 37515 780 10854
http://localhost:3000/dbpedia2014-default 61 3127 37618 780 10890
http://localhost:3000/dbpedia2014-default 62 3127 37693 780 10912
http://localhost:3000/dbpedia2014-default 63 3127 55474 780 16201
http://localhost:3000/dbpedia2014-default 64 3127 55474 780 16201
http://localhost:3000/dbpedia2014-default 65 3127 55474 780 16201
http://localhost:3000/dbpedia2014-default 66 3127 55474 780 16201
http://localhost:3000/dbpedia2014-default 67 3127 55655 780 16229
http://localhost:3000/dbpedia2014-default 68 3127 55780 780 16264
http://localhost:3000/dbpedia2014-default 69 3127 55890 780 16301
http://localhost:3000/dbpedia2014-default 70 3127 55963 780 16323
http://localhost:3000/dbpedia2014-default 71 3127 56098 780 16359
http://localhost:3000/dbpedia2014-default 72 3127 60926 780 17812
http://localhost:3000/dbpedia2014-default 73 3127 60927 780 17812
http://localhost:3000/dbpedia2014-default 74 3127 60953 780 17813
http://localhost:3000/dbpedia2014-default 75 3127 60957 780 17813
http://localhost:3000/dbpedia2014-default 76 3127 60989 780 17822
http://localhost:3000/dbpedia2014-default 77 3127 61042 780 17835
http://localhost:3000/dbpedia2014-default 78 3127 61164 780 17866
http://localhost:3000/dbpedia2014-default 79 3127 61416 780 17939
http://localhost:3000/dbpedia2014-default 80 3127 61447 780 17949
http://localhost:3000/dbpedia2014-default 81 3127 61545 780 17978
http://localhost:3000/dbpedia2014-default 82 3127 61688 780 18013
http://localhost:3000/dbpedia2014-default 83 3127 61765 780 18035
http://localhost:3000/dbpedia2014-default 84 3127 61800 780 18044
http://localhost:3000/dbpedia2014-default 85 3127 65204 780 18975
http://localhost:3000/dbpedia2014-default 86 3127 65402 780 19031
http://localhost:3000/dbpedia2014-default 87 3127 65478 780 19053
http://localhost:3000/dbpedia2014-default 88 3127 65532 780 19068
http://localhost:3000/dbpedia2014-default 89 3127 65562 780 19077
http://localhost:3000/dbpedia2014-default 90 3127 66569 780 19355
http://localhost:3000/dbpedia2014-default 91 3127 66572 780 19355
http://localhost:3000/dbpedia2014-default 92 3127 66585 780 19358
http://localhost:3000/dbpedia2014-default 93 3127 68302 780 20015
http://localhost:3000/dbpedia2014-default 94 3127 69776 780 20449
http://localhost:3000/dbpedia2014-default 95 3127 71282 780 20864
http://localhost:3000/dbpedia2014-default 96 3127 71503 780 20926
http://localhost:3000/dbpedia2014-default 97 3127 75005 780 21949
http://localhost:3000/dbpedia2014-default 98 3127 75764 780 22137
http://localhost:3000/dbpedia2014-default 99 3127 75771 780 22137
http://localhost:3000/dbpedia2014-default 100 3127 76118 780 22230
http://localhost:3000/dbpedia2014-default 101 3127 76436 780 22333
http://localhost:3000/dbpedia2014-default 102 3127 76799 780 22455
http://localhost:3000/dbpedia2014-default 103 3127 76830 780 22458
http://localhost:3000/dbpedia2014-default 104 3127 78318 780 22894
http://localhost:3000/dbpedia2014-default 105 3127 78337 780 22900
http://localhost:3000/dbpedia2014-default 106 3127 78342 780 22900
http://localhost:3000/dbpedia2014-default 107 3127 78390 780 22915
http://localhost:3000/dbpedia2014-default 108 3127 78394 780 22915
http://localhost:3000/dbpedia2014-default 109 3127 78410 780 22920
http://localhost:3000/dbpedia2014-default 110 3127 78431 780 22926
http://localhost:3000/dbpedia2014-default 111 3127 78433 780 22926
http://localhost:3000/dbpedia2014-default 112 3127 78459 780 22932
http://localhost:3000/dbpedia2014-default 113 3127 78500 780 22946
http://localhost:3000/dbpedia2014-default 114 3127 78502 780 22946
http://localhost:3000/dbpedia2014-default 115 3127 78519 780 22952
http://localhost:3000/dbpedia2014-default 116 3127 78621 780 22980
http://localhost:3000/dbpedia2014-default 117 3127 78624 780 22980
http://localhost:3000/dbpedia2014-default 118 3127 78649 780 22986
http://localhost:3000/dbpedia2014-default 119 3127 78665 780 22991
http://localhost:3000/dbpedia2014-default 120 3127 78704 780 23003
http://localhost:3000/dbpedia2014-default 121 3127 78716 780 23003
http://localhost:3000/dbpedia2014-default 122 3127 78836 780 23031
http://localhost:3000/dbpedia2014-default 123 3127 78867 780 23040
http://localhost:3000/dbpedia2014-default 124 3127 78918 780 23053
http://localhost:3000/dbpedia2014-default 125 3127 78947 780 23062
http://localhost:3000/dbpedia2014-default 126 3127 78979 780 23073
http://localhost:3000/dbpedia2014-default 127 3127 78983 780 23073
http://localhost:3000/dbpedia2014-default 128 3127 79036 780 23086
http://localhost:3000/dbpedia2014-default 129 3127 79037 780 23086
http://localhost:3000/dbpedia2014-default 130 3127 79122 780 23110
http://localhost:3000/dbpedia2014-default 131 3127 79126 780 23110
http://localhost:3000/dbpedia2014-default 132 3127 79147 780 23116
http://localhost:3000/dbpedia2014-default 133 3127 79150 780 23116
http://localhost:3000/dbpedia2014-default 134 3127 87810 780 25489
http://localhost:3000/dbpedia2014-default 135 3127 87810 780 25489
http://localhost:3000/dbpedia2014-default 136 3127 87810 780 25489
http://localhost:3000/dbpedia2014-default 137 3127 87810 780 25489
http://localhost:3000/dbpedia2014-default 138 3127 87811 780 25489
http://localhost:3000/dbpedia2014-default 139 3127 87883 780 25508
http://localhost:3000/dbpedia2014-default 140 3127 87886 780 25508
http://localhost:3000/dbpedia2014-default 141 3127 87909 780 25514
http://localhost:3000/dbpedia2014-default 142 3127 88009 780 25541
http://localhost:3000/dbpedia2014-default 143 3127 88112 780 25547
http://localhost:3000/dbpedia2014-default 144 3127 88132 780 25552
http://localhost:3000/dbpedia2014-default 145 3127 88162 780 25562
http://localhost:3000/dbpedia2014-default 146 3127 88165 780 25562
http://localhost:3000/dbpedia2014-default 147 3127 88264 780 25589
http://localhost:3000/dbpedia2014-default 148 3127 88334 780 25610
http://localhost:3000/dbpedia2014-default 149 3127 88372 780 25619
http://localhost:3000/dbpedia2014-default 150 3127 88401 780 25629
http://localhost:3000/dbpedia2014-default 151 3127 88404 780 25629
http://localhost:3000/dbpedia2014-default 152 3127 88447 780 25640
http://localhost:3000/dbpedia2014-default 153 3127 88523 780 25662
http://localhost:3000/dbpedia2014-default 154 3127 88526 780 25662
http://localhost:3000/dbpedia2014-default 155 3127 88553 780 25668
http://localhost:3000/dbpedia2014-default 156 3127 88555 780 25668
http://localhost:3000/dbpedia2014-default 157 3127 93416 780 26994
http://localhost:3000/dbpedia2014-default 158 3127 94893 780 27431
http://localhost:3000/dbpedia2014-default 159 3127 94901 780 27431
http://localhost:3000/dbpedia2014-default 160 3127 94959 780 27446
http://localhost:3000/dbpedia2014-default 161 3127 95367 780 27581
http://localhost:3000/dbpedia2014-default 162 3127 95773 780 27706
http://localhost:3000/dbpedia2014-default 163 3127 101698 780 29379
http://localhost:3000/dbpedia2014-default 164 3127 102049 780 29458
http://localhost:3000/dbpedia2014-default 165 3127 103235 780 29799
http://localhost:3000/dbpedia2014-default 166 3127 103390 780 29840
http://localhost:3000/dbpedia2014-default 167 3127 104713 780 30217
http://localhost:3000/dbpedia2014-default 168 3127 105154 780 30370
http://localhost:3000/dbpedia2014-default 169 3127 105714 780 30542
http://localhost:3000/dbpedia2014-default 170 3127 112725 780 32476
http://localhost:3000/dbpedia2014-default 171 3127 122279 780 35278
http://localhost:3000/dbpedia2014-default 172 3127 122449 780 35320
http://localhost:3000/dbpedia2014-default 173 3127 128755 780 37165
http://localhost:3000/dbpedia2014-default 174 3127 135785 780 39160
http://localhost:3000/dbpedia2014-default 175 3127 138943 780 40136
http://localhost:3000/dbpedia2014-default 176 3127 141463 780 40839
http://localhost:3000/dbpedia2014-default 177 3127 141463 780 40839
http://localhost:3000/dbpedia2014-default 178 3127 141464 780 40839
http://localhost:3000/dbpedia2014-default 179 3127 142340 780 41079
http://localhost:3000/dbpedia2014-default 180 3127 144121 780 41614
http://localhost:3000/dbpedia2014-default 181 3127 145251 780 41977
http://localhost:3000/dbpedia2014-default 182 3127 145355 780 42010
http://localhost:3000/dbpedia2014-default 183 3127 145373 780 42015
http://localhost:3000/dbpedia2014-default 184 3127 145480 780 42042
http://localhost:3000/dbpedia2014-default 185 3127 145504 780 42048
http://localhost:3000/dbpedia2014-default 186 3127 145906 780 42179
http://localhost:3000/dbpedia2014-default 187 3127 145906 780 42179
http://localhost:3000/dbpedia2014-default 188 3127 145907 780 42179
http://localhost:3000/dbpedia2014-default 189 3127 145908 780 42179
http://localhost:3000/dbpedia2014-default 190 3127 145909 780 42179
http://localhost:3000/dbpedia2014-default 191 3127 145911 780 42179
http://localhost:3000/dbpedia2014-default 192 3127 145958 780 42179
http://localhost:3000/dbpedia2014-default 193 3127 145958 780 42179
http://localhost:3000/dbpedia2014-default 194 3127 146017 780 42192
http://localhost:3000/dbpedia2014-default 195 3127 146914 780 42447
http://localhost:3000/dbpedia2014-default 196 3127 146918 780 42447
http://localhost:3000/dbpedia2014-default 197 3127 146919 780 42447
http://localhost:3000/dbpedia2014-default 198 3127 146919 780 42447
http://localhost:3000/dbpedia2014-default 199 3127 147472 780 42639
http://localhost:3000/dbpedia2014-default 200 3127 148276 780 42873
http://localhost:3000/dbpedia2014-default 201 3127 148276 780 42873
http://localhost:3000/dbpedia2014-default 202 3127 148459 780 42903
http://localhost:3000/dbpedia2014-default 203 3127 148459 780 42903
http://localhost:3000/dbpedia2014-default 204 3127 148464 780 42903
http://localhost:3000/dbpedia2014-default 205 3127 148778 780 43004
http://localhost:3000/dbpedia2014-default 206 3127 148780 780 43004
http://localhost:3000/dbpedia2014-default 207 3127 149208 780 43147
http://localhost:3000/dbpedia2014-default 208 3127 151556 780 43741
http://localhost:3000/dbpedia2014-default 209 3127 151651 780 43758
http://localhost:3000/dbpedia2014-default 210 3127 152371 780 43986
http://localhost:3000/dbpedia2014-default 211 3127 163936 780 47162
http://localhost:3000/dbpedia2014-default 212 3127 164162 780 47240
http://localhost:3000/dbpedia2014-default 213 3127 164901 780 47417
http://localhost:3000/dbpedia2014-default 214 3127 165081 780 47439
http://localhost:3000/dbpedia2014-default 215 3127 165974 780 47724
http://localhost:3000/dbpedia2014-default 216 3127 166356 780 47802
http://localhost:3000/dbpedia2014-default 217 3127 166528 780 47841
http://localhost:3000/dbpedia2014-default 218 3127 166562 780 47850
http://localhost:3000/dbpedia2014-default 219 3127 166632 780 47872
http://localhost:3000/dbpedia2014-default 220 3127 167614 780 48118
http://localhost:3000/dbpedia2014-default 221 3127 168514 780 48333
http://localhost:3000/dbpedia2014-default 222 3127 169876 780 48751
http://localhost:3000/dbpedia2014-default 223 3127 169877 780 48751
http://localhost:3000/dbpedia2014-default 224 3127 169878 780 48751
http://localhost:3000/dbpedia2014-default 225 3127 169878 780 48751
http://localhost:3000/dbpedia2014-default 226 3127 169879 780 48751
http://localhost:3000/dbpedia2014-default 227 3127 169880 780 48751
http://localhost:3000/dbpedia2014-default 228 3127 169880 780 48751
http://localhost:3000/dbpedia2014-default 229 3127 169881 780 48751
http://localhost:3000/dbpedia2014-default 230 3127 169921 780 48751
http://localhost:3000/dbpedia2014-default 231 3127 169921 780 48751
http://localhost:3000/dbpedia2014-default 232 3127 169921 780 48751
http://localhost:3000/dbpedia2014-default 233 3127 170185 780 48823
http://localhost:3000/dbpedia2014-default 234 3127 171724 780 49351
http://localhost:3000/dbpedia2014-default 235 3127 171910 780 49405
http://localhost:3000/dbpedia2014-default 236 3127 171979 780 49418
http://localhost:3000/dbpedia2014-default 237 3127 172004 780 49424
http://localhost:3000/dbpedia2014-default 238 3127 172027 780 49430
http://localhost:3000/dbpedia2014-default 239 3127 172120 780 49453
http://localhost:3000/dbpedia2014-default 240 3127 172194 780 49472
http://localhost:3000/dbpedia2014-default 241 3127 172226 780 49482
http://localhost:3000/dbpedia2014-default 242 3127 173169 780 49698
http://localhost:3000/dbpedia2014-default 243 3127 173169 780 49698
http://localhost:3000/dbpedia2014-default 244 3127 173169 780 49698
http://localhost:3000/dbpedia2014-default 245 3127 173169 780 49698
http://localhost:3000/dbpedia2014-default 246 3127 173919 780 49908
http://localhost:3000/dbpedia2014-default 247 3127 175926 780 50534
http://localhost:3000/dbpedia2014-default 248 3127 175927 780 50534
http://localhost:3000/dbpedia2014-default 249 3127 177117 780 50859
http://localhost:3000/dbpedia2014-default 250 3127 177120 780 50859
http://localhost:3000/dbpedia2014-default 251 3127 177145 780 50865
http://localhost:3000/dbpedia2014-default 252 3127 177167 780 50871
http://localhost:3000/dbpedia2014-default 253 3127 177169 780 50871
http://localhost:3000/dbpedia2014-default 254 3127 177187 780 50878
http://localhost:3000/dbpedia2014-default 255 3127 177191 780 50878
http://localhost:3000/dbpedia2014-default 256 3127 177223 780 50888
http://localhost:3000/dbpedia2014-default 257 3127 177267 780 50899
http://localhost:3000/dbpedia2014-default 258 3127 177386 780 50929
http://localhost:3000/dbpedia2014-default 259 3127 177410 780 50935
http://localhost:3000/dbpedia2014-default 260 3127 177452 780 50940
http://localhost:3000/dbpedia2014-default 261 3127 177490 780 50950
http://localhost:3000/dbpedia2014-default 262 3127 177494 780 50950
http://localhost:3000/dbpedia2014-default 263 3127 177585 780 50975
http://localhost:3000/dbpedia2014-default 264 3127 177657 780 50990
http://localhost:3000/dbpedia2014-default 265 3127 177664 780 50990
http://localhost:3000/dbpedia2014-default 266 3127 177707 780 51001
http://localhost:3000/dbpedia2014-default 267 3127 177710 780 51001
http://localhost:3000/dbpedia2014-default 268 3127 177806 780 51026
http://localhost:3000/dbpedia2014-default 269 3127 177867 780 51044
http://localhost:3000/dbpedia2014-default 270 3127 177876 780 51044
http://localhost:3000/dbpedia2014-default 271 3127 177877 780 51044
http://localhost:3000/dbpedia2014-default 272 3127 184776 780 52878
http://localhost:3000/dbpedia2014-default 273 3127 184777 780 52878
http://localhost:3000/dbpedia2014-default 274 3127 184778 780 52878
http://localhost:3000/dbpedia2014-default 275 3127 184780 780 52878
http://localhost:3000/dbpedia2014-default 276 3127 184782 780 52878
http://localhost:3000/dbpedia2014-default 277 3127 184782 780 52878
http://localhost:3000/dbpedia2014-default 278 3127 184819 780 52878
http://localhost:3000/dbpedia2014-default 279 3127 184819 780 52878
http://localhost:3000/dbpedia2014-default 280 3127 185320 780 53015
http://localhost:3000/dbpedia2014-default 281 3127 185321 780 53015
http://localhost:3000/dbpedia2014-default 282 3127 185354 780 53015
http://localhost:3000/dbpedia2014-default 283 3127 185500 780 53062
http://localhost:3000/dbpedia2014-default 284 3127 185872 780 53173
http://localhost:3000/dbpedia2014-default 285 3127 186100 780 53237
http://localhost:3000/dbpedia2014-default 286 3127 186458 780 53337
http://localhost:3000/dbpedia2014-default 287 3127 186460 780 53337
http://localhost:3000/dbpedia2014-default 288 3127 186819 780 53413
http://localhost:3000/dbpedia2014-default 289 3127 187430 780 53590
http://localhost:3000/dbpedia2014-default 290 3127 188160 780 53809
http://localhost:3000/dbpedia2014-default 291 3127 188177 780 53815
http://localhost:3000/dbpedia2014-default 292 3127 188179 780 53815
http://localhost:3000/dbpedia2014-default 293 3127 188200 780 53820
http://localhost:3000/dbpedia2014-default 294 3127 188930 780 54042
http://localhost:3000/dbpedia2014-default 295 3127 189157 780 54109
http://localhost:3000/dbpedia2014-default 296 3127 190375 780 54442
http://localhost:3000/dbpedia2014-default 297 3127 190780 780 54562
http://localhost:3000/dbpedia2014-default 298 3127 190781 780 54562
http://localhost:3000/dbpedia2014-default 299 3127 192296 780 55053
http://localhost:3000/dbpedia2014-default 300 3127 192308 780 55056
http://localhost:3000/dbpedia2014-default 301 3127 193451 780 55376
http://localhost:3000/dbpedia2014-default 302 3127 194455 780 55647
http://localhost:3000/dbpedia2014-default 303 3127 195432 780 55946
http://localhost:3000/dbpedia2014-default 304 3127 195432 780 55946
http://localhost:3000/dbpedia2014-default 305 3127 195434 780 55946
http://localhost:3000/dbpedia2014-default 306 3127 195435 780 55946
http://localhost:3000/dbpedia2014-default 307 3127 196787 780 56280
http://localhost:3000/dbpedia2014-default 308 3127 196787 780 56280
http://localhost:3000/dbpedia2014-default 309 3127 196791 780 56280
http://localhost:3000/dbpedia2014-default 310 3127 196792 780 56280
http://localhost:3000/dbpedia2014-default 311 3127 200632 780 57337
http://localhost:3000/dbpedia2014-default 312 3127 200669 780 57347
http://localhost:3000/dbpedia2014-default 313 3127 200768 780 57371
http://localhost:3000/dbpedia2014-default 314 3127 201096 780 57468
http://localhost:3000/dbpedia2014-default 315 3127 201135 780 57479
http://localhost:3000/dbpedia2014-default 316 3127 201149 780 57481
http://localhost:3000/dbpedia2014-default 317 3127 201588 780 57603
http://localhost:3000/dbpedia2014-default 318 3127 202892 780 57905
http://localhost:3000/dbpedia2014-default 319 3127 203128 780 57952
http://localhost:3000/dbpedia2014-default 320 3127 203220 780 57979
http://localhost:3000/dbpedia2014-default 321 3127 203252 780 57988
http://localhost:3000/dbpedia2014-default 322 3127 203278 780 57993
http://localhost:3000/dbpedia2014-default 323 3127 204667 780 58346
http://localhost:3000/dbpedia2014-default 324 3127 204667 780 58346
http://localhost:3000/dbpedia2014-default 325 3127 204667 780 58346
http://localhost:3000/dbpedia2014-default 326 3127 204667 780 58346
http://localhost:3000/dbpedia2014-default 327 3127 204674 780 58350
http://localhost:3000/dbpedia2014-default 328 3127 206687 780 58887
http://localhost:3000/dbpedia2014-default 329 3127 206687 780 58887
http://localhost:3000/dbpedia2014-default 330 3127 206687 780 58887
http://localhost:3000/dbpedia2014-default 331 3127 206689 780 58887
http://localhost:3000/dbpedia2014-default 332 3127 206690 780 58887
http://localhost:3000/dbpedia2014-default 333 3127 206691 780 58887
http://localhost:3000/dbpedia2014-default 334 3127 206692 780 58887
http://localhost:3000/dbpedia2014-default 335 3127 206693 780 58887
http://localhost:3000/dbpedia2014-default 336 3127 206693 780 58887
http://localhost:3000/dbpedia2014-default 337 3127 206696 780 58887
http://localhost:3000/dbpedia2014-default 338 3127 206696 780 58887
http://localhost:3000/dbpedia2014-default 339 3127 206698 780 58887
http://localhost:3000/dbpedia2014-default 340 3127 206700 780 58887
http://localhost:3000/dbpedia2014-default 341 3127 206700 780 58887
http://localhost:3000/dbpedia2014-default 342 3127 208039 780 59213
http://localhost:3000/dbpedia2014-default 343 3127 208062 780 59219
http://localhost:3000/dbpedia2014-default 344 3127 208102 780 59229
http://localhost:3000/dbpedia2014-default 345 3127 208122 780 59235
http://localhost:3000/dbpedia2014-default 346 3127 208125 780 59235
http://localhost:3000/dbpedia2014-default 347 3127 208156 780 59241
http://localhost:3000/dbpedia2014-default 348 3127 208172 780 59247
http://localhost:3000/dbpedia2014-default 349 3127 208175 780 59247
http://localhost:3000/dbpedia2014-default 350 3127 208273 780 59276
http://localhost:3000/dbpedia2014-default 351 3127 208308 780 59286
http://localhost:3000/dbpedia2014-default 352 3127 208326 780 59291
http://localhost:3000/dbpedia2014-default 353 3127 209823 780 59712
http://localhost:3000/dbpedia2014-default 354 3127 209866 780 59722
http://localhost:3000/dbpedia2014-default 355 3127 209891 780 59729
http://localhost:3000/dbpedia2014-default 356 3127 209898 780 59729
http://localhost:3000/dbpedia2014-default 357 3127 209914 780 59734
http://localhost:3000/dbpedia2014-default 358 3127 209970 780 59747
http://localhost:3000/dbpedia2014-default 359 3127 209973 780 59747
http://localhost:3000/dbpedia2014-default 360 3127 209998 780 59754
http://localhost:3000/dbpedia2014-default 361 3127 210043 780 59767
http://localhost:3000/dbpedia2014-default 362 3127 210166 780 59802
http://localhost:3000/dbpedia2014-default 363 3127 210190 780 59808
http://localhost:3000/dbpedia2014-default 364 3127 210269 780 59827
http://localhost:3000/dbpedia2014-default 365 3127 210335 780 59841
http://localhost:3000/dbpedia2014-default 366 3127 210366 780 59851
http://localhost:3000/dbpedia2014-default 367 3127 210446 780 59872
http://localhost:3000/dbpedia2014-default 368 3127 210464 780 59877
http://localhost:3000/dbpedia2014-default 369 3127 217025 780 61551
http://localhost:3000/dbpedia2014-default 370 3127 217025 780 61551
http://localhost:3000/dbpedia2014-default 371 3127 217025 780 61551
http://localhost:3000/dbpedia2014-default 372 3127 217025 780 61551
http://localhost:3000/dbpedia2014-default 373 3127 217025 780 61551
http://localhost:3000/dbpedia2014-default 374 3127 217105 780 61576
http://localhost:3000/dbpedia2014-default 375 3127 217106 780 61576
http://localhost:3000/dbpedia2014-default 376 3127 217127 780 61584
http://localhost:3000/dbpedia2014-default 377 3127 217184 780 61600
http://localhost:3000/dbpedia2014-default 378 3127 217200 780 61604
http://localhost:3000/dbpedia2014-default 379 3127 218595 780 61980
http://localhost:3000/dbpedia2014-default 380 3127 218615 780 61984
http://localhost:3000/dbpedia2014-default 381 3127 218624 780 61986
http://localhost:3000/dbpedia2014-default 382 3127 218638 780 61990
http://localhost:3000/dbpedia2014-default 383 3127 218700 780 61999
http://localhost:3000/dbpedia2014-default 384 3127 218735 780 62010
http://localhost:3000/dbpedia2014-default 385 3127 218738 780 62010
http://localhost:3000/dbpedia2014-default 386 3127 218748 780 62010
http://localhost:3000/dbpedia2014-default 387 3127 220272 780 62510
http://localhost:3000/dbpedia2014-default 388 3127 220676 780 62635
http://localhost:3000/dbpedia2014-default 389 3127 220677 780 62635
http://localhost:3000/dbpedia2014-default 390 3127 220692 780 62635
http://localhost:3000/dbpedia2014-default 391 3127 220692 780 62635
http://localhost:3000/dbpedia2014-default 392 3127 220972 780 62712
http://localhost:3000/dbpedia2014-default 393 3127 220973 780 62712
http://localhost:3000/dbpedia2014-default 394 3127 221014 780 62712
http://localhost:3000/dbpedia2014-default 395 3127 223398 780 63491
http://localhost:3000/dbpedia2014-default 396 3127 223437 780 63503
http://localhost:3000/dbpedia2014-default 397 3127 223618 780 63548
http://localhost:3000/dbpedia2014-default 398 3127 225258 780 64085
http://localhost:3000/dbpedia2014-default 399 3127 225258 780 64085
http://localhost:3000/dbpedia2014-default 400 3127 225258 780 64085
http://localhost:3000/dbpedia2014-default 401 3127 225259 780 64085
http://localhost:3000/dbpedia2014-default 402 3127 226396 780 64370
http://localhost:3000/dbpedia2014-default 403 3127 226447 780 64380
http://localhost:3000/dbpedia2014-default 404 3127 226448 780 64380
http://localhost:3000/dbpedia2014-default 405 3127 226449 780 64380
http://localhost:3000/dbpedia2014-default 406 3127 226451 780 64380
http://localhost:3000/dbpedia2014-default 407 3127 226452 780 64380
http://localhost:3000/dbpedia2014-default 408 3127 226565 780 64391
http://localhost:3000/dbpedia2014-default 409 3127 226577 780 64395
http://localhost:3000/dbpedia2014-default 410 3127 226581 780 64395
http://localhost:3000/dbpedia2014-default 411 3127 226596 780 64399
http://localhost:3000/dbpedia2014-default 412 3127 226605 780 64403
http://localhost:3000/dbpedia2014-default 413 3127 226616 780 64404
http://localhost:3000/dbpedia2014-default 414 3127 227199 780 64593
http://localhost:3000/dbpedia2014-default 415 3127 227397 780 64653
http://localhost:3000/dbpedia2014-default 416 3127 227502 780 64676
http://localhost:3000/dbpedia2014-default 417 3127 228208 780 64893
http://localhost:3000/dbpedia2014-default 418 3127 228257 780 64906
http://localhost:3000/dbpedia2014-default 419 3127 228291 780 64915
http://localhost:3000/dbpedia2014-default 420 3127 228355 780 64933
http://localhost:3000/dbpedia2014-default 421 3127 228357 780 64933
http://localhost:3000/dbpedia2014-default 422 3127 228398 780 64945
http://localhost:3000/dbpedia2014-default 423 3127 228416 780 64950
http://localhost:3000/dbpedia2014-default 424 3127 228435 780 64955
http://localhost:3000/dbpedia2014-default 425 3127 228505 780 64970
http://localhost:3000/dbpedia2014-default 426 3127 228558 780 64981
http://localhost:3000/dbpedia2014-default 427 3127 228580 780 64986
http://localhost:3000/dbpedia2014-default 428 3127 228603 780 64992
http://localhost:3000/dbpedia2014-default 429 3127 228629 780 64998
http://localhost:3000/dbpedia2014-default 430 3127 228666 780 65009
http://localhost:3000/dbpedia2014-default 431 3127 228669 780 65009
http://localhost:3000/dbpedia2014-default 432 3127 228673 780 65009
http://localhost:3000/dbpedia2014-default 433 3127 228757 780 65031
http://localhost:3000/dbpedia2014-default 434 3127 231423 780 65734
http://localhost:3000/dbpedia2014-default 435 3127 231427 780 65734
http://localhost:3000/dbpedia2014-default 436 3127 231461 780 65741
http://localhost:3000/dbpedia2014-default 437 3127 231464 780 65741
http://localhost:3000/dbpedia2014-default 438 3127 231820 780 65841
http://localhost:3000/dbpedia2014-default 439 3127 231870 780 65860
http://localhost:3000/dbpedia2014-default 440 3127 231977 780 65890
http://localhost:3000/dbpedia2014-default 441 3127 231986 780 65895
http://localhost:3000/dbpedia2014-default 442 3127 232018 780 65906
http://localhost:3000/dbpedia2014-default 443 3127 232042 780 65912
http://localhost:3000/dbpedia2014-default 444 3127 232100 780 65930
http://localhost:3000/dbpedia2014-default 445 3127 232141 780 65941
http://localhost:3000/dbpedia2014-default 446 3127 232151 780 65944
http://localhost:3000/dbpedia2014-default 447 3127 232155 780 65944
http://localhost:3000/dbpedia2014-default 448 3127 232445 780 65983
http://localhost:3000/dbpedia2014-default 449 3127 232446 780 65983
http://localhost:3000/dbpedia2014-default 450 3127 232446 780 65983
http://localhost:3000/dbpedia2014-default 451 3127 232446 780 65983
http://localhost:3000/dbpedia2014-default 452 3127 232446 780 65983
http://localhost:3000/dbpedia2014-default 453 3127 233234 780 66241
http://localhost:3000/dbpedia2014-default 454 3127 233240 780 66241
http://localhost:3000/dbpedia2014-default 455 3127 235090 780 66731
http://localhost:3000/dbpedia2014-default 456 3127 235091 780 66731
http://localhost:3000/dbpedia2014-default 457 3127 235091 780 66731
http://localhost:3000/dbpedia2014-default 458 3127 235108 780 66736
http://localhost:3000/dbpedia2014-default 459 3127 235184 780 66757
http://localhost:3000/dbpedia2014-default 460 3127 235190 780 66757
http://localhost:3000/dbpedia2014-default 461 3127 235229 780 66764
http://localhost:3000/dbpedia2014-default 462 3127 235280 780 66780
http://localhost:3000/dbpedia2014-default 463 3127 235316 780 66790
http://localhost:3000/dbpedia2014-default 464 3127 235458 780 66828
http://localhost:3000/dbpedia2014-default 465 3127 235494 780 66834
http://localhost:3000/dbpedia2014-default 466 3127 235513 780 66839
http://localhost:3000/dbpedia2014-default 467 3127 235549 780 66846
http://localhost:3000/dbpedia2014-default 468 3127 235553 780 66846
http://localhost:3000/dbpedia2014-default 469 3127 235554 780 66846
http://localhost:3000/dbpedia2014-default 470 3127 235632 780 66868
http://localhost:3000/dbpedia2014-default 471 3127 235636 780 66868
http://localhost:3000/dbpedia2014-default 472 3127 235654 780 66873
http://localhost:3000/dbpedia2014-default 473 3127 240368 780 68123
http://localhost:3000/dbpedia2014-default 474 3127 240368 780 68123
http://localhost:3000/dbpedia2014-default 475 3127 240368 780 68123
http://localhost:3000/dbpedia2014-default 476 3127 240368 780 68123
http://localhost:3000/dbpedia2014-default 477 3127 240402 780 68130
http://localhost:3000/dbpedia2014-default 478 3127 240406 780 68130
http://localhost:3000/dbpedia2014-default 479 3127 240465 780 68149
http://localhost:3000/dbpedia2014-default 480 3127 240480 780 68154
http://localhost:3000/dbpedia2014-default 481 3127 240652 780 68197
http://localhost:3000/dbpedia2014-default 482 3127 240685 780 68203
http://localhost:3000/dbpedia2014-default 483 3127 240704 780 68209
http://localhost:3000/dbpedia2014-default 484 3127 240708 780 68209
http://localhost:3000/dbpedia2014-default 485 3127 240728 780 68215
http://localhost:3000/dbpedia2014-default 486 3127 240788 780 68231
http://localhost:3000/dbpedia2014-default 487 3127 240792 780 68231
http://localhost:3000/dbpedia2014-default 488 3127 241922 780 68527
http://localhost:3000/dbpedia2014-default 489 3127 249549 780 70746
http://localhost:3000/dbpedia2014-default 490 3127 249567 780 70751
http://localhost:3000/dbpedia2014-default 491 3127 249767 780 70807
http://localhost:3000/dbpedia2014-default 492 3127 249906 780 70847
http://localhost:3000/dbpedia2014-default 493 3127 250296 780 70954
http://localhost:3000/dbpedia2014-default 494 3127 250299 780 70954
http://localhost:3000/dbpedia2014-default 495 3127 250477 780 70996
http://localhost:3000/dbpedia2014-default 496 3127 257584 780 73024
http://localhost:3000/dbpedia2014-default 497 3127 257584 780 73024
http://localhost:3000/dbpedia2014-default 498 3127 257584 780 73024
http://localhost:3000/dbpedia2014-default 499 3127 257584 780 73024
http://localhost:3000/dbpedia2014-default 500 3127 257752 780 73076
http://localhost:3000/dbpedia2014-default 501 3127 257805 780 73090
http://localhost:3000/dbpedia2014-default 502 3127 261017 780 73884
http://localhost:3000/dbpedia2014-default 503 3127 261099 780 73902
http://localhost:3000/dbpedia2014-default 504 3127 261186 780 73922
http://localhost:3000/dbpedia2014-default 505 3127 261208 780 73927
http://localhost:3000/dbpedia2014-default 506 3127 261242 780 73937
http://localhost:3000/dbpedia2014-default 507 3127 261297 780 73950
http://localhost:3000/dbpedia2014-default 508 3127 261321 780 73956
http://localhost:3000/dbpedia2014-default 509 3127 261475 780 74000
http://localhost:3000/dbpedia2014-default 510 3127 261500 780 74006
http://localhost:3000/dbpedia2014-default 511 3127 261529 780 74015
http://localhost:3000/dbpedia2014-default 512 3127 261607 780 74037
http://localhost:3000/dbpedia2014-default 513 3127 261661 780 74050
http://localhost:3000/dbpedia2014-default 514 3127 261700 780 74060
http://localhost:3000/dbpedia2014-default 515 3127 261924 780 74121
http://localhost:3000/dbpedia2014-default 516 3127 261995 780 74142
http://localhost:3000/dbpedia2014-default 517 3127 262039 780 74156
http://localhost:3000/dbpedia2014-default 518 3127 262058 780 74161
http://localhost:3000/dbpedia2014-default 519 3127 262075 780 74166
http://localhost:3000/dbpedia2014-default 520 3127 262194 780 74197
http://localhost:3000/dbpedia2014-default 521 3127 262197 780 74197
http://localhost:3000/dbpedia2014-default 522 3127 262231 780 74206
http://localhost:3000/dbpedia2014-default 523 3127 262299 780 74222
http://localhost:3000/dbpedia2014-default 524 3127 262320 780 74227
http://localhost:3000/dbpedia2014-default 525 3127 274740 780 77639
http://localhost:3000/dbpedia2014-default 526 3127 274817 780 77655
http://localhost:3000/dbpedia2014-default 527 3127 274835 780 77659
http://localhost:3000/dbpedia2014-default 528 3127 275917 780 77961
http://localhost:3000/dbpedia2014-default 529 3127 275918 780 77961
http://localhost:3000/dbpedia2014-default 530 3127 275918 780 77961
http://localhost:3000/dbpedia2014-default 531 3127 275970 780 77961
http://localhost:3000/dbpedia2014-default 532 3127 275970 780 77961
http://localhost:3000/dbpedia2014-default 533 3127 275970 780 77961
http://localhost:3000/dbpedia2014-default 534 3127 277256 780 78356
http://localhost:3000/dbpedia2014-default 535 3127 278167 780 78611
http://localhost:3000/dbpedia2014-default 536 3127 278170 780 78611
http://localhost:3000/dbpedia2014-default 537 3127 278287 780 78632
http://localhost:3000/dbpedia2014-default 538 3127 279196 780 78912
http://localhost:3000/dbpedia2014-default 539 3127 279360 780 78932
http://localhost:3000/dbpedia2014-default 540 3127 279362 780 78932
http://localhost:3000/dbpedia2014-default 541 3127 279362 780 78932
http://localhost:3000/dbpedia2014-default 542 3127 279362 780 78932
http://localhost:3000/dbpedia2014-default 543 3127 279949 780 79106
http://localhost:3000/dbpedia2014-default 544 3127 280522 780 79251
http://localhost:3000/dbpedia2014-default 545 3127 281055 780 79418
http://localhost:3000/dbpedia2014-default 546 3127 285151 780 80824
http://localhost:3000/dbpedia2014-default 547 3127 285877 780 80997
http://localhost:3000/dbpedia2014-default 548 3127 285929 780 81008
http://localhost:3000/dbpedia2014-default 549 3127 286047 780 81037
http://localhost:3000/dbpedia2014-default 550 3127 286117 780 81058
http://localhost:3000/dbpedia2014-default 551 3127 286301 780 81109
http://localhost:3000/dbpedia2014-default 552 3127 292792 780 82835
http://localhost:3000/dbpedia2014-default 553 3127 292793 780 82835
http://localhost:3000/dbpedia2014-default 554 3127 292793 780 82835
http://localhost:3000/dbpedia2014-default 555 3127 292793 780 82835
http://localhost:3000/dbpedia2014-default 556 3127 292793 780 82835
http://localhost:3000/dbpedia2014-default 557 3127 292793 780 82835
http://localhost:3000/dbpedia2014-default 558 3127 292793 780 82835
http://localhost:3000/dbpedia2014-default 559 3127 293094 780 82900
http://localhost:3000/dbpedia2014-default 560 3127 293099 780 82900
http://localhost:3000/dbpedia2014-default 561 3127 293249 780 82918
http://localhost:3000/dbpedia2014-default 562 3127 293280 780 82923
http://localhost:3000/dbpedia2014-default 563 3127 293332 780 82936
http://localhost:3000/dbpedia2014-default 564 3127 293351 780 82941
http://localhost:3000/dbpedia2014-default 565 3127 293535 780 82990
http://localhost:3000/dbpedia2014-default 566 3127 293560 780 82996
http://localhost:3000/dbpedia2014-default 567 3127 293593 780 83006
http://localhost:3000/dbpedia2014-default 568 3127 293597 780 83006
http://localhost:3000/dbpedia2014-default 569 3127 293786 780 83058
http://localhost:3000/dbpedia2014-default 570 3127 293878 780 83089
http://localhost:3000/dbpedia2014-default 571 3127 293992 780 83098
http://localhost:3000/dbpedia2014-default 572 3127 294047 780 83115
http://localhost:3000/dbpedia2014-default 573 3127 294064 780 83120
http://localhost:3000/dbpedia2014-default 574 3127 294258 780 83170
http://localhost:3000/dbpedia2014-default 575 3127 294349 780 83197
http://localhost:3000/dbpedia2014-default 576 3127 294450 780 83202
http://localhost:3000/dbpedia2014-default 577 3127 294484 780 83207
http://localhost:3000/dbpedia2014-default 578 3127 303759 780 85758
http://localhost:3000/dbpedia2014-default 579 3127 305227 780 86153
http://localhost:3000/dbpedia2014-default 580 3127 305227 780 86153
http://localhost:3000/dbpedia2014-default 581 3127 305228 780 86153
http://localhost:3000/dbpedia2014-default 582 3127 305230 780 86153
http://localhost:3000/dbpedia2014-default 583 3127 306249 780 86407
http://localhost:3000/dbpedia2014-default 584 3127 306249 780 86407
http://localhost:3000/dbpedia2014-default 585 3127 306250 780 86407
http://localhost:3000/dbpedia2014-default 586 3127 306344 780 86432
http://localhost:3000/dbpedia2014-default 587 3127 307752 780 86810
http://localhost:3000/dbpedia2014-default 588 3127 309013 780 87166
http://localhost:3000/dbpedia2014-default 589 3127 309013 780 87166
http://localhost:3000/dbpedia2014-default 590 3127 309013 780 87166
http://localhost:3000/dbpedia2014-default 591 3127 309016 780 87166
http://localhost:3000/dbpedia2014-default 592 3127 309017 780 87166
http://localhost:3000/dbpedia2014-default 593 3127 309018 780 87166
http://localhost:3000/dbpedia2014-default 594 3127 309020 780 87166
http://localhost:3000/dbpedia2014-default 595 3127 309021 780 87166
http://localhost:3000/dbpedia2014-default 596 3127 309022 780 87166
http://localhost:3000/dbpedia2014-default 597 3127 309950 780 87384
http://localhost:3000/dbpedia2014-default 598 3127 309950 780 87384
http://localhost:3000/dbpedia2014-default 599 3127 309950 780 87384
http://localhost:3000/dbpedia2014-default 600 3127 309950 780 87384
http://localhost:3000/dbpedia2014-default 601 3127 309950 780 87384
http://localhost:3000/dbpedia2014-default 602 3127 309972 780 87392
http://localhost:3000/dbpedia2014-default 603 3127 310434 780 87499
http://localhost:3000/dbpedia2014-default 604 3127 312950 780 88227
http://localhost:3000/dbpedia2014-default 605 3127 313935 780 88550
http://localhost:3000/dbpedia2014-default 606 3127 314328 780 88659
http://localhost:3000/dbpedia2014-default 607 3127 314418 780 88681
http://localhost:3000/dbpedia2014-default 608 3127 316985 780 89397
http://localhost:3000/dbpedia2014-default 609 3127 316985 780 89397
http://localhost:3000/dbpedia2014-default 610 3127 317080 780 89423
http://localhost:3000/dbpedia2014-default 611 3127 317111 780 89432
http://localhost:3000/dbpedia2014-default 612 3127 317273 780 89480
http://localhost:3000/dbpedia2014-default 613 3127 317307 780 89486
http://localhost:3000/dbpedia2014-default 614 3127 317309 780 89486
http://localhost:3000/dbpedia2014-default 615 3127 317356 780 89500
http://localhost:3000/dbpedia2014-default 616 3127 317373 780 89505
http://localhost:3000/dbpedia2014-default 617 3127 317423 780 89519
http://localhost:3000/dbpedia2014-default 618 3127 323439 780 91061
http://localhost:3000/dbpedia2014-default 619 3127 323632 780 91105
http://localhost:3000/dbpedia2014-default 620 3127 323830 780 91162
http://localhost:3000/dbpedia2014-default 621 3127 323851 780 91168
http://localhost:3000/dbpedia2014-default 622 3127 323853 780 91168
http://localhost:3000/dbpedia2014-default 623 3127 323886 780 91177
http://localhost:3000/dbpedia2014-default 624 3127 323916 780 91183
http://localhost:3000/dbpedia2014-default 625 3127 323934 780 91188
http://localhost:3000/dbpedia2014-default 626 3127 323987 780 91202
http://localhost:3000/dbpedia2014-default 627 3127 325712 780 91673
http://localhost:3000/dbpedia2014-default 628 3127 325712 780 91673
http://localhost:3000/dbpedia2014-default 628 3127 325937 780 91734
DONE 1430403539591