START 1430402743097
fragment results first_time total_time first_http total_http
http://localhost:3000/dbpedia2014 1 3583 3583 780 780
http://localhost:3000/dbpedia2014 2 3583 3763 780 816
http://localhost:3000/dbpedia2014 3 3583 3764 780 816
http://localhost:3000/dbpedia2014 4 3583 3764 780 816
http://localhost:3000/dbpedia2014 5 3583 3765 780 816
http://localhost:3000/dbpedia2014 6 3583 5024 780 1123
http://localhost:3000/dbpedia2014 7 3583 5099 780 1142
http://localhost:3000/dbpedia2014 8 3583 5130 780 1150
http://localhost:3000/dbpedia2014 9 3583 5155 780 1155
http://localhost:3000/dbpedia2014 10 3583 5326 780 1195
http://localhost:3000/dbpedia2014 11 3583 5370 780 1204
http://localhost:3000/dbpedia2014 12 3583 5501 780 1235
http://localhost:3000/dbpedia2014 13 3583 7021 780 1635
http://localhost:3000/dbpedia2014 14 3583 7021 780 1635
http://localhost:3000/dbpedia2014 15 3583 7021 780 1635
http://localhost:3000/dbpedia2014 16 3583 7284 780 1702
http://localhost:3000/dbpedia2014 17 3583 7603 780 1782
http://localhost:3000/dbpedia2014 18 3583 7610 780 1782
http://localhost:3000/dbpedia2014 19 3583 8108 780 1926
http://localhost:3000/dbpedia2014 20 3583 8273 780 1975
http://localhost:3000/dbpedia2014 21 3583 28166 780 6087
http://localhost:3000/dbpedia2014 22 3583 30369 780 6698
http://localhost:3000/dbpedia2014 23 3583 32639 780 7311
http://localhost:3000/dbpedia2014 24 3583 39136 780 9161
http://localhost:3000/dbpedia2014 25 3583 39137 780 9161
http://localhost:3000/dbpedia2014 26 3583 39137 780 9161
http://localhost:3000/dbpedia2014 27 3583 39222 780 9168
http://localhost:3000/dbpedia2014 28 3583 39273 780 9181
http://localhost:3000/dbpedia2014 29 3583 39288 780 9185
http://localhost:3000/dbpedia2014 30 3583 39380 780 9210
http://localhost:3000/dbpedia2014 31 3583 39403 780 9215
http://localhost:3000/dbpedia2014 32 3583 39463 780 9220
http://localhost:3000/dbpedia2014 33 3583 39840 780 9322
http://localhost:3000/dbpedia2014 34 3583 40097 780 9393
http://localhost:3000/dbpedia2014 35 3583 40319 780 9451
http://localhost:3000/dbpedia2014 36 3583 40392 780 9472
http://localhost:3000/dbpedia2014 37 3583 40427 780 9481
http://localhost:3000/dbpedia2014 38 3583 40445 780 9485
http://localhost:3000/dbpedia2014 39 3583 40601 780 9514
http://localhost:3000/dbpedia2014 40 3583 41049 780 9658
http://localhost:3000/dbpedia2014 41 3583 41243 780 9705
http://localhost:3000/dbpedia2014 42 3583 41262 780 9710
http://localhost:3000/dbpedia2014 43 3583 41289 780 9717
http://localhost:3000/dbpedia2014 44 3583 41290 780 9717
http://localhost:3000/dbpedia2014 45 3583 41291 780 9717
http://localhost:3000/dbpedia2014 46 3583 43668 780 10383
http://localhost:3000/dbpedia2014 47 3583 43682 780 10388
http://localhost:3000/dbpedia2014 48 3583 43739 780 10401
http://localhost:3000/dbpedia2014 49 3583 43755 780 10406
http://localhost:3000/dbpedia2014 50 3583 43772 780 10411
http://localhost:3000/dbpedia2014 51 3583 43875 780 10440
http://localhost:3000/dbpedia2014 52 3583 43957 780 10462
http://localhost:3000/dbpedia2014 53 3583 44168 780 10533
http://localhost:3000/dbpedia2014 54 3583 44379 780 10596
http://localhost:3000/dbpedia2014 55 3583 44710 780 10688
http://localhost:3000/dbpedia2014 56 3583 44847 780 10731
http://localhost:3000/dbpedia2014 57 3583 45009 780 10773
http://localhost:3000/dbpedia2014 58 3583 45099 780 10795
http://localhost:3000/dbpedia2014 59 3583 45123 780 10800
http://localhost:3000/dbpedia2014 60 3583 45428 780 10875
http://localhost:3000/dbpedia2014 61 3583 45595 780 10911
http://localhost:3000/dbpedia2014 62 3583 45678 780 10933
http://localhost:3000/dbpedia2014 63 3583 64437 780 16222
http://localhost:3000/dbpedia2014 64 3583 64437 780 16222
http://localhost:3000/dbpedia2014 65 3583 64438 780 16222
http://localhost:3000/dbpedia2014 66 3583 64438 780 16222
http://localhost:3000/dbpedia2014 67 3583 64611 780 16250
http://localhost:3000/dbpedia2014 68 3583 64750 780 16285
http://localhost:3000/dbpedia2014 69 3583 64879 780 16322
http://localhost:3000/dbpedia2014 70 3583 64965 780 16344
http://localhost:3000/dbpedia2014 71 3583 65089 780 16380
http://localhost:3000/dbpedia2014 72 3583 70377 780 17839
http://localhost:3000/dbpedia2014 73 3583 70377 780 17839
http://localhost:3000/dbpedia2014 74 3583 70398 780 17839
http://localhost:3000/dbpedia2014 75 3583 70398 780 17839
http://localhost:3000/dbpedia2014 76 3583 70444 780 17848
http://localhost:3000/dbpedia2014 77 3583 70491 780 17861
http://localhost:3000/dbpedia2014 78 3583 70607 780 17892
http://localhost:3000/dbpedia2014 79 3583 70902 780 17965
http://localhost:3000/dbpedia2014 80 3583 70932 780 17975
http://localhost:3000/dbpedia2014 81 3583 71049 780 18004
http://localhost:3000/dbpedia2014 82 3583 71187 780 18039
http://localhost:3000/dbpedia2014 83 3583 71270 780 18061
http://localhost:3000/dbpedia2014 84 3583 71302 780 18070
http://localhost:3000/dbpedia2014 85 3583 74860 780 19001
http://localhost:3000/dbpedia2014 86 3583 75083 780 19057
http://localhost:3000/dbpedia2014 87 3583 75175 780 19079
http://localhost:3000/dbpedia2014 88 3583 75234 780 19094
http://localhost:3000/dbpedia2014 89 3583 75267 780 19103
http://localhost:3000/dbpedia2014 90 3583 76387 780 19381
http://localhost:3000/dbpedia2014 91 3583 76390 780 19381
http://localhost:3000/dbpedia2014 92 3583 76406 780 19384
http://localhost:3000/dbpedia2014 93 3583 78222 780 20045
http://localhost:3000/dbpedia2014 94 3583 79790 780 20475
http://localhost:3000/dbpedia2014 95 3583 81440 780 20890
http://localhost:3000/dbpedia2014 96 3583 81753 780 20952
http://localhost:3000/dbpedia2014 97 3583 85610 780 21978
http://localhost:3000/dbpedia2014 98 3583 86357 780 22171
http://localhost:3000/dbpedia2014 99 3583 86360 780 22171
http://localhost:3000/dbpedia2014 100 3583 86641 780 22264
http://localhost:3000/dbpedia2014 101 3583 87005 780 22367
http://localhost:3000/dbpedia2014 102 3583 87375 780 22489
http://localhost:3000/dbpedia2014 103 3583 87388 780 22492
http://localhost:3000/dbpedia2014 104 3583 89151 780 22928
http://localhost:3000/dbpedia2014 105 3583 89184 780 22934
http://localhost:3000/dbpedia2014 106 3583 89188 780 22934
http://localhost:3000/dbpedia2014 107 3583 89261 780 22949
http://localhost:3000/dbpedia2014 108 3583 89266 780 22949
http://localhost:3000/dbpedia2014 109 3583 89288 780 22954
http://localhost:3000/dbpedia2014 110 3583 89312 780 22960
http://localhost:3000/dbpedia2014 111 3583 89315 780 22960
http://localhost:3000/dbpedia2014 112 3583 89347 780 22966
http://localhost:3000/dbpedia2014 113 3583 89402 780 22980
http://localhost:3000/dbpedia2014 114 3583 89405 780 22980
http://localhost:3000/dbpedia2014 115 3583 89432 780 22986
http://localhost:3000/dbpedia2014 116 3583 89540 780 23014
http://localhost:3000/dbpedia2014 117 3583 89544 780 23014
http://localhost:3000/dbpedia2014 118 3583 89564 780 23020
http://localhost:3000/dbpedia2014 119 3583 89588 780 23025
http://localhost:3000/dbpedia2014 120 3583 89638 780 23037
http://localhost:3000/dbpedia2014 121 3583 89641 780 23037
http://localhost:3000/dbpedia2014 122 3583 89748 780 23065
http://localhost:3000/dbpedia2014 123 3583 89779 780 23074
http://localhost:3000/dbpedia2014 124 3583 89827 780 23087
http://localhost:3000/dbpedia2014 125 3583 89863 780 23096
http://localhost:3000/dbpedia2014 126 3583 89900 780 23107
http://localhost:3000/dbpedia2014 127 3583 89905 780 23107
http://localhost:3000/dbpedia2014 128 3583 89972 780 23120
http://localhost:3000/dbpedia2014 129 3583 89973 780 23120
http://localhost:3000/dbpedia2014 130 3583 90056 780 23144
http://localhost:3000/dbpedia2014 131 3583 90060 780 23144
http://localhost:3000/dbpedia2014 132 3583 90082 780 23150
http://localhost:3000/dbpedia2014 133 3583 90086 780 23150
http://localhost:3000/dbpedia2014 134 3583 99232 780 25523
http://localhost:3000/dbpedia2014 135 3583 99232 780 25523
http://localhost:3000/dbpedia2014 136 3583 99232 780 25523
http://localhost:3000/dbpedia2014 137 3583 99232 780 25523
http://localhost:3000/dbpedia2014 138 3583 99233 780 25523
http://localhost:3000/dbpedia2014 139 3583 99318 780 25542
http://localhost:3000/dbpedia2014 140 3583 99322 780 25542
http://localhost:3000/dbpedia2014 141 3583 99343 780 25548
http://localhost:3000/dbpedia2014 142 3583 99448 780 25575
http://localhost:3000/dbpedia2014 143 3583 99474 780 25581
http://localhost:3000/dbpedia2014 144 3583 99495 780 25586
http://localhost:3000/dbpedia2014 145 3583 99527 780 25596
http://localhost:3000/dbpedia2014 146 3583 99531 780 25596
http://localhost:3000/dbpedia2014 147 3583 99638 780 25623
http://localhost:3000/dbpedia2014 148 3583 99715 780 25644
http://localhost:3000/dbpedia2014 149 3583 99744 780 25653
http://localhost:3000/dbpedia2014 150 3583 99781 780 25663
http://localhost:3000/dbpedia2014 151 3583 99786 780 25663
http://localhost:3000/dbpedia2014 152 3583 99824 780 25674
http://localhost:3000/dbpedia2014 153 3583 99916 780 25696
http://localhost:3000/dbpedia2014 154 3583 99922 780 25696
http://localhost:3000/dbpedia2014 155 3583 99941 780 25702
http://localhost:3000/dbpedia2014 156 3583 99944 780 25702
http://localhost:3000/dbpedia2014 157 3583 104964 780 27028
http://localhost:3000/dbpedia2014 158 3583 106827 780 27465
http://localhost:3000/dbpedia2014 159 3583 106834 780 27465
http://localhost:3000/dbpedia2014 160 3583 106901 780 27480
http://localhost:3000/dbpedia2014 161 3583 107660 780 27615
http://localhost:3000/dbpedia2014 162 3583 108210 780 27740
http://localhost:3000/dbpedia2014 163 3583 114354 780 29150
http://localhost:3000/dbpedia2014 164 3583 116153 780 29493
http://localhost:3000/dbpedia2014 165 3583 117761 780 29835
http://localhost:3000/dbpedia2014 166 3583 117929 780 29875
http://localhost:3000/dbpedia2014 167 3583 119695 780 30254
http://localhost:3000/dbpedia2014 168 3583 120359 780 30407
http://localhost:3000/dbpedia2014 169 3583 121206 780 30583
http://localhost:3000/dbpedia2014 170 3583 129523 780 32513
http://localhost:3000/dbpedia2014 171 3583 139784 780 35315
http://localhost:3000/dbpedia2014 172 3583 139959 780 35357
http://localhost:3000/dbpedia2014 173 3583 146371 780 37202
http://localhost:3000/dbpedia2014 174 3583 154010 780 39198
http://localhost:3000/dbpedia2014 175 3583 157163 780 40163
http://localhost:3000/dbpedia2014 176 3583 159930 780 40895
http://localhost:3000/dbpedia2014 177 3583 159930 780 40895
http://localhost:3000/dbpedia2014 178 3583 159930 780 40895
http://localhost:3000/dbpedia2014 179 3583 160753 780 41135
http://localhost:3000/dbpedia2014 180 3583 162544 780 41670
http://localhost:3000/dbpedia2014 181 3583 163902 780 42033
http://localhost:3000/dbpedia2014 182 3583 164022 780 42066
http://localhost:3000/dbpedia2014 183 3583 164043 780 42071
http://localhost:3000/dbpedia2014 184 3583 164152 780 42098
http://localhost:3000/dbpedia2014 185 3583 164174 780 42104
http://localhost:3000/dbpedia2014 186 3583 164624 780 42235
http://localhost:3000/dbpedia2014 187 3583 164625 780 42235
http://localhost:3000/dbpedia2014 188 3583 164626 780 42235
http://localhost:3000/dbpedia2014 189 3583 164627 780 42235
http://localhost:3000/dbpedia2014 190 3583 164628 780 42235
http://localhost:3000/dbpedia2014 191 3583 164629 780 42235
http://localhost:3000/dbpedia2014 192 3583 164666 780 42235
http://localhost:3000/dbpedia2014 193 3583 164666 780 42235
http://localhost:3000/dbpedia2014 194 3583 164718 780 42248
http://localhost:3000/dbpedia2014 195 3583 165602 780 42505
http://localhost:3000/dbpedia2014 196 3583 165612 780 42505
http://localhost:3000/dbpedia2014 197 3583 165612 780 42505
http://localhost:3000/dbpedia2014 198 3583 165612 780 42505
http://localhost:3000/dbpedia2014 199 3583 166190 780 42694
http://localhost:3000/dbpedia2014 200 3583 167049 780 42933
http://localhost:3000/dbpedia2014 201 3583 167049 780 42933
http://localhost:3000/dbpedia2014 202 3583 167170 780 42963
http://localhost:3000/dbpedia2014 203 3583 167170 780 42963
http://localhost:3000/dbpedia2014 204 3583 167175 780 42963
http://localhost:3000/dbpedia2014 205 3583 167466 780 43064
http://localhost:3000/dbpedia2014 206 3583 167469 780 43064
http://localhost:3000/dbpedia2014 207 3583 167927 780 43207
http://localhost:3000/dbpedia2014 208 3583 170242 780 43801
http://localhost:3000/dbpedia2014 209 3583 170335 780 43818
http://localhost:3000/dbpedia2014 210 3583 171090 780 44046
http://localhost:3000/dbpedia2014 211 3583 183297 780 47237
http://localhost:3000/dbpedia2014 212 3583 183564 780 47315
http://localhost:3000/dbpedia2014 213 3583 184255 780 47492
http://localhost:3000/dbpedia2014 214 3583 184459 780 47509
http://localhost:3000/dbpedia2014 215 3583 185401 780 47795
http://localhost:3000/dbpedia2014 216 3583 185732 780 47872
http://localhost:3000/dbpedia2014 217 3583 185892 780 47911
http://localhost:3000/dbpedia2014 218 3583 185930 780 47920
http://localhost:3000/dbpedia2014 219 3583 186006 780 47942
http://localhost:3000/dbpedia2014 220 3583 187022 780 48188
http://localhost:3000/dbpedia2014 221 3583 187757 780 48403
http://localhost:3000/dbpedia2014 222 3583 189103 780 48821
http://localhost:3000/dbpedia2014 223 3583 189103 780 48821
http://localhost:3000/dbpedia2014 224 3583 189105 780 48821
http://localhost:3000/dbpedia2014 225 3583 189106 780 48821
http://localhost:3000/dbpedia2014 226 3583 189106 780 48821
http://localhost:3000/dbpedia2014 227 3583 189107 780 48821
http://localhost:3000/dbpedia2014 228 3583 189108 780 48821
http://localhost:3000/dbpedia2014 229 3583 189109 780 48821
http://localhost:3000/dbpedia2014 230 3583 189165 780 48821
http://localhost:3000/dbpedia2014 231 3583 189165 780 48821
http://localhost:3000/dbpedia2014 232 3583 189165 780 48821
http://localhost:3000/dbpedia2014 233 3583 189443 780 48893
http://localhost:3000/dbpedia2014 234 3583 191141 780 49426
http://localhost:3000/dbpedia2014 235 3583 191340 780 49475
http://localhost:3000/dbpedia2014 236 3583 191395 780 49488
http://localhost:3000/dbpedia2014 237 3583 191424 780 49494
http://localhost:3000/dbpedia2014 238 3583 191453 780 49500
http://localhost:3000/dbpedia2014 239 3583 191550 780 49522
http://localhost:3000/dbpedia2014 240 3583 191626 780 49541
http://localhost:3000/dbpedia2014 241 3583 191652 780 49551
http://localhost:3000/dbpedia2014 242 3583 192617 780 49769
http://localhost:3000/dbpedia2014 243 3583 192617 780 49769
http://localhost:3000/dbpedia2014 244 3583 192617 780 49769
http://localhost:3000/dbpedia2014 245 3583 192617 780 49769
http://localhost:3000/dbpedia2014 246 3583 193390 780 49979
http://localhost:3000/dbpedia2014 247 3583 195547 780 50605
http://localhost:3000/dbpedia2014 248 3583 195548 780 50605
http://localhost:3000/dbpedia2014 249 3583 196783 780 50930
http://localhost:3000/dbpedia2014 250 3583 196786 780 50930
http://localhost:3000/dbpedia2014 251 3583 196809 780 50936
http://localhost:3000/dbpedia2014 252 3583 196852 780 50942
http://localhost:3000/dbpedia2014 253 3583 196857 780 50942
http://localhost:3000/dbpedia2014 254 3583 196879 780 50949
http://localhost:3000/dbpedia2014 255 3583 196881 780 50949
http://localhost:3000/dbpedia2014 256 3583 196925 780 50959
http://localhost:3000/dbpedia2014 257 3583 196969 780 50970
http://localhost:3000/dbpedia2014 258 3583 197092 780 51000
http://localhost:3000/dbpedia2014 259 3583 197124 780 51006
http://localhost:3000/dbpedia2014 260 3583 197143 780 51011
http://localhost:3000/dbpedia2014 261 3583 197175 780 51021
http://localhost:3000/dbpedia2014 262 3583 197178 780 51021
http://localhost:3000/dbpedia2014 263 3583 197276 780 51046
http://localhost:3000/dbpedia2014 264 3583 197334 780 51061
http://localhost:3000/dbpedia2014 265 3583 197337 780 51061
http://localhost:3000/dbpedia2014 266 3583 197378 780 51072
http://localhost:3000/dbpedia2014 267 3583 197381 780 51072
http://localhost:3000/dbpedia2014 268 3583 197492 780 51097
http://localhost:3000/dbpedia2014 269 3583 197563 780 51115
http://localhost:3000/dbpedia2014 270 3583 197569 780 51115
http://localhost:3000/dbpedia2014 271 3583 197569 780 51115
http://localhost:3000/dbpedia2014 272 3583 204263 780 52949
http://localhost:3000/dbpedia2014 273 3583 204264 780 52949
http://localhost:3000/dbpedia2014 274 3583 204265 780 52949
http://localhost:3000/dbpedia2014 275 3583 204268 780 52949
http://localhost:3000/dbpedia2014 276 3583 204270 780 52949
http://localhost:3000/dbpedia2014 277 3583 204271 780 52949
http://localhost:3000/dbpedia2014 278 3583 204317 780 52949
http://localhost:3000/dbpedia2014 279 3583 204317 780 52949
http://localhost:3000/dbpedia2014 280 3583 204872 780 53088
http://localhost:3000/dbpedia2014 281 3583 204872 780 53088
http://localhost:3000/dbpedia2014 282 3583 204896 780 53088
http://localhost:3000/dbpedia2014 283 3583 205066 780 53135
http://localhost:3000/dbpedia2014 284 3583 205473 780 53248
http://localhost:3000/dbpedia2014 285 3583 205690 780 53308
http://localhost:3000/dbpedia2014 286 3583 206075 780 53408
http://localhost:3000/dbpedia2014 287 3583 206077 780 53408
http://localhost:3000/dbpedia2014 288 3583 206416 780 53484
http://localhost:3000/dbpedia2014 289 3583 207166 780 53661
http://localhost:3000/dbpedia2014 290 3583 207976 780 53880
http://localhost:3000/dbpedia2014 291 3583 207999 780 53886
http://localhost:3000/dbpedia2014 292 3583 208002 780 53886
http://localhost:3000/dbpedia2014 293 3583 208021 780 53891
http://localhost:3000/dbpedia2014 294 3583 208787 780 54113
http://localhost:3000/dbpedia2014 295 3583 209043 780 54180
http://localhost:3000/dbpedia2014 296 3583 210150 780 54513
http://localhost:3000/dbpedia2014 297 3583 210600 780 54633
http://localhost:3000/dbpedia2014 298 3583 210602 780 54633
http://localhost:3000/dbpedia2014 299 3583 212215 780 55124
http://localhost:3000/dbpedia2014 300 3583 212231 780 55127
http://localhost:3000/dbpedia2014 301 3583 213418 780 55447
http://localhost:3000/dbpedia2014 302 3583 214477 780 55699
http://localhost:3000/dbpedia2014 303 3583 215585 780 56016
http://localhost:3000/dbpedia2014 304 3583 215586 780 56016
http://localhost:3000/dbpedia2014 305 3583 215588 780 56016
http://localhost:3000/dbpedia2014 306 3583 215589 780 56016
http://localhost:3000/dbpedia2014 307 3583 216971 780 56350
http://localhost:3000/dbpedia2014 308 3583 216971 780 56350
http://localhost:3000/dbpedia2014 309 3583 216975 780 56350
http://localhost:3000/dbpedia2014 310 3583 216976 780 56350
http://localhost:3000/dbpedia2014 311 3583 220926 780 57405
http://localhost:3000/dbpedia2014 312 3583 220965 780 57415
http://localhost:3000/dbpedia2014 313 3583 221069 780 57439
http://localhost:3000/dbpedia2014 314 3583 221423 780 57541
http://localhost:3000/dbpedia2014 315 3583 221464 780 57549
http://localhost:3000/dbpedia2014 316 3583 221467 780 57549
http://localhost:3000/dbpedia2014 317 3583 221895 780 57671
http://localhost:3000/dbpedia2014 318 3583 222995 780 57974
http://localhost:3000/dbpedia2014 319 3583 223210 780 58021
http://localhost:3000/dbpedia2014 320 3583 223306 780 58048
http://localhost:3000/dbpedia2014 321 3583 223340 780 58057
http://localhost:3000/dbpedia2014 322 3583 223356 780 58062
http://localhost:3000/dbpedia2014 323 3583 224831 780 58415
http://localhost:3000/dbpedia2014 324 3583 224831 780 58415
http://localhost:3000/dbpedia2014 325 3583 224831 780 58415
http://localhost:3000/dbpedia2014 326 3583 224832 780 58415
http://localhost:3000/dbpedia2014 327 3583 224841 780 58419
http://localhost:3000/dbpedia2014 328 3583 226963 780 58956
http://localhost:3000/dbpedia2014 329 3583 226963 780 58956
http://localhost:3000/dbpedia2014 330 3583 226963 780 58956
http://localhost:3000/dbpedia2014 331 3583 226965 780 58956
http://localhost:3000/dbpedia2014 332 3583 226966 780 58956
http://localhost:3000/dbpedia2014 333 3583 226967 780 58956
http://localhost:3000/dbpedia2014 334 3583 226968 780 58956
http://localhost:3000/dbpedia2014 335 3583 226969 780 58956
http://localhost:3000/dbpedia2014 336 3583 226970 780 58956
http://localhost:3000/dbpedia2014 337 3583 226972 780 58956
http://localhost:3000/dbpedia2014 338 3583 226972 780 58956
http://localhost:3000/dbpedia2014 339 3583 226974 780 58956
http://localhost:3000/dbpedia2014 340 3583 226975 780 58956
http://localhost:3000/dbpedia2014 341 3583 226976 780 58956
http://localhost:3000/dbpedia2014 342 3583 228367 780 59282
http://localhost:3000/dbpedia2014 343 3583 228390 780 59288
http://localhost:3000/dbpedia2014 344 3583 228425 780 59298
http://localhost:3000/dbpedia2014 345 3583 228447 780 59304
http://localhost:3000/dbpedia2014 346 3583 228450 780 59304
http://localhost:3000/dbpedia2014 347 3583 228473 780 59310
http://localhost:3000/dbpedia2014 348 3583 228492 780 59316
http://localhost:3000/dbpedia2014 349 3583 228495 780 59316
http://localhost:3000/dbpedia2014 350 3583 228608 780 59345
http://localhost:3000/dbpedia2014 351 3583 228668 780 59355
http://localhost:3000/dbpedia2014 352 3583 228688 780 59360
http://localhost:3000/dbpedia2014 353 3583 230431 780 59781
http://localhost:3000/dbpedia2014 354 3583 230486 780 59791
http://localhost:3000/dbpedia2014 355 3583 230507 780 59798
http://localhost:3000/dbpedia2014 356 3583 230513 780 59798
http://localhost:3000/dbpedia2014 357 3583 230530 780 59803
http://localhost:3000/dbpedia2014 358 3583 230573 780 59816
http://localhost:3000/dbpedia2014 359 3583 230576 780 59816
http://localhost:3000/dbpedia2014 360 3583 230599 780 59823
http://localhost:3000/dbpedia2014 361 3583 230644 780 59836
http://localhost:3000/dbpedia2014 362 3583 230785 780 59871
http://localhost:3000/dbpedia2014 363 3583 230809 780 59877
http://localhost:3000/dbpedia2014 364 3583 230885 780 59896
http://localhost:3000/dbpedia2014 365 3583 230947 780 59910
http://localhost:3000/dbpedia2014 366 3583 230984 780 59920
http://localhost:3000/dbpedia2014 367 3583 231088 780 59941
http://localhost:3000/dbpedia2014 368 3583 231113 780 59946
http://localhost:3000/dbpedia2014 369 3583 237907 780 61620
http://localhost:3000/dbpedia2014 370 3583 237908 780 61620
http://localhost:3000/dbpedia2014 371 3583 237908 780 61620
http://localhost:3000/dbpedia2014 372 3583 237908 780 61620
http://localhost:3000/dbpedia2014 373 3583 237908 780 61620
http://localhost:3000/dbpedia2014 374 3583 237996 780 61645
http://localhost:3000/dbpedia2014 375 3583 237997 780 61645
http://localhost:3000/dbpedia2014 376 3583 238023 780 61653
http://localhost:3000/dbpedia2014 377 3583 238083 780 61669
http://localhost:3000/dbpedia2014 378 3583 238097 780 61673
http://localhost:3000/dbpedia2014 379 3583 239614 780 62046
http://localhost:3000/dbpedia2014 380 3583 239624 780 62052
http://localhost:3000/dbpedia2014 381 3583 239640 780 62055
http://localhost:3000/dbpedia2014 382 3583 239660 780 62059
http://localhost:3000/dbpedia2014 383 3583 239660 780 62059
http://localhost:3000/dbpedia2014 384 3583 239719 780 62079
http://localhost:3000/dbpedia2014 385 3583 239732 780 62079
http://localhost:3000/dbpedia2014 386 3583 239739 780 62079
http://localhost:3000/dbpedia2014 387 3583 241428 780 62579
http://localhost:3000/dbpedia2014 388 3583 241855 780 62704
http://localhost:3000/dbpedia2014 389 3583 241856 780 62704
http://localhost:3000/dbpedia2014 390 3583 241872 780 62704
http://localhost:3000/dbpedia2014 391 3583 241872 780 62704
http://localhost:3000/dbpedia2014 392 3583 242171 780 62781
http://localhost:3000/dbpedia2014 393 3583 242172 780 62781
http://localhost:3000/dbpedia2014 394 3583 242216 780 62781
http://localhost:3000/dbpedia2014 395 3583 244896 780 63560
http://localhost:3000/dbpedia2014 396 3583 244939 780 63572
http://localhost:3000/dbpedia2014 397 3583 245157 780 63617
http://localhost:3000/dbpedia2014 398 3583 247159 780 64154
http://localhost:3000/dbpedia2014 399 3583 247159 780 64154
http://localhost:3000/dbpedia2014 400 3583 247159 780 64154
http://localhost:3000/dbpedia2014 401 3583 247160 780 64154
http://localhost:3000/dbpedia2014 402 3583 248322 780 64439
http://localhost:3000/dbpedia2014 403 3583 248369 780 64449
http://localhost:3000/dbpedia2014 404 3583 248370 780 64449
http://localhost:3000/dbpedia2014 405 3583 248371 780 64449
http://localhost:3000/dbpedia2014 406 3583 248373 780 64449
http://localhost:3000/dbpedia2014 407 3583 248374 780 64449
http://localhost:3000/dbpedia2014 408 3583 248492 780 64460
http://localhost:3000/dbpedia2014 409 3583 248507 780 64464
http://localhost:3000/dbpedia2014 410 3583 248511 780 64464
http://localhost:3000/dbpedia2014 411 3583 248528 780 64468
http://localhost:3000/dbpedia2014 412 3583 248539 780 64472
http://localhost:3000/dbpedia2014 413 3583 248550 780 64473
http://localhost:3000/dbpedia2014 414 3583 249308 780 64663
http://localhost:3000/dbpedia2014 415 3583 249576 780 64723
http://localhost:3000/dbpedia2014 416 3583 249676 780 64746
http://localhost:3000/dbpedia2014 417 3583 250698 780 64963
http://localhost:3000/dbpedia2014 418 3583 250744 780 64976
http://localhost:3000/dbpedia2014 419 3583 250777 780 64985
http://localhost:3000/dbpedia2014 420 3583 250855 780 65003
http://localhost:3000/dbpedia2014 421 3583 250872 780 65003
http://localhost:3000/dbpedia2014 422 3583 250917 780 65015
http://localhost:3000/dbpedia2014 423 3583 250936 780 65020
http://localhost:3000/dbpedia2014 424 3583 250957 780 65025
http://localhost:3000/dbpedia2014 425 3583 251018 780 65040
http://localhost:3000/dbpedia2014 426 3583 251067 780 65051
http://localhost:3000/dbpedia2014 427 3583 251092 780 65056
http://localhost:3000/dbpedia2014 428 3583 251112 780 65062
http://localhost:3000/dbpedia2014 429 3583 251155 780 65068
http://localhost:3000/dbpedia2014 430 3583 251191 780 65079
http://localhost:3000/dbpedia2014 431 3583 251208 780 65079
http://localhost:3000/dbpedia2014 432 3583 251208 780 65079
http://localhost:3000/dbpedia2014 433 3583 251296 780 65101
http://localhost:3000/dbpedia2014 434 3583 254011 780 65804
http://localhost:3000/dbpedia2014 435 3583 254015 780 65804
http://localhost:3000/dbpedia2014 436 3583 254041 780 65811
http://localhost:3000/dbpedia2014 437 3583 254044 780 65811
http://localhost:3000/dbpedia2014 438 3583 254465 780 65911
http://localhost:3000/dbpedia2014 439 3583 254523 780 65930
http://localhost:3000/dbpedia2014 440 3583 254601 780 65960
http://localhost:3000/dbpedia2014 441 3583 254623 780 65965
http://localhost:3000/dbpedia2014 442 3583 254660 780 65976
http://localhost:3000/dbpedia2014 443 3583 254695 780 65982
http://localhost:3000/dbpedia2014 444 3583 254784 780 66000
http://localhost:3000/dbpedia2014 445 3583 254826 780 66011
http://localhost:3000/dbpedia2014 446 3583 254834 780 66014
http://localhost:3000/dbpedia2014 447 3583 254839 780 66014
http://localhost:3000/dbpedia2014 448 3583 255155 780 66053
http://localhost:3000/dbpedia2014 449 3583 255155 780 66053
http://localhost:3000/dbpedia2014 450 3583 255155 780 66053
http://localhost:3000/dbpedia2014 451 3583 255155 780 66053
http://localhost:3000/dbpedia2014 452 3583 255155 780 66053
http://localhost:3000/dbpedia2014 453 3583 255950 780 66307
http://localhost:3000/dbpedia2014 454 3583 255954 780 66307
http://localhost:3000/dbpedia2014 455 3583 255957 780 66307
http://localhost:3000/dbpedia2014 456 3583 255957 780 66307
http://localhost:3000/dbpedia2014 457 3583 255957 780 66307
http://localhost:3000/dbpedia2014 458 3583 255988 780 66320
http://localhost:3000/dbpedia2014 459 3583 256141 780 66353
http://localhost:3000/dbpedia2014 460 3583 256150 780 66357
http://localhost:3000/dbpedia2014 461 3583 256172 780 66359
http://localhost:3000/dbpedia2014 462 3583 256262 780 66379
http://localhost:3000/dbpedia2014 463 3583 256280 780 66384
http://localhost:3000/dbpedia2014 464 3583 256467 780 66423
http://localhost:3000/dbpedia2014 465 3583 256487 780 66429
http://localhost:3000/dbpedia2014 466 3583 256515 780 66435
http://localhost:3000/dbpedia2014 467 3583 256536 780 66441
http://localhost:3000/dbpedia2014 468 3583 256538 780 66441
http://localhost:3000/dbpedia2014 469 3583 256564 780 66448
http://localhost:3000/dbpedia2014 470 3583 256621 780 66464
http://localhost:3000/dbpedia2014 471 3583 256621 780 66464
http://localhost:3000/dbpedia2014 472 3583 256635 780 66469
http://localhost:3000/dbpedia2014 473 3583 263706 780 68194
http://localhost:3000/dbpedia2014 474 3583 263706 780 68194
http://localhost:3000/dbpedia2014 475 3583 263706 780 68194
http://localhost:3000/dbpedia2014 476 3583 263706 780 68194
http://localhost:3000/dbpedia2014 477 3583 263706 780 68194
http://localhost:3000/dbpedia2014 478 3583 263730 780 68200
http://localhost:3000/dbpedia2014 479 3583 263791 780 68215
http://localhost:3000/dbpedia2014 480 3583 263836 780 68225
http://localhost:3000/dbpedia2014 481 3583 264011 780 68268
http://localhost:3000/dbpedia2014 482 3583 264037 780 68273
http://localhost:3000/dbpedia2014 483 3583 264057 780 68280
http://localhost:3000/dbpedia2014 484 3583 264063 780 68280
http://localhost:3000/dbpedia2014 485 3583 264063 780 68280
http://localhost:3000/dbpedia2014 486 3583 264162 780 68301
http://localhost:3000/dbpedia2014 487 3583 264168 780 68301
http://localhost:3000/dbpedia2014 488 3583 266503 780 68596
http://localhost:3000/dbpedia2014 489 3583 275025 780 70815
http://localhost:3000/dbpedia2014 490 3583 275061 780 70820
http://localhost:3000/dbpedia2014 491 3583 275270 780 70876
http://localhost:3000/dbpedia2014 492 3583 275424 780 70916
http://localhost:3000/dbpedia2014 493 3583 275818 780 71023
http://localhost:3000/dbpedia2014 494 3583 275821 780 71023
http://localhost:3000/dbpedia2014 495 3583 275987 780 71065
http://localhost:3000/dbpedia2014 496 3583 283614 780 73093
http://localhost:3000/dbpedia2014 497 3583 283614 780 73093
http://localhost:3000/dbpedia2014 498 3583 283614 780 73093
http://localhost:3000/dbpedia2014 499 3583 283614 780 73093
http://localhost:3000/dbpedia2014 500 3583 283799 780 73145
http://localhost:3000/dbpedia2014 501 3583 283850 780 73159
http://localhost:3000/dbpedia2014 502 3583 287015 780 73953
http://localhost:3000/dbpedia2014 503 3583 287092 780 73971
http://localhost:3000/dbpedia2014 504 3583 287172 780 73991
http://localhost:3000/dbpedia2014 505 3583 287205 780 73996
http://localhost:3000/dbpedia2014 506 3583 287249 780 74006
http://localhost:3000/dbpedia2014 507 3583 287299 780 74019
http://localhost:3000/dbpedia2014 508 3583 287327 780 74025
http://localhost:3000/dbpedia2014 509 3583 287491 780 74069
http://localhost:3000/dbpedia2014 510 3583 287512 780 74075
http://localhost:3000/dbpedia2014 511 3583 287550 780 74084
http://localhost:3000/dbpedia2014 512 3583 287636 780 74106
http://localhost:3000/dbpedia2014 513 3583 287684 780 74119
http://localhost:3000/dbpedia2014 514 3583 287725 780 74129
http://localhost:3000/dbpedia2014 515 3583 287969 780 74190
http://localhost:3000/dbpedia2014 516 3583 288035 780 74211
http://localhost:3000/dbpedia2014 517 3583 288088 780 74225
http://localhost:3000/dbpedia2014 518 3583 288109 780 74230
http://localhost:3000/dbpedia2014 519 3583 288128 780 74235
http://localhost:3000/dbpedia2014 520 3583 288243 780 74266
http://localhost:3000/dbpedia2014 521 3583 288247 780 74266
http://localhost:3000/dbpedia2014 522 3583 288295 780 74275
http://localhost:3000/dbpedia2014 523 3583 288353 780 74291
http://localhost:3000/dbpedia2014 524 3583 288388 780 74296
http://localhost:3000/dbpedia2014 525 3583 301550 780 77708
http://localhost:3000/dbpedia2014 526 3583 301614 780 77724
http://localhost:3000/dbpedia2014 527 3583 301630 780 77728
http://localhost:3000/dbpedia2014 528 3583 302658 780 78030
http://localhost:3000/dbpedia2014 529 3583 302659 780 78030
http://localhost:3000/dbpedia2014 530 3583 302659 780 78030
http://localhost:3000/dbpedia2014 531 3583 302699 780 78030
http://localhost:3000/dbpedia2014 532 3583 302700 780 78030
http://localhost:3000/dbpedia2014 533 3583 302700 780 78030
http://localhost:3000/dbpedia2014 534 3583 303970 780 78425
http://localhost:3000/dbpedia2014 535 3583 304897 780 78680
http://localhost:3000/dbpedia2014 536 3583 304900 780 78680
http://localhost:3000/dbpedia2014 537 3583 305029 780 78701
http://localhost:3000/dbpedia2014 538 3583 306014 780 78981
http://localhost:3000/dbpedia2014 539 3583 306128 780 79001
http://localhost:3000/dbpedia2014 540 3583 306132 780 79001
http://localhost:3000/dbpedia2014 541 3583 306133 780 79001
http://localhost:3000/dbpedia2014 542 3583 306133 780 79001
http://localhost:3000/dbpedia2014 543 3583 306753 780 79175
http://localhost:3000/dbpedia2014 544 3583 307271 780 79318
http://localhost:3000/dbpedia2014 545 3583 307818 780 79485
http://localhost:3000/dbpedia2014 546 3583 313239 780 80899
http://localhost:3000/dbpedia2014 547 3583 314008 780 81072
http://localhost:3000/dbpedia2014 548 3583 314056 780 81083
http://localhost:3000/dbpedia2014 549 3583 314166 780 81112
http://localhost:3000/dbpedia2014 550 3583 314250 780 81133
http://localhost:3000/dbpedia2014 551 3583 314431 780 81184
http://localhost:3000/dbpedia2014 552 3583 321184 780 82910
http://localhost:3000/dbpedia2014 553 3583 321185 780 82910
http://localhost:3000/dbpedia2014 554 3583 321185 780 82910
http://localhost:3000/dbpedia2014 555 3583 321185 780 82910
http://localhost:3000/dbpedia2014 556 3583 321185 780 82910
http://localhost:3000/dbpedia2014 557 3583 321185 780 82910
http://localhost:3000/dbpedia2014 558 3583 321185 780 82910
http://localhost:3000/dbpedia2014 559 3583 321420 780 82975
http://localhost:3000/dbpedia2014 560 3583 321424 780 82975
http://localhost:3000/dbpedia2014 561 3583 321504 780 82993
http://localhost:3000/dbpedia2014 562 3583 321523 780 82998
http://localhost:3000/dbpedia2014 563 3583 321569 780 83011
http://localhost:3000/dbpedia2014 564 3583 321590 780 83016
http://localhost:3000/dbpedia2014 565 3583 321785 780 83065
http://localhost:3000/dbpedia2014 566 3583 321807 780 83071
http://localhost:3000/dbpedia2014 567 3583 321848 780 83081
http://localhost:3000/dbpedia2014 568 3583 321850 780 83081
http://localhost:3000/dbpedia2014 569 3583 322062 780 83133
http://localhost:3000/dbpedia2014 570 3583 322251 780 83164
http://localhost:3000/dbpedia2014 571 3583 322300 780 83173
http://localhost:3000/dbpedia2014 572 3583 322352 780 83190
http://localhost:3000/dbpedia2014 573 3583 322372 780 83195
http://localhost:3000/dbpedia2014 574 3583 322548 780 83245
http://localhost:3000/dbpedia2014 575 3583 322672 780 83272
http://localhost:3000/dbpedia2014 576 3583 322693 780 83277
http://localhost:3000/dbpedia2014 577 3583 322712 780 83282
http://localhost:3000/dbpedia2014 578 3583 332704 780 85833
http://localhost:3000/dbpedia2014 579 3583 334266 780 86229
http://localhost:3000/dbpedia2014 580 3583 334266 780 86229
http://localhost:3000/dbpedia2014 581 3583 334267 780 86229
http://localhost:3000/dbpedia2014 582 3583 334269 780 86229
http://localhost:3000/dbpedia2014 583 3583 335329 780 86483
http://localhost:3000/dbpedia2014 584 3583 335329 780 86483
http://localhost:3000/dbpedia2014 585 3583 335329 780 86483
http://localhost:3000/dbpedia2014 586 3583 335413 780 86508
http://localhost:3000/dbpedia2014 587 3583 336633 780 86885
http://localhost:3000/dbpedia2014 588 3583 336964 780 86990
http://localhost:3000/dbpedia2014 589 3583 337005 780 86999
http://localhost:3000/dbpedia2014 590 3583 337066 780 87016
http://localhost:3000/dbpedia2014 591 3583 337161 780 87043
http://localhost:3000/dbpedia2014 592 3583 337177 780 87051
http://localhost:3000/dbpedia2014 593 3583 337234 780 87071
http://localhost:3000/dbpedia2014 594 3583 337320 780 87100
http://localhost:3000/dbpedia2014 595 3583 337358 780 87109
http://localhost:3000/dbpedia2014 596 3583 337402 780 87120
http://localhost:3000/dbpedia2014 597 3583 338887 780 87454
http://localhost:3000/dbpedia2014 598 3583 338887 780 87454
http://localhost:3000/dbpedia2014 599 3583 338887 780 87454
http://localhost:3000/dbpedia2014 600 3583 338887 780 87454
http://localhost:3000/dbpedia2014 601 3583 338887 780 87454
http://localhost:3000/dbpedia2014 602 3583 338901 780 87458
http://localhost:3000/dbpedia2014 603 3583 339405 780 87565
http://localhost:3000/dbpedia2014 604 3583 342563 780 88293
http://localhost:3000/dbpedia2014 605 3583 344060 780 88616
http://localhost:3000/dbpedia2014 606 3583 344511 780 88740
http://localhost:3000/dbpedia2014 607 3583 344596 780 88762
http://localhost:3000/dbpedia2014 608 3583 347256 780 89479
http://localhost:3000/dbpedia2014 609 3583 347256 780 89479
http://localhost:3000/dbpedia2014 610 3583 347353 780 89505
http://localhost:3000/dbpedia2014 611 3583 347389 780 89514
http://localhost:3000/dbpedia2014 612 3583 347580 780 89562
http://localhost:3000/dbpedia2014 613 3583 347601 780 89568
http://localhost:3000/dbpedia2014 614 3583 347603 780 89568
http://localhost:3000/dbpedia2014 615 3583 347658 780 89582
http://localhost:3000/dbpedia2014 616 3583 347678 780 89587
http://localhost:3000/dbpedia2014 617 3583 347741 780 89601
http://localhost:3000/dbpedia2014 618 3583 353681 780 91142
http://localhost:3000/dbpedia2014 619 3583 353872 780 91186
http://localhost:3000/dbpedia2014 620 3583 354093 780 91243
http://localhost:3000/dbpedia2014 621 3583 354118 780 91249
http://localhost:3000/dbpedia2014 622 3583 354121 780 91249
http://localhost:3000/dbpedia2014 623 3583 354154 780 91258
http://localhost:3000/dbpedia2014 624 3583 354178 780 91264
http://localhost:3000/dbpedia2014 625 3583 354200 780 91269
http://localhost:3000/dbpedia2014 626 3583 354255 780 91283
http://localhost:3000/dbpedia2014 627 3583 355890 780 91735
http://localhost:3000/dbpedia2014 628 3583 355890 780 91735
http://localhost:3000/dbpedia2014 628 3583 356184 780 91802
DONE 1430403099321