START 1430393669843
fragment results first_time total_time first_http total_http
http://localhost:3000/dbpedia2014 1 2684 2684 794 794
http://localhost:3000/dbpedia2014 2 2684 2756 794 810
http://localhost:3000/dbpedia2014 3 2684 2757 794 810
http://localhost:3000/dbpedia2014 4 2684 2757 794 810
http://localhost:3000/dbpedia2014 5 2684 2758 794 810
http://localhost:3000/dbpedia2014 6 2684 3700 794 1121
http://localhost:3000/dbpedia2014 7 2684 3749 794 1140
http://localhost:3000/dbpedia2014 8 2684 3784 794 1154
http://localhost:3000/dbpedia2014 9 2684 3811 794 1159
http://localhost:3000/dbpedia2014 10 2684 3952 794 1199
http://localhost:3000/dbpedia2014 11 2684 3983 794 1208
http://localhost:3000/dbpedia2014 12 2684 4089 794 1238
http://localhost:3000/dbpedia2014 13 2684 5542 794 1638
http://localhost:3000/dbpedia2014 14 2684 5542 794 1638
http://localhost:3000/dbpedia2014 15 2684 5542 794 1638
http://localhost:3000/dbpedia2014 16 2684 5737 794 1697
http://localhost:3000/dbpedia2014 17 2684 5969 794 1786
http://localhost:3000/dbpedia2014 18 2684 5986 794 1786
http://localhost:3000/dbpedia2014 19 2684 6428 794 1929
http://localhost:3000/dbpedia2014 20 2684 6586 794 1978
http://localhost:3000/dbpedia2014 21 2684 19822 794 6068
http://localhost:3000/dbpedia2014 22 2684 21956 794 6679
http://localhost:3000/dbpedia2014 23 2684 24069 794 7292
http://localhost:3000/dbpedia2014 24 2684 30180 794 9076
http://localhost:3000/dbpedia2014 25 2684 30180 794 9076
http://localhost:3000/dbpedia2014 26 2684 30180 794 9076
http://localhost:3000/dbpedia2014 27 2684 30223 794 9082
http://localhost:3000/dbpedia2014 28 2684 30266 794 9095
http://localhost:3000/dbpedia2014 29 2684 30293 794 9103
http://localhost:3000/dbpedia2014 30 2684 30380 794 9124
http://localhost:3000/dbpedia2014 31 2684 30414 794 9133
http://localhost:3000/dbpedia2014 32 2684 30701 794 9180
http://localhost:3000/dbpedia2014 33 2684 30915 794 9246
http://localhost:3000/dbpedia2014 34 2684 31166 794 9317
http://localhost:3000/dbpedia2014 35 2684 31341 794 9367
http://localhost:3000/dbpedia2014 36 2684 31410 794 9388
http://localhost:3000/dbpedia2014 37 2684 31440 794 9397
http://localhost:3000/dbpedia2014 38 2684 31455 794 9401
http://localhost:3000/dbpedia2014 39 2684 31615 794 9430
http://localhost:3000/dbpedia2014 40 2684 32119 794 9574
http://localhost:3000/dbpedia2014 41 2684 32303 794 9621
http://localhost:3000/dbpedia2014 42 2684 32320 794 9626
http://localhost:3000/dbpedia2014 43 2684 32344 794 9633
http://localhost:3000/dbpedia2014 44 2684 32345 794 9633
http://localhost:3000/dbpedia2014 45 2684 32345 794 9633
http://localhost:3000/dbpedia2014 46 2684 34848 794 10299
http://localhost:3000/dbpedia2014 47 2684 34867 794 10304
http://localhost:3000/dbpedia2014 48 2684 34921 794 10317
http://localhost:3000/dbpedia2014 49 2684 34937 794 10322
http://localhost:3000/dbpedia2014 50 2684 34952 794 10327
http://localhost:3000/dbpedia2014 51 2684 35046 794 10356
http://localhost:3000/dbpedia2014 52 2684 35120 794 10378
http://localhost:3000/dbpedia2014 53 2684 35354 794 10449
http://localhost:3000/dbpedia2014 54 2684 35547 794 10512
http://localhost:3000/dbpedia2014 55 2684 35844 794 10604
http://localhost:3000/dbpedia2014 56 2684 35997 794 10647
http://localhost:3000/dbpedia2014 57 2684 36133 794 10689
http://localhost:3000/dbpedia2014 58 2684 36200 794 10711
http://localhost:3000/dbpedia2014 59 2684 36217 794 10716
http://localhost:3000/dbpedia2014 60 2684 36488 794 10791
http://localhost:3000/dbpedia2014 61 2684 36606 794 10827
http://localhost:3000/dbpedia2014 62 2684 36677 794 10849
http://localhost:3000/dbpedia2014 63 2684 54404 794 16138
http://localhost:3000/dbpedia2014 64 2684 54404 794 16138
http://localhost:3000/dbpedia2014 65 2684 54405 794 16138
http://localhost:3000/dbpedia2014 66 2684 54405 794 16138
http://localhost:3000/dbpedia2014 67 2684 54536 794 16166
http://localhost:3000/dbpedia2014 68 2684 54648 794 16201
http://localhost:3000/dbpedia2014 69 2684 54832 794 16238
http://localhost:3000/dbpedia2014 70 2684 54912 794 16260
http://localhost:3000/dbpedia2014 71 2684 55043 794 16296
http://localhost:3000/dbpedia2014 72 2684 59908 794 17755
http://localhost:3000/dbpedia2014 73 2684 59908 794 17755
http://localhost:3000/dbpedia2014 74 2684 59936 794 17755
http://localhost:3000/dbpedia2014 75 2684 59936 794 17755
http://localhost:3000/dbpedia2014 76 2684 59968 794 17764
http://localhost:3000/dbpedia2014 77 2684 60013 794 17777
http://localhost:3000/dbpedia2014 78 2684 60106 794 17808
http://localhost:3000/dbpedia2014 79 2684 60436 794 17881
http://localhost:3000/dbpedia2014 80 2684 60472 794 17891
http://localhost:3000/dbpedia2014 81 2684 60580 794 17920
http://localhost:3000/dbpedia2014 82 2684 60694 794 17955
http://localhost:3000/dbpedia2014 83 2684 60779 794 17977
http://localhost:3000/dbpedia2014 84 2684 60809 794 17986
http://localhost:3000/dbpedia2014 85 2684 64324 794 18917
http://localhost:3000/dbpedia2014 86 2684 64524 794 18973
http://localhost:3000/dbpedia2014 87 2684 64614 794 18995
http://localhost:3000/dbpedia2014 88 2684 64671 794 19010
http://localhost:3000/dbpedia2014 89 2684 64703 794 19019
http://localhost:3000/dbpedia2014 90 2684 65804 794 19305
http://localhost:3000/dbpedia2014 91 2684 65807 794 19305
http://localhost:3000/dbpedia2014 92 2684 65822 794 19308
http://localhost:3000/dbpedia2014 93 2684 67451 794 19959
http://localhost:3000/dbpedia2014 94 2684 68893 794 20389
http://localhost:3000/dbpedia2014 95 2684 70304 794 20804
http://localhost:3000/dbpedia2014 96 2684 70613 794 20866
http://localhost:3000/dbpedia2014 97 2684 74133 794 21895
http://localhost:3000/dbpedia2014 98 2684 74866 794 22096
http://localhost:3000/dbpedia2014 99 2684 74868 794 22096
http://localhost:3000/dbpedia2014 100 2684 75164 794 22187
http://localhost:3000/dbpedia2014 101 2684 75574 794 22290
http://localhost:3000/dbpedia2014 102 2684 76009 794 22412
http://localhost:3000/dbpedia2014 103 2684 76021 794 22415
http://localhost:3000/dbpedia2014 104 2684 77616 794 22850
http://localhost:3000/dbpedia2014 105 2684 77647 794 22856
http://localhost:3000/dbpedia2014 106 2684 77650 794 22856
http://localhost:3000/dbpedia2014 107 2684 77699 794 22871
http://localhost:3000/dbpedia2014 108 2684 77702 794 22871
http://localhost:3000/dbpedia2014 109 2684 77718 794 22876
http://localhost:3000/dbpedia2014 110 2684 77749 794 22882
http://localhost:3000/dbpedia2014 111 2684 77754 794 22882
http://localhost:3000/dbpedia2014 112 2684 77773 794 22888
http://localhost:3000/dbpedia2014 113 2684 77816 794 22902
http://localhost:3000/dbpedia2014 114 2684 77819 794 22902
http://localhost:3000/dbpedia2014 115 2684 77847 794 22908
http://localhost:3000/dbpedia2014 116 2684 77964 794 22936
http://localhost:3000/dbpedia2014 117 2684 77967 794 22936
http://localhost:3000/dbpedia2014 118 2684 77987 794 22942
http://localhost:3000/dbpedia2014 119 2684 78002 794 22947
http://localhost:3000/dbpedia2014 120 2684 78042 794 22959
http://localhost:3000/dbpedia2014 121 2684 78045 794 22959
http://localhost:3000/dbpedia2014 122 2684 78147 794 22987
http://localhost:3000/dbpedia2014 123 2684 78178 794 22996
http://localhost:3000/dbpedia2014 124 2684 78229 794 23009
http://localhost:3000/dbpedia2014 125 2684 78265 794 23018
http://localhost:3000/dbpedia2014 126 2684 78309 794 23029
http://localhost:3000/dbpedia2014 127 2684 78318 794 23029
http://localhost:3000/dbpedia2014 128 2684 78366 794 23042
http://localhost:3000/dbpedia2014 129 2684 78367 794 23042
http://localhost:3000/dbpedia2014 130 2684 78445 794 23066
http://localhost:3000/dbpedia2014 131 2684 78448 794 23066
http://localhost:3000/dbpedia2014 132 2684 78470 794 23072
http://localhost:3000/dbpedia2014 133 2684 78474 794 23072
http://localhost:3000/dbpedia2014 134 2684 87153 794 25445
http://localhost:3000/dbpedia2014 135 2684 87153 794 25445
http://localhost:3000/dbpedia2014 136 2684 87153 794 25445
http://localhost:3000/dbpedia2014 137 2684 87153 794 25445
http://localhost:3000/dbpedia2014 138 2684 87154 794 25445
http://localhost:3000/dbpedia2014 139 2684 87217 794 25463
http://localhost:3000/dbpedia2014 140 2684 87237 794 25469
http://localhost:3000/dbpedia2014 141 2684 87259 794 25475
http://localhost:3000/dbpedia2014 142 2684 87357 794 25503
http://localhost:3000/dbpedia2014 143 2684 87367 794 25503
http://localhost:3000/dbpedia2014 144 2684 87381 794 25508
http://localhost:3000/dbpedia2014 145 2684 87422 794 25518
http://localhost:3000/dbpedia2014 146 2684 87425 794 25518
http://localhost:3000/dbpedia2014 147 2684 87515 794 25545
http://localhost:3000/dbpedia2014 148 2684 87615 794 25570
http://localhost:3000/dbpedia2014 149 2684 87634 794 25575
http://localhost:3000/dbpedia2014 150 2684 87667 794 25584
http://localhost:3000/dbpedia2014 151 2684 87686 794 25589
http://localhost:3000/dbpedia2014 152 2684 87710 794 25596
http://localhost:3000/dbpedia2014 153 2684 87777 794 25618
http://localhost:3000/dbpedia2014 154 2684 87780 794 25618
http://localhost:3000/dbpedia2014 155 2684 87797 794 25624
http://localhost:3000/dbpedia2014 156 2684 87800 794 25624
http://localhost:3000/dbpedia2014 157 2684 92642 794 26951
http://localhost:3000/dbpedia2014 158 2684 94047 794 27388
http://localhost:3000/dbpedia2014 159 2684 94053 794 27388
http://localhost:3000/dbpedia2014 160 2684 94112 794 27403
http://localhost:3000/dbpedia2014 161 2684 94512 794 27538
http://localhost:3000/dbpedia2014 162 2684 94870 794 27663
http://localhost:3000/dbpedia2014 163 2684 99596 794 29073
http://localhost:3000/dbpedia2014 164 2684 100904 794 29416
http://localhost:3000/dbpedia2014 165 2684 102061 794 29757
http://localhost:3000/dbpedia2014 166 2684 102209 794 29798
http://localhost:3000/dbpedia2014 167 2684 103446 794 30177
http://localhost:3000/dbpedia2014 168 2684 103903 794 30330
http://localhost:3000/dbpedia2014 169 2684 104471 794 30506
http://localhost:3000/dbpedia2014 170 2684 111243 794 32436
http://localhost:3000/dbpedia2014 171 2684 120733 794 35238
http://localhost:3000/dbpedia2014 172 2684 120893 794 35280
http://localhost:3000/dbpedia2014 173 2684 126926 794 37125
http://localhost:3000/dbpedia2014 174 2684 133825 794 39122
http://localhost:3000/dbpedia2014 175 2684 136824 794 40115
http://localhost:3000/dbpedia2014 176 2684 139125 794 40786
http://localhost:3000/dbpedia2014 177 2684 139126 794 40786
http://localhost:3000/dbpedia2014 178 2684 139126 794 40786
http://localhost:3000/dbpedia2014 179 2684 139949 794 41026
http://localhost:3000/dbpedia2014 180 2684 141540 794 41561
http://localhost:3000/dbpedia2014 181 2684 142613 794 41924
http://localhost:3000/dbpedia2014 182 2684 142720 794 41957
http://localhost:3000/dbpedia2014 183 2684 142738 794 41962
http://localhost:3000/dbpedia2014 184 2684 142850 794 41989
http://localhost:3000/dbpedia2014 185 2684 142884 794 41995
http://localhost:3000/dbpedia2014 186 2684 143262 794 42126
http://localhost:3000/dbpedia2014 187 2684 143263 794 42126
http://localhost:3000/dbpedia2014 188 2684 143264 794 42126
http://localhost:3000/dbpedia2014 189 2684 143266 794 42126
http://localhost:3000/dbpedia2014 190 2684 143267 794 42126
http://localhost:3000/dbpedia2014 191 2684 143268 794 42126
http://localhost:3000/dbpedia2014 192 2684 143317 794 42126
http://localhost:3000/dbpedia2014 193 2684 143317 794 42126
http://localhost:3000/dbpedia2014 194 2684 143374 794 42139
http://localhost:3000/dbpedia2014 195 2684 144184 794 42396
http://localhost:3000/dbpedia2014 196 2684 144194 794 42396
http://localhost:3000/dbpedia2014 197 2684 144194 794 42396
http://localhost:3000/dbpedia2014 198 2684 144194 794 42396
http://localhost:3000/dbpedia2014 199 2684 144860 794 42584
http://localhost:3000/dbpedia2014 200 2684 145698 794 42824
http://localhost:3000/dbpedia2014 201 2684 145698 794 42824
http://localhost:3000/dbpedia2014 202 2684 145879 794 42854
http://localhost:3000/dbpedia2014 203 2684 145880 794 42854
http://localhost:3000/dbpedia2014 204 2684 145883 794 42854
http://localhost:3000/dbpedia2014 205 2684 146181 794 42955
http://localhost:3000/dbpedia2014 206 2684 146184 794 42955
http://localhost:3000/dbpedia2014 207 2684 146622 794 43098
http://localhost:3000/dbpedia2014 208 2684 148766 794 43692
http://localhost:3000/dbpedia2014 209 2684 148867 794 43709
http://localhost:3000/dbpedia2014 210 2684 149534 794 43937
http://localhost:3000/dbpedia2014 211 2684 160674 794 47125
http://localhost:3000/dbpedia2014 212 2684 160901 794 47203
http://localhost:3000/dbpedia2014 213 2684 161550 794 47380
http://localhost:3000/dbpedia2014 214 2684 161686 794 47397
http://localhost:3000/dbpedia2014 215 2684 162534 794 47682
http://localhost:3000/dbpedia2014 216 2684 162854 794 47760
http://localhost:3000/dbpedia2014 217 2684 162998 794 47799
http://localhost:3000/dbpedia2014 218 2684 163023 794 47808
http://localhost:3000/dbpedia2014 219 2684 163088 794 47830
http://localhost:3000/dbpedia2014 220 2684 164041 794 48076
http://localhost:3000/dbpedia2014 221 2684 164824 794 48291
http://localhost:3000/dbpedia2014 222 2684 166265 794 48709
http://localhost:3000/dbpedia2014 223 2684 166266 794 48709
http://localhost:3000/dbpedia2014 224 2684 166267 794 48709
http://localhost:3000/dbpedia2014 225 2684 166267 794 48709
http://localhost:3000/dbpedia2014 226 2684 166268 794 48709
http://localhost:3000/dbpedia2014 227 2684 166268 794 48709
http://localhost:3000/dbpedia2014 228 2684 166269 794 48709
http://localhost:3000/dbpedia2014 229 2684 166270 794 48709
http://localhost:3000/dbpedia2014 230 2684 166324 794 48709
http://localhost:3000/dbpedia2014 231 2684 166324 794 48709
http://localhost:3000/dbpedia2014 232 2684 166324 794 48709
http://localhost:3000/dbpedia2014 233 2684 166567 794 48781
http://localhost:3000/dbpedia2014 234 2684 168042 794 49300
http://localhost:3000/dbpedia2014 235 2684 168272 794 49363
http://localhost:3000/dbpedia2014 236 2684 168320 794 49376
http://localhost:3000/dbpedia2014 237 2684 168354 794 49382
http://localhost:3000/dbpedia2014 238 2684 168382 794 49388
http://localhost:3000/dbpedia2014 239 2684 168477 794 49411
http://localhost:3000/dbpedia2014 240 2684 168544 794 49430
http://localhost:3000/dbpedia2014 241 2684 168577 794 49439
http://localhost:3000/dbpedia2014 242 2684 169490 794 49655
http://localhost:3000/dbpedia2014 243 2684 169490 794 49655
http://localhost:3000/dbpedia2014 244 2684 169491 794 49655
http://localhost:3000/dbpedia2014 245 2684 169491 794 49655
http://localhost:3000/dbpedia2014 246 2684 170188 794 49865
http://localhost:3000/dbpedia2014 247 2684 172024 794 50491
http://localhost:3000/dbpedia2014 248 2684 172025 794 50491
http://localhost:3000/dbpedia2014 249 2684 173151 794 50816
http://localhost:3000/dbpedia2014 250 2684 173154 794 50816
http://localhost:3000/dbpedia2014 251 2684 173189 794 50822
http://localhost:3000/dbpedia2014 252 2684 173222 794 50828
http://localhost:3000/dbpedia2014 253 2684 173224 794 50828
http://localhost:3000/dbpedia2014 254 2684 173242 794 50835
http://localhost:3000/dbpedia2014 255 2684 173246 794 50835
http://localhost:3000/dbpedia2014 256 2684 173279 794 50845
http://localhost:3000/dbpedia2014 257 2684 173320 794 50856
http://localhost:3000/dbpedia2014 258 2684 173430 794 50886
http://localhost:3000/dbpedia2014 259 2684 173471 794 50892
http://localhost:3000/dbpedia2014 260 2684 173491 794 50897
http://localhost:3000/dbpedia2014 261 2684 173519 794 50907
http://localhost:3000/dbpedia2014 262 2684 173522 794 50907
http://localhost:3000/dbpedia2014 263 2684 173596 794 50932
http://localhost:3000/dbpedia2014 264 2684 173647 794 50947
http://localhost:3000/dbpedia2014 265 2684 173651 794 50947
http://localhost:3000/dbpedia2014 266 2684 173691 794 50958
http://localhost:3000/dbpedia2014 267 2684 173694 794 50958
http://localhost:3000/dbpedia2014 268 2684 173798 794 50983
http://localhost:3000/dbpedia2014 269 2684 173861 794 51001
http://localhost:3000/dbpedia2014 270 2684 173868 794 51001
http://localhost:3000/dbpedia2014 271 2684 173868 794 51001
http://localhost:3000/dbpedia2014 272 2684 180734 794 52835
http://localhost:3000/dbpedia2014 273 2684 180735 794 52835
http://localhost:3000/dbpedia2014 274 2684 180736 794 52835
http://localhost:3000/dbpedia2014 275 2684 180738 794 52835
http://localhost:3000/dbpedia2014 276 2684 180750 794 52835
http://localhost:3000/dbpedia2014 277 2684 180751 794 52835
http://localhost:3000/dbpedia2014 278 2684 180809 794 52835
http://localhost:3000/dbpedia2014 279 2684 180809 794 52835
http://localhost:3000/dbpedia2014 280 2684 181330 794 52972
http://localhost:3000/dbpedia2014 281 2684 181331 794 52972
http://localhost:3000/dbpedia2014 282 2684 181354 794 52972
http://localhost:3000/dbpedia2014 283 2684 181547 794 53019
http://localhost:3000/dbpedia2014 284 2684 181922 794 53130
http://localhost:3000/dbpedia2014 285 2684 182161 794 53194
http://localhost:3000/dbpedia2014 286 2684 182506 794 53294
http://localhost:3000/dbpedia2014 287 2684 182508 794 53294
http://localhost:3000/dbpedia2014 288 2684 182838 794 53370
http://localhost:3000/dbpedia2014 289 2684 183431 794 53547
http://localhost:3000/dbpedia2014 290 2684 184228 794 53766
http://localhost:3000/dbpedia2014 291 2684 184250 794 53772
http://localhost:3000/dbpedia2014 292 2684 184254 794 53772
http://localhost:3000/dbpedia2014 293 2684 184273 794 53777
http://localhost:3000/dbpedia2014 294 2684 185014 794 53999
http://localhost:3000/dbpedia2014 295 2684 185270 794 54066
http://localhost:3000/dbpedia2014 296 2684 186243 794 54399
http://localhost:3000/dbpedia2014 297 2684 186621 794 54519
http://localhost:3000/dbpedia2014 298 2684 186623 794 54519
http://localhost:3000/dbpedia2014 299 2684 188068 794 55010
http://localhost:3000/dbpedia2014 300 2684 188081 794 55013
http://localhost:3000/dbpedia2014 301 2684 189184 794 55333
http://localhost:3000/dbpedia2014 302 2684 190322 794 55590
http://localhost:3000/dbpedia2014 303 2684 191361 794 55902
http://localhost:3000/dbpedia2014 304 2684 191362 794 55902
http://localhost:3000/dbpedia2014 305 2684 191364 794 55902
http://localhost:3000/dbpedia2014 306 2684 191365 794 55902
http://localhost:3000/dbpedia2014 307 2684 192667 794 56236
http://localhost:3000/dbpedia2014 308 2684 192667 794 56236
http://localhost:3000/dbpedia2014 309 2684 192672 794 56236
http://localhost:3000/dbpedia2014 310 2684 192673 794 56236
http://localhost:3000/dbpedia2014 311 2684 196420 794 57293
http://localhost:3000/dbpedia2014 312 2684 196456 794 57303
http://localhost:3000/dbpedia2014 313 2684 196535 794 57327
http://localhost:3000/dbpedia2014 314 2684 196902 794 57428
http://localhost:3000/dbpedia2014 315 2684 196932 794 57435
http://localhost:3000/dbpedia2014 316 2684 196943 794 57437
http://localhost:3000/dbpedia2014 317 2684 197363 794 57559
http://localhost:3000/dbpedia2014 318 2684 198569 794 57861
http://localhost:3000/dbpedia2014 319 2684 198775 794 57908
http://localhost:3000/dbpedia2014 320 2684 198861 794 57935
http://localhost:3000/dbpedia2014 321 2684 198889 794 57944
http://localhost:3000/dbpedia2014 322 2684 198908 794 57949
http://localhost:3000/dbpedia2014 323 2684 200318 794 58302
http://localhost:3000/dbpedia2014 324 2684 200318 794 58302
http://localhost:3000/dbpedia2014 325 2684 200318 794 58302
http://localhost:3000/dbpedia2014 326 2684 200318 794 58302
http://localhost:3000/dbpedia2014 327 2684 200326 794 58306
http://localhost:3000/dbpedia2014 328 2684 202408 794 58843
http://localhost:3000/dbpedia2014 329 2684 202408 794 58843
http://localhost:3000/dbpedia2014 330 2684 202408 794 58843
http://localhost:3000/dbpedia2014 331 2684 202409 794 58843
http://localhost:3000/dbpedia2014 332 2684 202410 794 58843
http://localhost:3000/dbpedia2014 333 2684 202411 794 58843
http://localhost:3000/dbpedia2014 334 2684 202412 794 58843
http://localhost:3000/dbpedia2014 335 2684 202413 794 58843
http://localhost:3000/dbpedia2014 336 2684 202413 794 58843
http://localhost:3000/dbpedia2014 337 2684 202415 794 58843
http://localhost:3000/dbpedia2014 338 2684 202416 794 58843
http://localhost:3000/dbpedia2014 339 2684 202417 794 58843
http://localhost:3000/dbpedia2014 340 2684 202418 794 58843
http://localhost:3000/dbpedia2014 341 2684 202419 794 58843
http://localhost:3000/dbpedia2014 342 2684 203717 794 59169
http://localhost:3000/dbpedia2014 343 2684 203748 794 59175
http://localhost:3000/dbpedia2014 344 2684 203778 794 59185
http://localhost:3000/dbpedia2014 345 2684 203799 794 59191
http://localhost:3000/dbpedia2014 346 2684 203801 794 59191
http://localhost:3000/dbpedia2014 347 2684 203836 794 59197
http://localhost:3000/dbpedia2014 348 2684 203857 794 59203
http://localhost:3000/dbpedia2014 349 2684 203859 794 59203
http://localhost:3000/dbpedia2014 350 2684 203958 794 59232
http://localhost:3000/dbpedia2014 351 2684 203996 794 59242
http://localhost:3000/dbpedia2014 352 2684 204028 794 59247
http://localhost:3000/dbpedia2014 353 2684 205566 794 59668
http://localhost:3000/dbpedia2014 354 2684 205621 794 59678
http://localhost:3000/dbpedia2014 355 2684 205645 794 59685
http://localhost:3000/dbpedia2014 356 2684 205651 794 59685
http://localhost:3000/dbpedia2014 357 2684 205670 794 59690
http://localhost:3000/dbpedia2014 358 2684 205721 794 59703
http://localhost:3000/dbpedia2014 359 2684 205723 794 59703
http://localhost:3000/dbpedia2014 360 2684 205746 794 59710
http://localhost:3000/dbpedia2014 361 2684 205798 794 59723
http://localhost:3000/dbpedia2014 362 2684 205949 794 59758
http://localhost:3000/dbpedia2014 363 2684 205972 794 59764
http://localhost:3000/dbpedia2014 364 2684 206041 794 59783
http://localhost:3000/dbpedia2014 365 2684 206092 794 59797
http://localhost:3000/dbpedia2014 366 2684 206127 794 59807
http://localhost:3000/dbpedia2014 367 2684 206221 794 59828
http://localhost:3000/dbpedia2014 368 2684 206242 794 59833
http://localhost:3000/dbpedia2014 369 2684 212479 794 61507
http://localhost:3000/dbpedia2014 370 2684 212479 794 61507
http://localhost:3000/dbpedia2014 371 2684 212479 794 61507
http://localhost:3000/dbpedia2014 372 2684 212480 794 61507
http://localhost:3000/dbpedia2014 373 2684 212480 794 61507
http://localhost:3000/dbpedia2014 374 2684 212568 794 61532
http://localhost:3000/dbpedia2014 375 2684 212569 794 61532
http://localhost:3000/dbpedia2014 376 2684 212597 794 61540
http://localhost:3000/dbpedia2014 377 2684 212665 794 61556
http://localhost:3000/dbpedia2014 378 2684 212679 794 61560
http://localhost:3000/dbpedia2014 379 2684 214122 794 61940
http://localhost:3000/dbpedia2014 380 2684 214136 794 61940
http://localhost:3000/dbpedia2014 381 2684 214163 794 61946
http://localhost:3000/dbpedia2014 382 2684 214178 794 61950
http://localhost:3000/dbpedia2014 383 2684 214178 794 61950
http://localhost:3000/dbpedia2014 384 2684 214238 794 61966
http://localhost:3000/dbpedia2014 385 2684 214257 794 61966
http://localhost:3000/dbpedia2014 386 2684 214264 794 61966
http://localhost:3000/dbpedia2014 387 2684 215980 794 62466
http://localhost:3000/dbpedia2014 388 2684 216347 794 62591
http://localhost:3000/dbpedia2014 389 2684 216357 794 62591
http://localhost:3000/dbpedia2014 390 2684 216369 794 62591
http://localhost:3000/dbpedia2014 391 2684 216369 794 62591
http://localhost:3000/dbpedia2014 392 2684 216705 794 62668
http://localhost:3000/dbpedia2014 393 2684 216705 794 62668
http://localhost:3000/dbpedia2014 394 2684 216734 794 62668
http://localhost:3000/dbpedia2014 395 2684 219363 794 63447
http://localhost:3000/dbpedia2014 396 2684 219419 794 63459
http://localhost:3000/dbpedia2014 397 2684 219575 794 63504
http://localhost:3000/dbpedia2014 398 2684 221231 794 64043
http://localhost:3000/dbpedia2014 399 2684 221231 794 64043
http://localhost:3000/dbpedia2014 400 2684 221231 794 64043
http://localhost:3000/dbpedia2014 401 2684 221231 794 64043
http://localhost:3000/dbpedia2014 402 2684 222222 794 64328
http://localhost:3000/dbpedia2014 403 2684 222281 794 64342
http://localhost:3000/dbpedia2014 404 2684 222282 794 64342
http://localhost:3000/dbpedia2014 405 2684 222283 794 64342
http://localhost:3000/dbpedia2014 406 2684 222285 794 64342
http://localhost:3000/dbpedia2014 407 2684 222287 794 64342
http://localhost:3000/dbpedia2014 408 2684 222435 794 64353
http://localhost:3000/dbpedia2014 409 2684 222449 794 64357
http://localhost:3000/dbpedia2014 410 2684 222452 794 64357
http://localhost:3000/dbpedia2014 411 2684 222466 794 64361
http://localhost:3000/dbpedia2014 412 2684 222474 794 64365
http://localhost:3000/dbpedia2014 413 2684 222484 794 64366
http://localhost:3000/dbpedia2014 414 2684 223089 794 64556
http://localhost:3000/dbpedia2014 415 2684 223278 794 64616
http://localhost:3000/dbpedia2014 416 2684 223364 794 64639
http://localhost:3000/dbpedia2014 417 2684 224041 794 64856
http://localhost:3000/dbpedia2014 418 2684 224081 794 64869
http://localhost:3000/dbpedia2014 419 2684 224112 794 64878
http://localhost:3000/dbpedia2014 420 2684 224169 794 64896
http://localhost:3000/dbpedia2014 421 2684 224172 794 64896
http://localhost:3000/dbpedia2014 422 2684 224225 794 64908
http://localhost:3000/dbpedia2014 423 2684 224243 794 64913
http://localhost:3000/dbpedia2014 424 2684 224265 794 64918
http://localhost:3000/dbpedia2014 425 2684 224319 794 64933
http://localhost:3000/dbpedia2014 426 2684 224359 794 64944
http://localhost:3000/dbpedia2014 427 2684 224377 794 64949
http://localhost:3000/dbpedia2014 428 2684 224397 794 64955
http://localhost:3000/dbpedia2014 429 2684 224418 794 64961
http://localhost:3000/dbpedia2014 430 2684 224450 794 64972
http://localhost:3000/dbpedia2014 431 2684 224457 794 64972
http://localhost:3000/dbpedia2014 432 2684 224457 794 64972
http://localhost:3000/dbpedia2014 433 2684 224546 794 64994
http://localhost:3000/dbpedia2014 434 2684 227064 794 65689
http://localhost:3000/dbpedia2014 435 2684 227068 794 65689
http://localhost:3000/dbpedia2014 436 2684 227094 794 65696
http://localhost:3000/dbpedia2014 437 2684 227100 794 65696
http://localhost:3000/dbpedia2014 438 2684 227482 794 65804
http://localhost:3000/dbpedia2014 439 2684 227530 794 65823
http://localhost:3000/dbpedia2014 440 2684 227608 794 65853
http://localhost:3000/dbpedia2014 441 2684 227616 794 65858
http://localhost:3000/dbpedia2014 442 2684 227650 794 65869
http://localhost:3000/dbpedia2014 443 2684 227667 794 65875
http://localhost:3000/dbpedia2014 444 2684 227727 794 65893
http://localhost:3000/dbpedia2014 445 2684 227775 794 65904
http://localhost:3000/dbpedia2014 446 2684 227785 794 65907
http://localhost:3000/dbpedia2014 447 2684 227790 794 65907
http://localhost:3000/dbpedia2014 448 2684 228045 794 65946
http://localhost:3000/dbpedia2014 449 2684 228045 794 65946
http://localhost:3000/dbpedia2014 450 2684 228045 794 65946
http://localhost:3000/dbpedia2014 451 2684 228045 794 65946
http://localhost:3000/dbpedia2014 452 2684 228045 794 65946
http://localhost:3000/dbpedia2014 453 2684 228996 794 66192
http://localhost:3000/dbpedia2014 454 2684 229000 794 66192
http://localhost:3000/dbpedia2014 455 2684 229005 794 66192
http://localhost:3000/dbpedia2014 456 2684 229005 794 66192
http://localhost:3000/dbpedia2014 457 2684 229005 794 66192
http://localhost:3000/dbpedia2014 458 2684 229053 794 66205
http://localhost:3000/dbpedia2014 459 2684 229174 794 66238
http://localhost:3000/dbpedia2014 460 2684 229185 794 66242
http://localhost:3000/dbpedia2014 461 2684 229219 794 66244
http://localhost:3000/dbpedia2014 462 2684 229310 794 66264
http://localhost:3000/dbpedia2014 463 2684 229335 794 66269
http://localhost:3000/dbpedia2014 464 2684 229554 794 66308
http://localhost:3000/dbpedia2014 465 2684 229575 794 66314
http://localhost:3000/dbpedia2014 466 2684 229594 794 66320
http://localhost:3000/dbpedia2014 467 2684 229614 794 66326
http://localhost:3000/dbpedia2014 468 2684 229616 794 66326
http://localhost:3000/dbpedia2014 469 2684 229639 794 66333
http://localhost:3000/dbpedia2014 470 2684 229706 794 66349
http://localhost:3000/dbpedia2014 471 2684 229709 794 66349
http://localhost:3000/dbpedia2014 472 2684 229730 794 66354
http://localhost:3000/dbpedia2014 473 2684 236274 794 68079
http://localhost:3000/dbpedia2014 474 2684 236274 794 68079
http://localhost:3000/dbpedia2014 475 2684 236274 794 68079
http://localhost:3000/dbpedia2014 476 2684 236274 794 68079
http://localhost:3000/dbpedia2014 477 2684 236275 794 68079
http://localhost:3000/dbpedia2014 478 2684 236294 794 68085
http://localhost:3000/dbpedia2014 479 2684 236340 794 68100
http://localhost:3000/dbpedia2014 480 2684 236367 794 68110
http://localhost:3000/dbpedia2014 481 2684 236535 794 68153
http://localhost:3000/dbpedia2014 482 2684 236557 794 68158
http://localhost:3000/dbpedia2014 483 2684 236581 794 68165
http://localhost:3000/dbpedia2014 484 2684 236588 794 68165
http://localhost:3000/dbpedia2014 485 2684 236591 794 68165
http://localhost:3000/dbpedia2014 486 2684 236667 794 68186
http://localhost:3000/dbpedia2014 487 2684 236670 794 68186
http://localhost:3000/dbpedia2014 488 2684 237783 794 68481
http://localhost:3000/dbpedia2014 489 2684 245273 794 70699
http://localhost:3000/dbpedia2014 490 2684 245297 794 70704
http://localhost:3000/dbpedia2014 491 2684 245489 794 70760
http://localhost:3000/dbpedia2014 492 2684 245621 794 70800
http://localhost:3000/dbpedia2014 493 2684 245980 794 70907
http://localhost:3000/dbpedia2014 494 2684 245985 794 70907
http://localhost:3000/dbpedia2014 495 2684 246118 794 70949
http://localhost:3000/dbpedia2014 496 2684 252917 794 72977
http://localhost:3000/dbpedia2014 497 2684 252917 794 72977
http://localhost:3000/dbpedia2014 498 2684 252917 794 72977
http://localhost:3000/dbpedia2014 499 2684 252918 794 72977
http://localhost:3000/dbpedia2014 500 2684 253171 794 73029
http://localhost:3000/dbpedia2014 501 2684 253218 794 73043
http://localhost:3000/dbpedia2014 502 2684 256169 794 73837
http://localhost:3000/dbpedia2014 503 2684 256251 794 73855
http://localhost:3000/dbpedia2014 504 2684 256330 794 73875
http://localhost:3000/dbpedia2014 505 2684 256348 794 73880
http://localhost:3000/dbpedia2014 506 2684 256386 794 73890
http://localhost:3000/dbpedia2014 507 2684 256431 794 73903
http://localhost:3000/dbpedia2014 508 2684 256454 794 73909
http://localhost:3000/dbpedia2014 509 2684 256627 794 73953
http://localhost:3000/dbpedia2014 510 2684 256648 794 73959
http://localhost:3000/dbpedia2014 511 2684 256680 794 73968
http://localhost:3000/dbpedia2014 512 2684 256760 794 73990
http://localhost:3000/dbpedia2014 513 2684 256820 794 74003
http://localhost:3000/dbpedia2014 514 2684 256860 794 74013
http://localhost:3000/dbpedia2014 515 2684 257065 794 74074
http://localhost:3000/dbpedia2014 516 2684 257150 794 74095
http://localhost:3000/dbpedia2014 517 2684 257193 794 74109
http://localhost:3000/dbpedia2014 518 2684 257215 794 74114
http://localhost:3000/dbpedia2014 519 2684 257233 794 74119
http://localhost:3000/dbpedia2014 520 2684 257342 794 74150
http://localhost:3000/dbpedia2014 521 2684 257344 794 74150
http://localhost:3000/dbpedia2014 522 2684 257391 794 74159
http://localhost:3000/dbpedia2014 523 2684 257445 794 74175
http://localhost:3000/dbpedia2014 524 2684 257464 794 74180
http://localhost:3000/dbpedia2014 525 2684 269827 794 77592
http://localhost:3000/dbpedia2014 526 2684 269898 794 77608
http://localhost:3000/dbpedia2014 527 2684 269914 794 77612
http://localhost:3000/dbpedia2014 528 2684 270878 794 77915
http://localhost:3000/dbpedia2014 529 2684 270879 794 77915
http://localhost:3000/dbpedia2014 530 2684 270879 794 77915
http://localhost:3000/dbpedia2014 531 2684 270906 794 77915
http://localhost:3000/dbpedia2014 532 2684 270906 794 77915
http://localhost:3000/dbpedia2014 533 2684 270906 794 77915
http://localhost:3000/dbpedia2014 534 2684 272209 794 78318
http://localhost:3000/dbpedia2014 535 2684 273107 794 78573
http://localhost:3000/dbpedia2014 536 2684 273108 794 78573
http://localhost:3000/dbpedia2014 537 2684 273208 794 78594
http://localhost:3000/dbpedia2014 538 2684 274078 794 78866
http://localhost:3000/dbpedia2014 539 2684 274179 794 78886
http://localhost:3000/dbpedia2014 540 2684 274184 794 78886
http://localhost:3000/dbpedia2014 541 2684 274188 794 78886
http://localhost:3000/dbpedia2014 542 2684 274189 794 78886
http://localhost:3000/dbpedia2014 543 2684 274757 794 79068
http://localhost:3000/dbpedia2014 544 2684 275255 794 79211
http://localhost:3000/dbpedia2014 545 2684 275986 794 79378
http://localhost:3000/dbpedia2014 546 2684 280079 794 80784
http://localhost:3000/dbpedia2014 547 2684 280772 794 80957
http://localhost:3000/dbpedia2014 548 2684 280816 794 80968
http://localhost:3000/dbpedia2014 549 2684 280931 794 80997
http://localhost:3000/dbpedia2014 550 2684 281005 794 81018
http://localhost:3000/dbpedia2014 551 2684 281193 794 81069
http://localhost:3000/dbpedia2014 552 2684 287304 794 82795
http://localhost:3000/dbpedia2014 553 2684 287304 794 82795
http://localhost:3000/dbpedia2014 554 2684 287304 794 82795
http://localhost:3000/dbpedia2014 555 2684 287304 794 82795
http://localhost:3000/dbpedia2014 556 2684 287304 794 82795
http://localhost:3000/dbpedia2014 557 2684 287304 794 82795
http://localhost:3000/dbpedia2014 558 2684 287304 794 82795
http://localhost:3000/dbpedia2014 559 2684 287623 794 82860
http://localhost:3000/dbpedia2014 560 2684 287627 794 82860
http://localhost:3000/dbpedia2014 561 2684 287714 794 82878
http://localhost:3000/dbpedia2014 562 2684 287731 794 82883
http://localhost:3000/dbpedia2014 563 2684 287775 794 82896
http://localhost:3000/dbpedia2014 564 2684 287794 794 82901
http://localhost:3000/dbpedia2014 565 2684 287966 794 82950
http://localhost:3000/dbpedia2014 566 2684 287986 794 82956
http://localhost:3000/dbpedia2014 567 2684 288097 794 82966
http://localhost:3000/dbpedia2014 568 2684 288098 794 82966
http://localhost:3000/dbpedia2014 569 2684 288274 794 83018
http://localhost:3000/dbpedia2014 570 2684 288411 794 83049
http://localhost:3000/dbpedia2014 571 2684 288440 794 83058
http://localhost:3000/dbpedia2014 572 2684 288499 794 83075
http://localhost:3000/dbpedia2014 573 2684 288518 794 83080
http://localhost:3000/dbpedia2014 574 2684 288685 794 83130
http://localhost:3000/dbpedia2014 575 2684 288785 794 83157
http://localhost:3000/dbpedia2014 576 2684 288804 794 83162
http://localhost:3000/dbpedia2014 577 2684 288838 794 83167
http://localhost:3000/dbpedia2014 578 2684 297950 794 85718
http://localhost:3000/dbpedia2014 579 2684 299447 794 86114
http://localhost:3000/dbpedia2014 580 2684 299447 794 86114
http://localhost:3000/dbpedia2014 581 2684 299448 794 86114
http://localhost:3000/dbpedia2014 582 2684 299450 794 86114
http://localhost:3000/dbpedia2014 583 2684 300461 794 86368
http://localhost:3000/dbpedia2014 584 2684 300461 794 86368
http://localhost:3000/dbpedia2014 585 2684 300462 794 86368
http://localhost:3000/dbpedia2014 586 2684 300539 794 86393
http://localhost:3000/dbpedia2014 587 2684 301686 794 86770
http://localhost:3000/dbpedia2014 588 2684 301991 794 86883
http://localhost:3000/dbpedia2014 589 2684 301999 794 86888
http://localhost:3000/dbpedia2014 590 2684 302063 794 86905
http://localhost:3000/dbpedia2014 591 2684 302157 794 86935
http://localhost:3000/dbpedia2014 592 2684 302173 794 86944
http://localhost:3000/dbpedia2014 593 2684 302227 794 86965
http://localhost:3000/dbpedia2014 594 2684 302295 794 86993
http://localhost:3000/dbpedia2014 595 2684 302336 794 87002
http://localhost:3000/dbpedia2014 596 2684 302359 794 87008
http://localhost:3000/dbpedia2014 597 2684 303795 794 87344
http://localhost:3000/dbpedia2014 598 2684 303795 794 87344
http://localhost:3000/dbpedia2014 599 2684 303795 794 87344
http://localhost:3000/dbpedia2014 600 2684 303795 794 87344
http://localhost:3000/dbpedia2014 601 2684 303795 794 87344
http://localhost:3000/dbpedia2014 602 2684 303819 794 87352
http://localhost:3000/dbpedia2014 603 2684 304266 794 87459
http://localhost:3000/dbpedia2014 604 2684 306593 794 88187
http://localhost:3000/dbpedia2014 605 2684 307706 794 88510
http://localhost:3000/dbpedia2014 606 2684 308112 794 88619
http://localhost:3000/dbpedia2014 607 2684 308185 794 88641
http://localhost:3000/dbpedia2014 608 2684 310596 794 89358
http://localhost:3000/dbpedia2014 609 2684 310597 794 89358
http://localhost:3000/dbpedia2014 610 2684 310680 794 89384
http://localhost:3000/dbpedia2014 611 2684 310713 794 89393
http://localhost:3000/dbpedia2014 612 2684 310885 794 89441
http://localhost:3000/dbpedia2014 613 2684 310906 794 89447
http://localhost:3000/dbpedia2014 614 2684 310909 794 89447
http://localhost:3000/dbpedia2014 615 2684 310955 794 89461
http://localhost:3000/dbpedia2014 616 2684 310973 794 89466
http://localhost:3000/dbpedia2014 617 2684 311035 794 89480
http://localhost:3000/dbpedia2014 618 2684 316602 794 91021
http://localhost:3000/dbpedia2014 619 2684 316777 794 91065
http://localhost:3000/dbpedia2014 620 2684 316990 794 91122
http://localhost:3000/dbpedia2014 621 2684 317009 794 91128
http://localhost:3000/dbpedia2014 622 2684 317012 794 91128
http://localhost:3000/dbpedia2014 623 2684 317043 794 91137
http://localhost:3000/dbpedia2014 624 2684 317067 794 91143
http://localhost:3000/dbpedia2014 625 2684 317084 794 91148
http://localhost:3000/dbpedia2014 626 2684 317132 794 91162
http://localhost:3000/dbpedia2014 627 2684 318870 794 91633
http://localhost:3000/dbpedia2014 628 2684 318871 794 91633
http://localhost:3000/dbpedia2014 628 2684 319065 794 91694
DONE 1430393988945