START 1430388230047
fragment results first_time total_time first_http total_http
http://localhost:3000/dbpedia2014 1 512 512 71 71
http://localhost:3000/dbpedia2014 2 512 512 71 71
http://localhost:3000/dbpedia2014 3 512 512 71 71
http://localhost:3000/dbpedia2014 4 512 512 71 71
http://localhost:3000/dbpedia2014 5 512 513 71 71
http://localhost:3000/dbpedia2014 6 512 513 71 71
http://localhost:3000/dbpedia2014 7 512 513 71 71
http://localhost:3000/dbpedia2014 8 512 513 71 71
http://localhost:3000/dbpedia2014 9 512 513 71 71
http://localhost:3000/dbpedia2014 10 512 513 71 71
http://localhost:3000/dbpedia2014 11 512 513 71 71
http://localhost:3000/dbpedia2014 12 512 513 71 71
http://localhost:3000/dbpedia2014 13 512 513 71 71
http://localhost:3000/dbpedia2014 14 512 513 71 71
http://localhost:3000/dbpedia2014 15 512 513 71 71
http://localhost:3000/dbpedia2014 16 512 513 71 71
http://localhost:3000/dbpedia2014 17 512 514 71 71
http://localhost:3000/dbpedia2014 18 512 514 71 71
http://localhost:3000/dbpedia2014 19 512 514 71 71
http://localhost:3000/dbpedia2014 20 512 514 71 71
http://localhost:3000/dbpedia2014 21 512 514 71 71
http://localhost:3000/dbpedia2014 22 512 514 71 71
http://localhost:3000/dbpedia2014 23 512 514 71 71
http://localhost:3000/dbpedia2014 24 512 514 71 71
http://localhost:3000/dbpedia2014 25 512 514 71 71
http://localhost:3000/dbpedia2014 26 512 514 71 71
http://localhost:3000/dbpedia2014 27 512 514 71 71
http://localhost:3000/dbpedia2014 28 512 515 71 71
http://localhost:3000/dbpedia2014 29 512 515 71 71
http://localhost:3000/dbpedia2014 30 512 515 71 71
http://localhost:3000/dbpedia2014 31 512 515 71 71
http://localhost:3000/dbpedia2014 32 512 515 71 71
http://localhost:3000/dbpedia2014 33 512 515 71 71
http://localhost:3000/dbpedia2014 34 512 515 71 71
http://localhost:3000/dbpedia2014 35 512 515 71 71
http://localhost:3000/dbpedia2014 36 512 515 71 71
http://localhost:3000/dbpedia2014 37 512 515 71 71
http://localhost:3000/dbpedia2014 38 512 515 71 71
http://localhost:3000/dbpedia2014 39 512 515 71 71
http://localhost:3000/dbpedia2014 40 512 516 71 71
http://localhost:3000/dbpedia2014 41 512 516 71 71
http://localhost:3000/dbpedia2014 42 512 516 71 71
http://localhost:3000/dbpedia2014 43 512 516 71 71
http://localhost:3000/dbpedia2014 44 512 516 71 71
http://localhost:3000/dbpedia2014 45 512 517 71 71
http://localhost:3000/dbpedia2014 46 512 517 71 71
http://localhost:3000/dbpedia2014 47 512 517 71 71
http://localhost:3000/dbpedia2014 48 512 545 71 78
http://localhost:3000/dbpedia2014 49 512 545 71 78
http://localhost:3000/dbpedia2014 50 512 545 71 78
http://localhost:3000/dbpedia2014 51 512 545 71 78
http://localhost:3000/dbpedia2014 52 512 545 71 78
http://localhost:3000/dbpedia2014 53 512 549 71 78
http://localhost:3000/dbpedia2014 54 512 549 71 78
http://localhost:3000/dbpedia2014 55 512 549 71 78
http://localhost:3000/dbpedia2014 56 512 549 71 78
http://localhost:3000/dbpedia2014 57 512 549 71 78
http://localhost:3000/dbpedia2014 58 512 551 71 78
http://localhost:3000/dbpedia2014 59 512 551 71 78
http://localhost:3000/dbpedia2014 60 512 551 71 78
http://localhost:3000/dbpedia2014 61 512 551 71 78
http://localhost:3000/dbpedia2014 62 512 551 71 78
http://localhost:3000/dbpedia2014 63 512 551 71 78
http://localhost:3000/dbpedia2014 64 512 551 71 78
http://localhost:3000/dbpedia2014 65 512 552 71 78
http://localhost:3000/dbpedia2014 66 512 552 71 78
http://localhost:3000/dbpedia2014 67 512 552 71 78
http://localhost:3000/dbpedia2014 68 512 552 71 78
http://localhost:3000/dbpedia2014 69 512 552 71 78
http://localhost:3000/dbpedia2014 70 512 552 71 78
http://localhost:3000/dbpedia2014 71 512 552 71 78
http://localhost:3000/dbpedia2014 72 512 552 71 78
http://localhost:3000/dbpedia2014 73 512 552 71 78
http://localhost:3000/dbpedia2014 74 512 552 71 78
http://localhost:3000/dbpedia2014 75 512 552 71 78
http://localhost:3000/dbpedia2014 76 512 552 71 78
http://localhost:3000/dbpedia2014 77 512 553 71 78
http://localhost:3000/dbpedia2014 78 512 553 71 78
http://localhost:3000/dbpedia2014 79 512 554 71 78
http://localhost:3000/dbpedia2014 80 512 554 71 78
http://localhost:3000/dbpedia2014 81 512 554 71 78
http://localhost:3000/dbpedia2014 82 512 555 71 78
http://localhost:3000/dbpedia2014 83 512 555 71 78
http://localhost:3000/dbpedia2014 84 512 555 71 78
http://localhost:3000/dbpedia2014 85 512 555 71 78
http://localhost:3000/dbpedia2014 86 512 555 71 78
http://localhost:3000/dbpedia2014 87 512 555 71 78
http://localhost:3000/dbpedia2014 88 512 556 71 78
http://localhost:3000/dbpedia2014 89 512 556 71 78
http://localhost:3000/dbpedia2014 90 512 556 71 78
http://localhost:3000/dbpedia2014 91 512 556 71 78
http://localhost:3000/dbpedia2014 92 512 556 71 78
http://localhost:3000/dbpedia2014 93 512 556 71 78
http://localhost:3000/dbpedia2014 94 512 556 71 78
http://localhost:3000/dbpedia2014 95 512 580 71 88
http://localhost:3000/dbpedia2014 96 512 580 71 88
http://localhost:3000/dbpedia2014 97 512 580 71 88
http://localhost:3000/dbpedia2014 98 512 580 71 88
http://localhost:3000/dbpedia2014 99 512 581 71 88
http://localhost:3000/dbpedia2014 100 512 581 71 88
http://localhost:3000/dbpedia2014 101 512 581 71 88
http://localhost:3000/dbpedia2014 102 512 581 71 88
http://localhost:3000/dbpedia2014 103 512 581 71 88
http://localhost:3000/dbpedia2014 104 512 581 71 88
http://localhost:3000/dbpedia2014 105 512 581 71 88
http://localhost:3000/dbpedia2014 106 512 581 71 88
http://localhost:3000/dbpedia2014 107 512 581 71 88
http://localhost:3000/dbpedia2014 108 512 581 71 88
http://localhost:3000/dbpedia2014 109 512 581 71 88
http://localhost:3000/dbpedia2014 110 512 581 71 88
http://localhost:3000/dbpedia2014 111 512 581 71 88
http://localhost:3000/dbpedia2014 112 512 581 71 88
http://localhost:3000/dbpedia2014 113 512 581 71 88
http://localhost:3000/dbpedia2014 114 512 581 71 88
http://localhost:3000/dbpedia2014 115 512 582 71 88
http://localhost:3000/dbpedia2014 116 512 582 71 88
http://localhost:3000/dbpedia2014 117 512 582 71 88
http://localhost:3000/dbpedia2014 118 512 582 71 88
http://localhost:3000/dbpedia2014 119 512 582 71 88
http://localhost:3000/dbpedia2014 120 512 582 71 88
http://localhost:3000/dbpedia2014 121 512 582 71 88
http://localhost:3000/dbpedia2014 122 512 582 71 88
http://localhost:3000/dbpedia2014 123 512 582 71 88
http://localhost:3000/dbpedia2014 124 512 582 71 88
http://localhost:3000/dbpedia2014 125 512 582 71 88
http://localhost:3000/dbpedia2014 126 512 582 71 88
http://localhost:3000/dbpedia2014 127 512 582 71 88
http://localhost:3000/dbpedia2014 128 512 582 71 88
http://localhost:3000/dbpedia2014 129 512 583 71 88
http://localhost:3000/dbpedia2014 130 512 583 71 88
http://localhost:3000/dbpedia2014 131 512 583 71 88
http://localhost:3000/dbpedia2014 132 512 584 71 88
http://localhost:3000/dbpedia2014 133 512 584 71 88
http://localhost:3000/dbpedia2014 134 512 584 71 88
http://localhost:3000/dbpedia2014 135 512 584 71 88
http://localhost:3000/dbpedia2014 136 512 584 71 88
http://localhost:3000/dbpedia2014 137 512 584 71 88
http://localhost:3000/dbpedia2014 138 512 585 71 88
http://localhost:3000/dbpedia2014 139 512 585 71 88
http://localhost:3000/dbpedia2014 140 512 585 71 88
http://localhost:3000/dbpedia2014 141 512 585 71 88
http://localhost:3000/dbpedia2014 142 512 592 71 88
http://localhost:3000/dbpedia2014 143 512 592 71 88
http://localhost:3000/dbpedia2014 144 512 592 71 88
http://localhost:3000/dbpedia2014 145 512 592 71 88
http://localhost:3000/dbpedia2014 146 512 592 71 88
http://localhost:3000/dbpedia2014 147 512 592 71 88
http://localhost:3000/dbpedia2014 148 512 592 71 88
http://localhost:3000/dbpedia2014 149 512 592 71 88
http://localhost:3000/dbpedia2014 150 512 592 71 88
http://localhost:3000/dbpedia2014 151 512 593 71 88
http://localhost:3000/dbpedia2014 152 512 593 71 88
http://localhost:3000/dbpedia2014 153 512 593 71 88
http://localhost:3000/dbpedia2014 154 512 593 71 88
http://localhost:3000/dbpedia2014 155 512 594 71 88
http://localhost:3000/dbpedia2014 156 512 594 71 88
http://localhost:3000/dbpedia2014 157 512 594 71 88
http://localhost:3000/dbpedia2014 158 512 594 71 88
http://localhost:3000/dbpedia2014 159 512 594 71 88
http://localhost:3000/dbpedia2014 160 512 594 71 88
http://localhost:3000/dbpedia2014 161 512 594 71 88
http://localhost:3000/dbpedia2014 162 512 594 71 88
http://localhost:3000/dbpedia2014 163 512 594 71 88
http://localhost:3000/dbpedia2014 164 512 594 71 88
http://localhost:3000/dbpedia2014 165 512 594 71 88
http://localhost:3000/dbpedia2014 166 512 595 71 88
http://localhost:3000/dbpedia2014 167 512 595 71 88
http://localhost:3000/dbpedia2014 168 512 595 71 88
http://localhost:3000/dbpedia2014 169 512 595 71 88
http://localhost:3000/dbpedia2014 170 512 595 71 88
http://localhost:3000/dbpedia2014 171 512 595 71 88
http://localhost:3000/dbpedia2014 172 512 595 71 88
http://localhost:3000/dbpedia2014 173 512 595 71 88
http://localhost:3000/dbpedia2014 174 512 595 71 88
http://localhost:3000/dbpedia2014 175 512 595 71 88
http://localhost:3000/dbpedia2014 176 512 595 71 88
http://localhost:3000/dbpedia2014 177 512 595 71 88
http://localhost:3000/dbpedia2014 178 512 595 71 88
http://localhost:3000/dbpedia2014 179 512 596 71 88
http://localhost:3000/dbpedia2014 180 512 596 71 88
http://localhost:3000/dbpedia2014 181 512 596 71 88
http://localhost:3000/dbpedia2014 182 512 596 71 88
http://localhost:3000/dbpedia2014 183 512 596 71 88
http://localhost:3000/dbpedia2014 184 512 596 71 88
http://localhost:3000/dbpedia2014 185 512 596 71 88
http://localhost:3000/dbpedia2014 186 512 596 71 88
http://localhost:3000/dbpedia2014 187 512 596 71 88
http://localhost:3000/dbpedia2014 188 512 596 71 88
http://localhost:3000/dbpedia2014 189 512 605 71 88
http://localhost:3000/dbpedia2014 190 512 605 71 88
http://localhost:3000/dbpedia2014 191 512 605 71 88
http://localhost:3000/dbpedia2014 192 512 605 71 88
http://localhost:3000/dbpedia2014 193 512 605 71 88
http://localhost:3000/dbpedia2014 194 512 605 71 88
http://localhost:3000/dbpedia2014 195 512 605 71 88
http://localhost:3000/dbpedia2014 196 512 605 71 88
http://localhost:3000/dbpedia2014 197 512 605 71 88
http://localhost:3000/dbpedia2014 198 512 605 71 88
http://localhost:3000/dbpedia2014 199 512 605 71 88
http://localhost:3000/dbpedia2014 200 512 605 71 88
http://localhost:3000/dbpedia2014 201 512 606 71 88
http://localhost:3000/dbpedia2014 202 512 606 71 88
http://localhost:3000/dbpedia2014 203 512 606 71 88
http://localhost:3000/dbpedia2014 204 512 606 71 88
http://localhost:3000/dbpedia2014 205 512 606 71 88
http://localhost:3000/dbpedia2014 206 512 606 71 88
http://localhost:3000/dbpedia2014 207 512 606 71 88
http://localhost:3000/dbpedia2014 208 512 606 71 88
http://localhost:3000/dbpedia2014 209 512 606 71 88
http://localhost:3000/dbpedia2014 210 512 606 71 88
http://localhost:3000/dbpedia2014 211 512 606 71 88
http://localhost:3000/dbpedia2014 212 512 606 71 88
http://localhost:3000/dbpedia2014 213 512 606 71 88
http://localhost:3000/dbpedia2014 214 512 606 71 88
http://localhost:3000/dbpedia2014 215 512 606 71 88
http://localhost:3000/dbpedia2014 216 512 606 71 88
http://localhost:3000/dbpedia2014 217 512 606 71 88
http://localhost:3000/dbpedia2014 218 512 606 71 88
http://localhost:3000/dbpedia2014 219 512 606 71 88
http://localhost:3000/dbpedia2014 220 512 606 71 88
http://localhost:3000/dbpedia2014 221 512 607 71 88
http://localhost:3000/dbpedia2014 222 512 607 71 88
http://localhost:3000/dbpedia2014 223 512 607 71 88
http://localhost:3000/dbpedia2014 224 512 607 71 88
http://localhost:3000/dbpedia2014 225 512 607 71 88
http://localhost:3000/dbpedia2014 226 512 607 71 88
http://localhost:3000/dbpedia2014 227 512 607 71 88
http://localhost:3000/dbpedia2014 228 512 607 71 88
http://localhost:3000/dbpedia2014 229 512 607 71 88
http://localhost:3000/dbpedia2014 230 512 607 71 88
http://localhost:3000/dbpedia2014 231 512 607 71 88
http://localhost:3000/dbpedia2014 232 512 607 71 88
http://localhost:3000/dbpedia2014 233 512 607 71 88
http://localhost:3000/dbpedia2014 234 512 607 71 88
http://localhost:3000/dbpedia2014 235 512 607 71 88
http://localhost:3000/dbpedia2014 236 512 608 71 88
http://localhost:3000/dbpedia2014 237 512 608 71 88
http://localhost:3000/dbpedia2014 238 512 608 71 88
http://localhost:3000/dbpedia2014 239 512 608 71 88
http://localhost:3000/dbpedia2014 240 512 608 71 88
http://localhost:3000/dbpedia2014 241 512 608 71 88
http://localhost:3000/dbpedia2014 242 512 608 71 88
http://localhost:3000/dbpedia2014 243 512 608 71 88
http://localhost:3000/dbpedia2014 244 512 608 71 88
http://localhost:3000/dbpedia2014 245 512 608 71 88
http://localhost:3000/dbpedia2014 246 512 608 71 88
http://localhost:3000/dbpedia2014 247 512 608 71 88
http://localhost:3000/dbpedia2014 248 512 608 71 88
http://localhost:3000/dbpedia2014 249 512 609 71 88
http://localhost:3000/dbpedia2014 250 512 609 71 88
http://localhost:3000/dbpedia2014 251 512 609 71 88
http://localhost:3000/dbpedia2014 252 512 609 71 88
http://localhost:3000/dbpedia2014 253 512 609 71 88
http://localhost:3000/dbpedia2014 254 512 609 71 88
http://localhost:3000/dbpedia2014 255 512 609 71 88
http://localhost:3000/dbpedia2014 256 512 609 71 88
http://localhost:3000/dbpedia2014 257 512 609 71 88
http://localhost:3000/dbpedia2014 258 512 609 71 88
http://localhost:3000/dbpedia2014 259 512 609 71 88
http://localhost:3000/dbpedia2014 260 512 609 71 88
http://localhost:3000/dbpedia2014 261 512 609 71 88
http://localhost:3000/dbpedia2014 262 512 609 71 88
http://localhost:3000/dbpedia2014 263 512 609 71 88
http://localhost:3000/dbpedia2014 264 512 609 71 88
http://localhost:3000/dbpedia2014 265 512 609 71 88
http://localhost:3000/dbpedia2014 266 512 609 71 88
http://localhost:3000/dbpedia2014 267 512 609 71 88
http://localhost:3000/dbpedia2014 268 512 610 71 88
http://localhost:3000/dbpedia2014 269 512 610 71 88
http://localhost:3000/dbpedia2014 270 512 610 71 88
http://localhost:3000/dbpedia2014 271 512 610 71 88
http://localhost:3000/dbpedia2014 272 512 610 71 88
http://localhost:3000/dbpedia2014 273 512 610 71 88
http://localhost:3000/dbpedia2014 274 512 610 71 88
http://localhost:3000/dbpedia2014 275 512 610 71 88
http://localhost:3000/dbpedia2014 276 512 610 71 88
http://localhost:3000/dbpedia2014 277 512 610 71 88
http://localhost:3000/dbpedia2014 278 512 610 71 88
http://localhost:3000/dbpedia2014 279 512 610 71 88
http://localhost:3000/dbpedia2014 280 512 610 71 88
http://localhost:3000/dbpedia2014 281 512 610 71 88
http://localhost:3000/dbpedia2014 282 512 610 71 88
http://localhost:3000/dbpedia2014 283 512 618 71 92
http://localhost:3000/dbpedia2014 284 512 619 71 92
http://localhost:3000/dbpedia2014 285 512 619 71 92
http://localhost:3000/dbpedia2014 286 512 619 71 92
http://localhost:3000/dbpedia2014 287 512 619 71 92
http://localhost:3000/dbpedia2014 288 512 619 71 92
http://localhost:3000/dbpedia2014 289 512 619 71 92
http://localhost:3000/dbpedia2014 290 512 619 71 92
http://localhost:3000/dbpedia2014 291 512 619 71 92
http://localhost:3000/dbpedia2014 292 512 620 71 92
http://localhost:3000/dbpedia2014 293 512 620 71 92
http://localhost:3000/dbpedia2014 294 512 620 71 92
http://localhost:3000/dbpedia2014 295 512 620 71 92
http://localhost:3000/dbpedia2014 296 512 620 71 92
http://localhost:3000/dbpedia2014 297 512 620 71 92
http://localhost:3000/dbpedia2014 298 512 620 71 92
http://localhost:3000/dbpedia2014 299 512 620 71 92
http://localhost:3000/dbpedia2014 300 512 621 71 92
http://localhost:3000/dbpedia2014 301 512 621 71 92
http://localhost:3000/dbpedia2014 302 512 621 71 92
http://localhost:3000/dbpedia2014 303 512 621 71 92
http://localhost:3000/dbpedia2014 304 512 621 71 92
http://localhost:3000/dbpedia2014 305 512 622 71 92
http://localhost:3000/dbpedia2014 306 512 622 71 92
http://localhost:3000/dbpedia2014 307 512 622 71 92
http://localhost:3000/dbpedia2014 308 512 622 71 92
http://localhost:3000/dbpedia2014 309 512 622 71 92
http://localhost:3000/dbpedia2014 310 512 622 71 92
http://localhost:3000/dbpedia2014 311 512 622 71 92
http://localhost:3000/dbpedia2014 312 512 622 71 92
http://localhost:3000/dbpedia2014 313 512 622 71 92
http://localhost:3000/dbpedia2014 314 512 622 71 92
http://localhost:3000/dbpedia2014 315 512 622 71 92
http://localhost:3000/dbpedia2014 316 512 623 71 92
http://localhost:3000/dbpedia2014 317 512 623 71 92
http://localhost:3000/dbpedia2014 318 512 623 71 92
http://localhost:3000/dbpedia2014 319 512 623 71 92
http://localhost:3000/dbpedia2014 320 512 623 71 92
http://localhost:3000/dbpedia2014 321 512 623 71 92
http://localhost:3000/dbpedia2014 322 512 623 71 92
http://localhost:3000/dbpedia2014 323 512 623 71 92
http://localhost:3000/dbpedia2014 324 512 623 71 92
http://localhost:3000/dbpedia2014 325 512 623 71 92
http://localhost:3000/dbpedia2014 326 512 623 71 92
http://localhost:3000/dbpedia2014 327 512 623 71 92
http://localhost:3000/dbpedia2014 328 512 623 71 92
http://localhost:3000/dbpedia2014 329 512 624 71 92
http://localhost:3000/dbpedia2014 330 512 629 71 92
http://localhost:3000/dbpedia2014 331 512 629 71 92
http://localhost:3000/dbpedia2014 332 512 629 71 92
http://localhost:3000/dbpedia2014 333 512 629 71 92
http://localhost:3000/dbpedia2014 334 512 629 71 92
http://localhost:3000/dbpedia2014 335 512 629 71 92
http://localhost:3000/dbpedia2014 336 512 630 71 92
http://localhost:3000/dbpedia2014 337 512 630 71 92
http://localhost:3000/dbpedia2014 338 512 630 71 92
http://localhost:3000/dbpedia2014 339 512 630 71 92
http://localhost:3000/dbpedia2014 340 512 630 71 92
http://localhost:3000/dbpedia2014 341 512 630 71 92
http://localhost:3000/dbpedia2014 342 512 630 71 92
http://localhost:3000/dbpedia2014 343 512 630 71 92
http://localhost:3000/dbpedia2014 344 512 630 71 92
http://localhost:3000/dbpedia2014 345 512 633 71 92
http://localhost:3000/dbpedia2014 346 512 633 71 92
http://localhost:3000/dbpedia2014 347 512 633 71 92
http://localhost:3000/dbpedia2014 348 512 633 71 92
http://localhost:3000/dbpedia2014 349 512 633 71 92
http://localhost:3000/dbpedia2014 350 512 633 71 92
http://localhost:3000/dbpedia2014 351 512 633 71 92
http://localhost:3000/dbpedia2014 352 512 633 71 92
http://localhost:3000/dbpedia2014 353 512 634 71 92
http://localhost:3000/dbpedia2014 354 512 634 71 92
http://localhost:3000/dbpedia2014 355 512 634 71 92
http://localhost:3000/dbpedia2014 356 512 634 71 92
http://localhost:3000/dbpedia2014 357 512 634 71 92
http://localhost:3000/dbpedia2014 358 512 634 71 92
http://localhost:3000/dbpedia2014 359 512 634 71 92
http://localhost:3000/dbpedia2014 360 512 634 71 92
http://localhost:3000/dbpedia2014 361 512 634 71 92
http://localhost:3000/dbpedia2014 362 512 634 71 92
http://localhost:3000/dbpedia2014 363 512 634 71 92
http://localhost:3000/dbpedia2014 364 512 634 71 92
http://localhost:3000/dbpedia2014 365 512 634 71 92
http://localhost:3000/dbpedia2014 366 512 634 71 92
http://localhost:3000/dbpedia2014 367 512 634 71 92
http://localhost:3000/dbpedia2014 368 512 634 71 92
http://localhost:3000/dbpedia2014 369 512 634 71 92
http://localhost:3000/dbpedia2014 370 512 634 71 92
http://localhost:3000/dbpedia2014 371 512 634 71 92
http://localhost:3000/dbpedia2014 372 512 634 71 92
http://localhost:3000/dbpedia2014 373 512 634 71 92
http://localhost:3000/dbpedia2014 374 512 634 71 92
http://localhost:3000/dbpedia2014 375 512 634 71 92
http://localhost:3000/dbpedia2014 376 512 635 71 92
http://localhost:3000/dbpedia2014 376 512 1352 71 174
DONE 1430388231433