START 1430394914473
fragment results first_time total_time first_http total_http
http://localhost:3000/dbpedia2014-default 1 2496 2496 794 794
http://localhost:3000/dbpedia2014-default 2 2496 2565 794 810
http://localhost:3000/dbpedia2014-default 3 2496 2575 794 810
http://localhost:3000/dbpedia2014-default 4 2496 2576 794 810
http://localhost:3000/dbpedia2014-default 5 2496 2576 794 810
http://localhost:3000/dbpedia2014-default 6 2496 3424 794 1121
http://localhost:3000/dbpedia2014-default 7 2496 3471 794 1144
http://localhost:3000/dbpedia2014-default 8 2496 3502 794 1154
http://localhost:3000/dbpedia2014-default 9 2496 3526 794 1159
http://localhost:3000/dbpedia2014-default 10 2496 3668 794 1199
http://localhost:3000/dbpedia2014-default 11 2496 3700 794 1208
http://localhost:3000/dbpedia2014-default 12 2496 3794 794 1238
http://localhost:3000/dbpedia2014-default 13 2496 5212 794 1638
http://localhost:3000/dbpedia2014-default 14 2496 5212 794 1638
http://localhost:3000/dbpedia2014-default 15 2496 5212 794 1638
http://localhost:3000/dbpedia2014-default 16 2496 5481 794 1697
http://localhost:3000/dbpedia2014-default 17 2496 5718 794 1785
http://localhost:3000/dbpedia2014-default 18 2496 5724 794 1785
http://localhost:3000/dbpedia2014-default 19 2496 6142 794 1929
http://localhost:3000/dbpedia2014-default 20 2496 6308 794 1978
http://localhost:3000/dbpedia2014-default 21 2496 20002 794 6086
http://localhost:3000/dbpedia2014-default 22 2496 22206 794 6697
http://localhost:3000/dbpedia2014-default 23 2496 24365 794 7310
http://localhost:3000/dbpedia2014-default 24 2496 30434 794 9091
http://localhost:3000/dbpedia2014-default 25 2496 30434 794 9091
http://localhost:3000/dbpedia2014-default 26 2496 30434 794 9091
http://localhost:3000/dbpedia2014-default 27 2496 30478 794 9097
http://localhost:3000/dbpedia2014-default 28 2496 30524 794 9110
http://localhost:3000/dbpedia2014-default 29 2496 30546 794 9118
http://localhost:3000/dbpedia2014-default 30 2496 30626 794 9139
http://localhost:3000/dbpedia2014-default 31 2496 30671 794 9148
http://localhost:3000/dbpedia2014-default 32 2496 30938 794 9195
http://localhost:3000/dbpedia2014-default 33 2496 31164 794 9261
http://localhost:3000/dbpedia2014-default 34 2496 31424 794 9332
http://localhost:3000/dbpedia2014-default 35 2496 31582 794 9382
http://localhost:3000/dbpedia2014-default 36 2496 31677 794 9403
http://localhost:3000/dbpedia2014-default 37 2496 31710 794 9412
http://localhost:3000/dbpedia2014-default 38 2496 31721 794 9416
http://localhost:3000/dbpedia2014-default 39 2496 31875 794 9445
http://localhost:3000/dbpedia2014-default 40 2496 32298 794 9589
http://localhost:3000/dbpedia2014-default 41 2496 32490 794 9636
http://localhost:3000/dbpedia2014-default 42 2496 32513 794 9641
http://localhost:3000/dbpedia2014-default 43 2496 32540 794 9648
http://localhost:3000/dbpedia2014-default 44 2496 32542 794 9648
http://localhost:3000/dbpedia2014-default 45 2496 32543 794 9648
http://localhost:3000/dbpedia2014-default 46 2496 35009 794 10314
http://localhost:3000/dbpedia2014-default 47 2496 35027 794 10319
http://localhost:3000/dbpedia2014-default 48 2496 35069 794 10332
http://localhost:3000/dbpedia2014-default 49 2496 35087 794 10337
http://localhost:3000/dbpedia2014-default 50 2496 35103 794 10342
http://localhost:3000/dbpedia2014-default 51 2496 35189 794 10371
http://localhost:3000/dbpedia2014-default 52 2496 35265 794 10393
http://localhost:3000/dbpedia2014-default 53 2496 35494 794 10464
http://localhost:3000/dbpedia2014-default 54 2496 35693 794 10527
http://localhost:3000/dbpedia2014-default 55 2496 36012 794 10619
http://localhost:3000/dbpedia2014-default 56 2496 36146 794 10662
http://localhost:3000/dbpedia2014-default 57 2496 36281 794 10704
http://localhost:3000/dbpedia2014-default 58 2496 36338 794 10726
http://localhost:3000/dbpedia2014-default 59 2496 36355 794 10731
http://localhost:3000/dbpedia2014-default 60 2496 36581 794 10806
http://localhost:3000/dbpedia2014-default 61 2496 36701 794 10842
http://localhost:3000/dbpedia2014-default 62 2496 36768 794 10864
http://localhost:3000/dbpedia2014-default 63 2496 54868 794 16153
http://localhost:3000/dbpedia2014-default 64 2496 54868 794 16153
http://localhost:3000/dbpedia2014-default 65 2496 54868 794 16153
http://localhost:3000/dbpedia2014-default 66 2496 54869 794 16153
http://localhost:3000/dbpedia2014-default 67 2496 55042 794 16181
http://localhost:3000/dbpedia2014-default 68 2496 55187 794 16216
http://localhost:3000/dbpedia2014-default 69 2496 55309 794 16253
http://localhost:3000/dbpedia2014-default 70 2496 55390 794 16275
http://localhost:3000/dbpedia2014-default 71 2496 55512 794 16311
http://localhost:3000/dbpedia2014-default 72 2496 60365 794 17760
http://localhost:3000/dbpedia2014-default 73 2496 60367 794 17760
http://localhost:3000/dbpedia2014-default 74 2496 60400 794 17764
http://localhost:3000/dbpedia2014-default 75 2496 60419 794 17765
http://localhost:3000/dbpedia2014-default 76 2496 60466 794 17774
http://localhost:3000/dbpedia2014-default 77 2496 60537 794 17787
http://localhost:3000/dbpedia2014-default 78 2496 60657 794 17818
http://localhost:3000/dbpedia2014-default 79 2496 60918 794 17891
http://localhost:3000/dbpedia2014-default 80 2496 60948 794 17901
http://localhost:3000/dbpedia2014-default 81 2496 61047 794 17930
http://localhost:3000/dbpedia2014-default 82 2496 61173 794 17965
http://localhost:3000/dbpedia2014-default 83 2496 61249 794 17987
http://localhost:3000/dbpedia2014-default 84 2496 61282 794 17996
http://localhost:3000/dbpedia2014-default 85 2496 64582 794 18927
http://localhost:3000/dbpedia2014-default 86 2496 64814 794 18983
http://localhost:3000/dbpedia2014-default 87 2496 64907 794 19005
http://localhost:3000/dbpedia2014-default 88 2496 64964 794 19020
http://localhost:3000/dbpedia2014-default 89 2496 64995 794 19029
http://localhost:3000/dbpedia2014-default 90 2496 66048 794 19315
http://localhost:3000/dbpedia2014-default 91 2496 66050 794 19315
http://localhost:3000/dbpedia2014-default 92 2496 66064 794 19318
http://localhost:3000/dbpedia2014-default 93 2496 67837 794 19945
http://localhost:3000/dbpedia2014-default 94 2496 69332 794 20403
http://localhost:3000/dbpedia2014-default 95 2496 70810 794 20838
http://localhost:3000/dbpedia2014-default 96 2496 70998 794 20880
http://localhost:3000/dbpedia2014-default 97 2496 74668 794 21903
http://localhost:3000/dbpedia2014-default 98 2496 75539 794 22104
http://localhost:3000/dbpedia2014-default 99 2496 75545 794 22104
http://localhost:3000/dbpedia2014-default 100 2496 75822 794 22197
http://localhost:3000/dbpedia2014-default 101 2496 76139 794 22292
http://localhost:3000/dbpedia2014-default 102 2496 76560 794 22422
http://localhost:3000/dbpedia2014-default 103 2496 76575 794 22425
http://localhost:3000/dbpedia2014-default 104 2496 78117 794 22862
http://localhost:3000/dbpedia2014-default 105 2496 78140 794 22868
http://localhost:3000/dbpedia2014-default 106 2496 78143 794 22868
http://localhost:3000/dbpedia2014-default 107 2496 78208 794 22883
http://localhost:3000/dbpedia2014-default 108 2496 78212 794 22883
http://localhost:3000/dbpedia2014-default 109 2496 78229 794 22888
http://localhost:3000/dbpedia2014-default 110 2496 78251 794 22894
http://localhost:3000/dbpedia2014-default 111 2496 78254 794 22894
http://localhost:3000/dbpedia2014-default 112 2496 78273 794 22900
http://localhost:3000/dbpedia2014-default 113 2496 78324 794 22914
http://localhost:3000/dbpedia2014-default 114 2496 78327 794 22914
http://localhost:3000/dbpedia2014-default 115 2496 78350 794 22920
http://localhost:3000/dbpedia2014-default 116 2496 78464 794 22948
http://localhost:3000/dbpedia2014-default 117 2496 78467 794 22948
http://localhost:3000/dbpedia2014-default 118 2496 78497 794 22954
http://localhost:3000/dbpedia2014-default 119 2496 78512 794 22959
http://localhost:3000/dbpedia2014-default 120 2496 78546 794 22970
http://localhost:3000/dbpedia2014-default 121 2496 78552 794 22971
http://localhost:3000/dbpedia2014-default 122 2496 78666 794 22999
http://localhost:3000/dbpedia2014-default 123 2496 78696 794 23008
http://localhost:3000/dbpedia2014-default 124 2496 78746 794 23021
http://localhost:3000/dbpedia2014-default 125 2496 78804 794 23030
http://localhost:3000/dbpedia2014-default 126 2496 78841 794 23041
http://localhost:3000/dbpedia2014-default 127 2496 78848 794 23041
http://localhost:3000/dbpedia2014-default 128 2496 78909 794 23054
http://localhost:3000/dbpedia2014-default 129 2496 78910 794 23054
http://localhost:3000/dbpedia2014-default 130 2496 78994 794 23078
http://localhost:3000/dbpedia2014-default 131 2496 78997 794 23078
http://localhost:3000/dbpedia2014-default 132 2496 79021 794 23084
http://localhost:3000/dbpedia2014-default 133 2496 79025 794 23084
http://localhost:3000/dbpedia2014-default 134 2496 87713 794 25457
http://localhost:3000/dbpedia2014-default 135 2496 87713 794 25457
http://localhost:3000/dbpedia2014-default 136 2496 87713 794 25457
http://localhost:3000/dbpedia2014-default 137 2496 87714 794 25457
http://localhost:3000/dbpedia2014-default 138 2496 87714 794 25457
http://localhost:3000/dbpedia2014-default 139 2496 87771 794 25476
http://localhost:3000/dbpedia2014-default 140 2496 87773 794 25476
http://localhost:3000/dbpedia2014-default 141 2496 87790 794 25482
http://localhost:3000/dbpedia2014-default 142 2496 87888 794 25509
http://localhost:3000/dbpedia2014-default 143 2496 87993 794 25515
http://localhost:3000/dbpedia2014-default 144 2496 88011 794 25520
http://localhost:3000/dbpedia2014-default 145 2496 88047 794 25530
http://localhost:3000/dbpedia2014-default 146 2496 88051 794 25530
http://localhost:3000/dbpedia2014-default 147 2496 88148 794 25557
http://localhost:3000/dbpedia2014-default 148 2496 88217 794 25578
http://localhost:3000/dbpedia2014-default 149 2496 88243 794 25587
http://localhost:3000/dbpedia2014-default 150 2496 88283 794 25597
http://localhost:3000/dbpedia2014-default 151 2496 88286 794 25597
http://localhost:3000/dbpedia2014-default 152 2496 88338 794 25608
http://localhost:3000/dbpedia2014-default 153 2496 88388 794 25630
http://localhost:3000/dbpedia2014-default 154 2496 88390 794 25630
http://localhost:3000/dbpedia2014-default 155 2496 88407 794 25636
http://localhost:3000/dbpedia2014-default 156 2496 88410 794 25636
http://localhost:3000/dbpedia2014-default 157 2496 93475 794 26962
http://localhost:3000/dbpedia2014-default 158 2496 94970 794 27404
http://localhost:3000/dbpedia2014-default 159 2496 94979 794 27404
http://localhost:3000/dbpedia2014-default 160 2496 94990 794 27405
http://localhost:3000/dbpedia2014-default 161 2496 95418 794 27548
http://localhost:3000/dbpedia2014-default 162 2496 95786 794 27673
http://localhost:3000/dbpedia2014-default 163 2496 101673 794 29345
http://localhost:3000/dbpedia2014-default 164 2496 102043 794 29424
http://localhost:3000/dbpedia2014-default 165 2496 103159 794 29772
http://localhost:3000/dbpedia2014-default 166 2496 103303 794 29814
http://localhost:3000/dbpedia2014-default 167 2496 104628 794 30176
http://localhost:3000/dbpedia2014-default 168 2496 105119 794 30337
http://localhost:3000/dbpedia2014-default 169 2496 105672 794 30505
http://localhost:3000/dbpedia2014-default 170 2496 112675 794 32400
http://localhost:3000/dbpedia2014-default 171 2496 122588 794 35202
http://localhost:3000/dbpedia2014-default 172 2496 122755 794 35244
http://localhost:3000/dbpedia2014-default 173 2496 128946 794 37093
http://localhost:3000/dbpedia2014-default 174 2496 136226 794 39088
http://localhost:3000/dbpedia2014-default 175 2496 139156 794 40060
http://localhost:3000/dbpedia2014-default 176 2496 141720 794 40771
http://localhost:3000/dbpedia2014-default 177 2496 141720 794 40771
http://localhost:3000/dbpedia2014-default 178 2496 141721 794 40771
http://localhost:3000/dbpedia2014-default 179 2496 142551 794 41011
http://localhost:3000/dbpedia2014-default 180 2496 144280 794 41546
http://localhost:3000/dbpedia2014-default 181 2496 145560 794 41909
http://localhost:3000/dbpedia2014-default 182 2496 145653 794 41934
http://localhost:3000/dbpedia2014-default 183 2496 145675 794 41939
http://localhost:3000/dbpedia2014-default 184 2496 145801 794 41974
http://localhost:3000/dbpedia2014-default 185 2496 145823 794 41980
http://localhost:3000/dbpedia2014-default 186 2496 146247 794 42111
http://localhost:3000/dbpedia2014-default 187 2496 146248 794 42111
http://localhost:3000/dbpedia2014-default 188 2496 146249 794 42111
http://localhost:3000/dbpedia2014-default 189 2496 146250 794 42111
http://localhost:3000/dbpedia2014-default 190 2496 146250 794 42111
http://localhost:3000/dbpedia2014-default 191 2496 146252 794 42111
http://localhost:3000/dbpedia2014-default 192 2496 146287 794 42111
http://localhost:3000/dbpedia2014-default 193 2496 146288 794 42111
http://localhost:3000/dbpedia2014-default 194 2496 146327 794 42124
http://localhost:3000/dbpedia2014-default 195 2496 147133 794 42371
http://localhost:3000/dbpedia2014-default 196 2496 147141 794 42371
http://localhost:3000/dbpedia2014-default 197 2496 147141 794 42371
http://localhost:3000/dbpedia2014-default 198 2496 147141 794 42371
http://localhost:3000/dbpedia2014-default 199 2496 147753 794 42582
http://localhost:3000/dbpedia2014-default 200 2496 148610 794 42824
http://localhost:3000/dbpedia2014-default 201 2496 148610 794 42824
http://localhost:3000/dbpedia2014-default 202 2496 148611 794 42824
http://localhost:3000/dbpedia2014-default 203 2496 148611 794 42824
http://localhost:3000/dbpedia2014-default 204 2496 148743 794 42843
http://localhost:3000/dbpedia2014-default 205 2496 149039 794 42944
http://localhost:3000/dbpedia2014-default 206 2496 149041 794 42944
http://localhost:3000/dbpedia2014-default 207 2496 149478 794 43087
http://localhost:3000/dbpedia2014-default 208 2496 151871 794 43681
http://localhost:3000/dbpedia2014-default 209 2496 151953 794 43698
http://localhost:3000/dbpedia2014-default 210 2496 152665 794 43926
http://localhost:3000/dbpedia2014-default 211 2496 164377 794 47128
http://localhost:3000/dbpedia2014-default 212 2496 164422 794 47138
http://localhost:3000/dbpedia2014-default 213 2496 165303 794 47357
http://localhost:3000/dbpedia2014-default 214 2496 165434 794 47374
http://localhost:3000/dbpedia2014-default 215 2496 166305 794 47613
http://localhost:3000/dbpedia2014-default 216 2496 166870 794 47722
http://localhost:3000/dbpedia2014-default 217 2496 167026 794 47761
http://localhost:3000/dbpedia2014-default 218 2496 167061 794 47770
http://localhost:3000/dbpedia2014-default 219 2496 167150 794 47792
http://localhost:3000/dbpedia2014-default 220 2496 168125 794 48038
http://localhost:3000/dbpedia2014-default 221 2496 168944 794 48253
http://localhost:3000/dbpedia2014-default 222 2496 170232 794 48671
http://localhost:3000/dbpedia2014-default 223 2496 170232 794 48671
http://localhost:3000/dbpedia2014-default 224 2496 170234 794 48671
http://localhost:3000/dbpedia2014-default 225 2496 170234 794 48671
http://localhost:3000/dbpedia2014-default 226 2496 170235 794 48671
http://localhost:3000/dbpedia2014-default 227 2496 170235 794 48671
http://localhost:3000/dbpedia2014-default 228 2496 170235 794 48671
http://localhost:3000/dbpedia2014-default 229 2496 170237 794 48671
http://localhost:3000/dbpedia2014-default 230 2496 170266 794 48671
http://localhost:3000/dbpedia2014-default 231 2496 170266 794 48671
http://localhost:3000/dbpedia2014-default 232 2496 170266 794 48671
http://localhost:3000/dbpedia2014-default 233 2496 170527 794 48735
http://localhost:3000/dbpedia2014-default 234 2496 172204 794 49277
http://localhost:3000/dbpedia2014-default 235 2496 172354 794 49325
http://localhost:3000/dbpedia2014-default 236 2496 172416 794 49338
http://localhost:3000/dbpedia2014-default 237 2496 172441 794 49344
http://localhost:3000/dbpedia2014-default 238 2496 172465 794 49350
http://localhost:3000/dbpedia2014-default 239 2496 172545 794 49372
http://localhost:3000/dbpedia2014-default 240 2496 172614 794 49391
http://localhost:3000/dbpedia2014-default 241 2496 172649 794 49401
http://localhost:3000/dbpedia2014-default 242 2496 173606 794 49621
http://localhost:3000/dbpedia2014-default 243 2496 173606 794 49621
http://localhost:3000/dbpedia2014-default 244 2496 173606 794 49621
http://localhost:3000/dbpedia2014-default 245 2496 173606 794 49621
http://localhost:3000/dbpedia2014-default 246 2496 174359 794 49831
http://localhost:3000/dbpedia2014-default 247 2496 176524 794 50457
http://localhost:3000/dbpedia2014-default 248 2496 176526 794 50457
http://localhost:3000/dbpedia2014-default 249 2496 177905 794 50782
http://localhost:3000/dbpedia2014-default 250 2496 177909 794 50782
http://localhost:3000/dbpedia2014-default 251 2496 177936 794 50788
http://localhost:3000/dbpedia2014-default 252 2496 177958 794 50794
http://localhost:3000/dbpedia2014-default 253 2496 177961 794 50794
http://localhost:3000/dbpedia2014-default 254 2496 177981 794 50801
http://localhost:3000/dbpedia2014-default 255 2496 177986 794 50801
http://localhost:3000/dbpedia2014-default 256 2496 178021 794 50811
http://localhost:3000/dbpedia2014-default 257 2496 178077 794 50822
http://localhost:3000/dbpedia2014-default 258 2496 178209 794 50852
http://localhost:3000/dbpedia2014-default 259 2496 178230 794 50858
http://localhost:3000/dbpedia2014-default 260 2496 178250 794 50863
http://localhost:3000/dbpedia2014-default 261 2496 178286 794 50873
http://localhost:3000/dbpedia2014-default 262 2496 178288 794 50873
http://localhost:3000/dbpedia2014-default 263 2496 178371 794 50898
http://localhost:3000/dbpedia2014-default 264 2496 178420 794 50913
http://localhost:3000/dbpedia2014-default 265 2496 178426 794 50913
http://localhost:3000/dbpedia2014-default 266 2496 178474 794 50924
http://localhost:3000/dbpedia2014-default 267 2496 178480 794 50924
http://localhost:3000/dbpedia2014-default 268 2496 178570 794 50949
http://localhost:3000/dbpedia2014-default 269 2496 178635 794 50967
http://localhost:3000/dbpedia2014-default 270 2496 178641 794 50967
http://localhost:3000/dbpedia2014-default 271 2496 178645 794 50967
http://localhost:3000/dbpedia2014-default 272 2496 185538 794 52801
http://localhost:3000/dbpedia2014-default 273 2496 185540 794 52801
http://localhost:3000/dbpedia2014-default 274 2496 185541 794 52801
http://localhost:3000/dbpedia2014-default 275 2496 185542 794 52801
http://localhost:3000/dbpedia2014-default 276 2496 185544 794 52801
http://localhost:3000/dbpedia2014-default 277 2496 185545 794 52801
http://localhost:3000/dbpedia2014-default 278 2496 185585 794 52801
http://localhost:3000/dbpedia2014-default 279 2496 185585 794 52801
http://localhost:3000/dbpedia2014-default 280 2496 186103 794 52938
http://localhost:3000/dbpedia2014-default 281 2496 186104 794 52938
http://localhost:3000/dbpedia2014-default 282 2496 186136 794 52938
http://localhost:3000/dbpedia2014-default 283 2496 186304 794 52985
http://localhost:3000/dbpedia2014-default 284 2496 186682 794 53096
http://localhost:3000/dbpedia2014-default 285 2496 186897 794 53160
http://localhost:3000/dbpedia2014-default 286 2496 187252 794 53260
http://localhost:3000/dbpedia2014-default 287 2496 187253 794 53260
http://localhost:3000/dbpedia2014-default 288 2496 187587 794 53336
http://localhost:3000/dbpedia2014-default 289 2496 188227 794 53513
http://localhost:3000/dbpedia2014-default 290 2496 189003 794 53732
http://localhost:3000/dbpedia2014-default 291 2496 189023 794 53738
http://localhost:3000/dbpedia2014-default 292 2496 189025 794 53738
http://localhost:3000/dbpedia2014-default 293 2496 189045 794 53743
http://localhost:3000/dbpedia2014-default 294 2496 189748 794 53956
http://localhost:3000/dbpedia2014-default 295 2496 190009 794 54024
http://localhost:3000/dbpedia2014-default 296 2496 191291 794 54365
http://localhost:3000/dbpedia2014-default 297 2496 191696 794 54485
http://localhost:3000/dbpedia2014-default 298 2496 191698 794 54485
http://localhost:3000/dbpedia2014-default 299 2496 193264 794 54976
http://localhost:3000/dbpedia2014-default 300 2496 193278 794 54979
http://localhost:3000/dbpedia2014-default 301 2496 194370 794 55299
http://localhost:3000/dbpedia2014-default 302 2496 195282 794 55551
http://localhost:3000/dbpedia2014-default 303 2496 196321 794 55868
http://localhost:3000/dbpedia2014-default 304 2496 196321 794 55868
http://localhost:3000/dbpedia2014-default 305 2496 196324 794 55868
http://localhost:3000/dbpedia2014-default 306 2496 196325 794 55868
http://localhost:3000/dbpedia2014-default 307 2496 197714 794 56202
http://localhost:3000/dbpedia2014-default 308 2496 197714 794 56202
http://localhost:3000/dbpedia2014-default 309 2496 197717 794 56202
http://localhost:3000/dbpedia2014-default 310 2496 197718 794 56202
http://localhost:3000/dbpedia2014-default 311 2496 201505 794 57258
http://localhost:3000/dbpedia2014-default 312 2496 201541 794 57268
http://localhost:3000/dbpedia2014-default 313 2496 201627 794 57292
http://localhost:3000/dbpedia2014-default 314 2496 201988 794 57393
http://localhost:3000/dbpedia2014-default 315 2496 202012 794 57400
http://localhost:3000/dbpedia2014-default 316 2496 202025 794 57402
http://localhost:3000/dbpedia2014-default 317 2496 202455 794 57524
http://localhost:3000/dbpedia2014-default 318 2496 203773 794 57826
http://localhost:3000/dbpedia2014-default 319 2496 203974 794 57873
http://localhost:3000/dbpedia2014-default 320 2496 204071 794 57900
http://localhost:3000/dbpedia2014-default 321 2496 204106 794 57909
http://localhost:3000/dbpedia2014-default 322 2496 204125 794 57914
http://localhost:3000/dbpedia2014-default 323 2496 205653 794 58267
http://localhost:3000/dbpedia2014-default 324 2496 205653 794 58267
http://localhost:3000/dbpedia2014-default 325 2496 205653 794 58267
http://localhost:3000/dbpedia2014-default 326 2496 205653 794 58267
http://localhost:3000/dbpedia2014-default 327 2496 205661 794 58271
http://localhost:3000/dbpedia2014-default 328 2496 207663 794 58808
http://localhost:3000/dbpedia2014-default 329 2496 207663 794 58808
http://localhost:3000/dbpedia2014-default 330 2496 207663 794 58808
http://localhost:3000/dbpedia2014-default 331 2496 207665 794 58808
http://localhost:3000/dbpedia2014-default 332 2496 207666 794 58808
http://localhost:3000/dbpedia2014-default 333 2496 207667 794 58808
http://localhost:3000/dbpedia2014-default 334 2496 207668 794 58808
http://localhost:3000/dbpedia2014-default 335 2496 207668 794 58808
http://localhost:3000/dbpedia2014-default 336 2496 207669 794 58808
http://localhost:3000/dbpedia2014-default 337 2496 207671 794 58808
http://localhost:3000/dbpedia2014-default 338 2496 207671 794 58808
http://localhost:3000/dbpedia2014-default 339 2496 207672 794 58808
http://localhost:3000/dbpedia2014-default 340 2496 207673 794 58808
http://localhost:3000/dbpedia2014-default 341 2496 207673 794 58808
http://localhost:3000/dbpedia2014-default 342 2496 209048 794 59134
http://localhost:3000/dbpedia2014-default 343 2496 209071 794 59140
http://localhost:3000/dbpedia2014-default 344 2496 209108 794 59150
http://localhost:3000/dbpedia2014-default 345 2496 209128 794 59156
http://localhost:3000/dbpedia2014-default 346 2496 209131 794 59156
http://localhost:3000/dbpedia2014-default 347 2496 209150 794 59162
http://localhost:3000/dbpedia2014-default 348 2496 209171 794 59168
http://localhost:3000/dbpedia2014-default 349 2496 209174 794 59168
http://localhost:3000/dbpedia2014-default 350 2496 209291 794 59197
http://localhost:3000/dbpedia2014-default 351 2496 209328 794 59207
http://localhost:3000/dbpedia2014-default 352 2496 209346 794 59212
http://localhost:3000/dbpedia2014-default 353 2496 210800 794 59625
http://localhost:3000/dbpedia2014-default 354 2496 210839 794 59635
http://localhost:3000/dbpedia2014-default 355 2496 210864 794 59642
http://localhost:3000/dbpedia2014-default 356 2496 210868 794 59642
http://localhost:3000/dbpedia2014-default 357 2496 210898 794 59647
http://localhost:3000/dbpedia2014-default 358 2496 210943 794 59660
http://localhost:3000/dbpedia2014-default 359 2496 210946 794 59660
http://localhost:3000/dbpedia2014-default 360 2496 210969 794 59667
http://localhost:3000/dbpedia2014-default 361 2496 211016 794 59680
http://localhost:3000/dbpedia2014-default 362 2496 211160 794 59715
http://localhost:3000/dbpedia2014-default 363 2496 211184 794 59721
http://localhost:3000/dbpedia2014-default 364 2496 211255 794 59740
http://localhost:3000/dbpedia2014-default 365 2496 211308 794 59754
http://localhost:3000/dbpedia2014-default 366 2496 211340 794 59764
http://localhost:3000/dbpedia2014-default 367 2496 211421 794 59785
http://localhost:3000/dbpedia2014-default 368 2496 211446 794 59790
http://localhost:3000/dbpedia2014-default 369 2496 218184 794 61464
http://localhost:3000/dbpedia2014-default 370 2496 218184 794 61464
http://localhost:3000/dbpedia2014-default 371 2496 218184 794 61464
http://localhost:3000/dbpedia2014-default 372 2496 218185 794 61464
http://localhost:3000/dbpedia2014-default 373 2496 218185 794 61464
http://localhost:3000/dbpedia2014-default 374 2496 218267 794 61489
http://localhost:3000/dbpedia2014-default 375 2496 218268 794 61489
http://localhost:3000/dbpedia2014-default 376 2496 218303 794 61497
http://localhost:3000/dbpedia2014-default 377 2496 218360 794 61513
http://localhost:3000/dbpedia2014-default 378 2496 218370 794 61517
http://localhost:3000/dbpedia2014-default 379 2496 219787 794 61896
http://localhost:3000/dbpedia2014-default 380 2496 219793 794 61897
http://localhost:3000/dbpedia2014-default 381 2496 219802 794 61903
http://localhost:3000/dbpedia2014-default 382 2496 219805 794 61903
http://localhost:3000/dbpedia2014-default 383 2496 219873 794 61912
http://localhost:3000/dbpedia2014-default 384 2496 219918 794 61923
http://localhost:3000/dbpedia2014-default 385 2496 219921 794 61923
http://localhost:3000/dbpedia2014-default 386 2496 219930 794 61923
http://localhost:3000/dbpedia2014-default 387 2496 221427 794 62431
http://localhost:3000/dbpedia2014-default 388 2496 221843 794 62548
http://localhost:3000/dbpedia2014-default 389 2496 221844 794 62548
http://localhost:3000/dbpedia2014-default 390 2496 221859 794 62548
http://localhost:3000/dbpedia2014-default 391 2496 221859 794 62548
http://localhost:3000/dbpedia2014-default 392 2496 222123 794 62625
http://localhost:3000/dbpedia2014-default 393 2496 222124 794 62625
http://localhost:3000/dbpedia2014-default 394 2496 222156 794 62625
http://localhost:3000/dbpedia2014-default 395 2496 224682 794 63412
http://localhost:3000/dbpedia2014-default 396 2496 224723 794 63424
http://localhost:3000/dbpedia2014-default 397 2496 224867 794 63461
http://localhost:3000/dbpedia2014-default 398 2496 226553 794 64006
http://localhost:3000/dbpedia2014-default 399 2496 226554 794 64006
http://localhost:3000/dbpedia2014-default 400 2496 226554 794 64006
http://localhost:3000/dbpedia2014-default 401 2496 226554 794 64006
http://localhost:3000/dbpedia2014-default 402 2496 227636 794 64291
http://localhost:3000/dbpedia2014-default 403 2496 227718 794 64305
http://localhost:3000/dbpedia2014-default 404 2496 227719 794 64305
http://localhost:3000/dbpedia2014-default 405 2496 227721 794 64305
http://localhost:3000/dbpedia2014-default 406 2496 227722 794 64305
http://localhost:3000/dbpedia2014-default 407 2496 227724 794 64305
http://localhost:3000/dbpedia2014-default 408 2496 227829 794 64316
http://localhost:3000/dbpedia2014-default 409 2496 227840 794 64320
http://localhost:3000/dbpedia2014-default 410 2496 227858 794 64320
http://localhost:3000/dbpedia2014-default 411 2496 227868 794 64324
http://localhost:3000/dbpedia2014-default 412 2496 227877 794 64328
http://localhost:3000/dbpedia2014-default 413 2496 227886 794 64329
http://localhost:3000/dbpedia2014-default 414 2496 228513 794 64519
http://localhost:3000/dbpedia2014-default 415 2496 228722 794 64579
http://localhost:3000/dbpedia2014-default 416 2496 228824 794 64602
http://localhost:3000/dbpedia2014-default 417 2496 229564 794 64819
http://localhost:3000/dbpedia2014-default 418 2496 229615 794 64832
http://localhost:3000/dbpedia2014-default 419 2496 229661 794 64841
http://localhost:3000/dbpedia2014-default 420 2496 229714 794 64859
http://localhost:3000/dbpedia2014-default 421 2496 229717 794 64859
http://localhost:3000/dbpedia2014-default 422 2496 229755 794 64871
http://localhost:3000/dbpedia2014-default 423 2496 229776 794 64876
http://localhost:3000/dbpedia2014-default 424 2496 229798 794 64881
http://localhost:3000/dbpedia2014-default 425 2496 229882 794 64896
http://localhost:3000/dbpedia2014-default 426 2496 229915 794 64907
http://localhost:3000/dbpedia2014-default 427 2496 229949 794 64912
http://localhost:3000/dbpedia2014-default 428 2496 229968 794 64918
http://localhost:3000/dbpedia2014-default 429 2496 229997 794 64924
http://localhost:3000/dbpedia2014-default 430 2496 230029 794 64935
http://localhost:3000/dbpedia2014-default 431 2496 230033 794 64935
http://localhost:3000/dbpedia2014-default 432 2496 230034 794 64935
http://localhost:3000/dbpedia2014-default 433 2496 230113 794 64957
http://localhost:3000/dbpedia2014-default 434 2496 232821 794 65652
http://localhost:3000/dbpedia2014-default 435 2496 232904 794 65652
http://localhost:3000/dbpedia2014-default 436 2496 232930 794 65659
http://localhost:3000/dbpedia2014-default 437 2496 232933 794 65659
http://localhost:3000/dbpedia2014-default 438 2496 233379 794 65767
http://localhost:3000/dbpedia2014-default 439 2496 233440 794 65786
http://localhost:3000/dbpedia2014-default 440 2496 233520 794 65817
http://localhost:3000/dbpedia2014-default 441 2496 233537 794 65821
http://localhost:3000/dbpedia2014-default 442 2496 233561 794 65828
http://localhost:3000/dbpedia2014-default 443 2496 233587 794 65838
http://localhost:3000/dbpedia2014-default 444 2496 233642 794 65856
http://localhost:3000/dbpedia2014-default 445 2496 233684 794 65867
http://localhost:3000/dbpedia2014-default 446 2496 233695 794 65870
http://localhost:3000/dbpedia2014-default 447 2496 233699 794 65870
http://localhost:3000/dbpedia2014-default 448 2496 234000 794 65909
http://localhost:3000/dbpedia2014-default 449 2496 234000 794 65909
http://localhost:3000/dbpedia2014-default 450 2496 234000 794 65909
http://localhost:3000/dbpedia2014-default 451 2496 234001 794 65909
http://localhost:3000/dbpedia2014-default 452 2496 234001 794 65909
http://localhost:3000/dbpedia2014-default 453 2496 234918 794 66167
http://localhost:3000/dbpedia2014-default 454 2496 234926 794 66167
http://localhost:3000/dbpedia2014-default 455 2496 236854 794 66649
http://localhost:3000/dbpedia2014-default 456 2496 236854 794 66649
http://localhost:3000/dbpedia2014-default 457 2496 236854 794 66649
http://localhost:3000/dbpedia2014-default 458 2496 236876 794 66654
http://localhost:3000/dbpedia2014-default 459 2496 236941 794 66675
http://localhost:3000/dbpedia2014-default 460 2496 236944 794 66675
http://localhost:3000/dbpedia2014-default 461 2496 236963 794 66682
http://localhost:3000/dbpedia2014-default 462 2496 237023 794 66698
http://localhost:3000/dbpedia2014-default 463 2496 237077 794 66708
http://localhost:3000/dbpedia2014-default 464 2496 237221 794 66746
http://localhost:3000/dbpedia2014-default 465 2496 237239 794 66752
http://localhost:3000/dbpedia2014-default 466 2496 237257 794 66757
http://localhost:3000/dbpedia2014-default 467 2496 237278 794 66764
http://localhost:3000/dbpedia2014-default 468 2496 237284 794 66764
http://localhost:3000/dbpedia2014-default 469 2496 237284 794 66764
http://localhost:3000/dbpedia2014-default 470 2496 237375 794 66786
http://localhost:3000/dbpedia2014-default 471 2496 237378 794 66786
http://localhost:3000/dbpedia2014-default 472 2496 237398 794 66791
http://localhost:3000/dbpedia2014-default 473 2496 242272 794 68041
http://localhost:3000/dbpedia2014-default 474 2496 242272 794 68041
http://localhost:3000/dbpedia2014-default 475 2496 242273 794 68041
http://localhost:3000/dbpedia2014-default 476 2496 242273 794 68041
http://localhost:3000/dbpedia2014-default 477 2496 242292 794 68048
http://localhost:3000/dbpedia2014-default 478 2496 242297 794 68048
http://localhost:3000/dbpedia2014-default 479 2496 242366 794 68067
http://localhost:3000/dbpedia2014-default 480 2496 242384 794 68072
http://localhost:3000/dbpedia2014-default 481 2496 242551 794 68115
http://localhost:3000/dbpedia2014-default 482 2496 242576 794 68121
http://localhost:3000/dbpedia2014-default 483 2496 242598 794 68127
http://localhost:3000/dbpedia2014-default 484 2496 242601 794 68127
http://localhost:3000/dbpedia2014-default 485 2496 242622 794 68133
http://localhost:3000/dbpedia2014-default 486 2496 242682 794 68149
http://localhost:3000/dbpedia2014-default 487 2496 242682 794 68149
http://localhost:3000/dbpedia2014-default 488 2496 243733 794 68445
http://localhost:3000/dbpedia2014-default 489 2496 251618 794 70663
http://localhost:3000/dbpedia2014-default 490 2496 251651 794 70668
http://localhost:3000/dbpedia2014-default 491 2496 251852 794 70724
http://localhost:3000/dbpedia2014-default 492 2496 251988 794 70764
http://localhost:3000/dbpedia2014-default 493 2496 252357 794 70871
http://localhost:3000/dbpedia2014-default 494 2496 252359 794 70871
http://localhost:3000/dbpedia2014-default 495 2496 252503 794 70913
http://localhost:3000/dbpedia2014-default 496 2496 259666 794 72941
http://localhost:3000/dbpedia2014-default 497 2496 259666 794 72941
http://localhost:3000/dbpedia2014-default 498 2496 259667 794 72941
http://localhost:3000/dbpedia2014-default 499 2496 259667 794 72941
http://localhost:3000/dbpedia2014-default 500 2496 259880 794 72993
http://localhost:3000/dbpedia2014-default 501 2496 260007 794 73007
http://localhost:3000/dbpedia2014-default 502 2496 263250 794 73801
http://localhost:3000/dbpedia2014-default 503 2496 263324 794 73819
http://localhost:3000/dbpedia2014-default 504 2496 263397 794 73839
http://localhost:3000/dbpedia2014-default 505 2496 263415 794 73844
http://localhost:3000/dbpedia2014-default 506 2496 263447 794 73854
http://localhost:3000/dbpedia2014-default 507 2496 263497 794 73867
http://localhost:3000/dbpedia2014-default 508 2496 263519 794 73873
http://localhost:3000/dbpedia2014-default 509 2496 263693 794 73917
http://localhost:3000/dbpedia2014-default 510 2496 263718 794 73923
http://localhost:3000/dbpedia2014-default 511 2496 263751 794 73932
http://localhost:3000/dbpedia2014-default 512 2496 263827 794 73954
http://localhost:3000/dbpedia2014-default 513 2496 263874 794 73967
http://localhost:3000/dbpedia2014-default 514 2496 263915 794 73977
http://localhost:3000/dbpedia2014-default 515 2496 264167 794 74038
http://localhost:3000/dbpedia2014-default 516 2496 264241 794 74059
http://localhost:3000/dbpedia2014-default 517 2496 264296 794 74073
http://localhost:3000/dbpedia2014-default 518 2496 264316 794 74078
http://localhost:3000/dbpedia2014-default 519 2496 264332 794 74083
http://localhost:3000/dbpedia2014-default 520 2496 264443 794 74114
http://localhost:3000/dbpedia2014-default 521 2496 264448 794 74114
http://localhost:3000/dbpedia2014-default 522 2496 264482 794 74123
http://localhost:3000/dbpedia2014-default 523 2496 264550 794 74139
http://localhost:3000/dbpedia2014-default 524 2496 264571 794 74144
http://localhost:3000/dbpedia2014-default 525 2496 277214 794 77556
http://localhost:3000/dbpedia2014-default 526 2496 277276 794 77572
http://localhost:3000/dbpedia2014-default 527 2496 277294 794 77576
http://localhost:3000/dbpedia2014-default 528 2496 278536 794 77879
http://localhost:3000/dbpedia2014-default 529 2496 278537 794 77879
http://localhost:3000/dbpedia2014-default 530 2496 278537 794 77879
http://localhost:3000/dbpedia2014-default 531 2496 278569 794 77879
http://localhost:3000/dbpedia2014-default 532 2496 278569 794 77879
http://localhost:3000/dbpedia2014-default 533 2496 278569 794 77879
http://localhost:3000/dbpedia2014-default 534 2496 279908 794 78282
http://localhost:3000/dbpedia2014-default 535 2496 280854 794 78537
http://localhost:3000/dbpedia2014-default 536 2496 280856 794 78537
http://localhost:3000/dbpedia2014-default 537 2496 280973 794 78558
http://localhost:3000/dbpedia2014-default 538 2496 281862 794 78830
http://localhost:3000/dbpedia2014-default 539 2496 282051 794 78850
http://localhost:3000/dbpedia2014-default 540 2496 282052 794 78850
http://localhost:3000/dbpedia2014-default 541 2496 282053 794 78850
http://localhost:3000/dbpedia2014-default 542 2496 282053 794 78850
http://localhost:3000/dbpedia2014-default 543 2496 282646 794 79032
http://localhost:3000/dbpedia2014-default 544 2496 283175 794 79175
http://localhost:3000/dbpedia2014-default 545 2496 283738 794 79342
http://localhost:3000/dbpedia2014-default 546 2496 288016 794 80748
http://localhost:3000/dbpedia2014-default 547 2496 288753 794 80921
http://localhost:3000/dbpedia2014-default 548 2496 288799 794 80932
http://localhost:3000/dbpedia2014-default 549 2496 288910 794 80961
http://localhost:3000/dbpedia2014-default 550 2496 289016 794 80982
http://localhost:3000/dbpedia2014-default 551 2496 289179 794 81033
http://localhost:3000/dbpedia2014-default 552 2496 295753 794 82759
http://localhost:3000/dbpedia2014-default 553 2496 295754 794 82759
http://localhost:3000/dbpedia2014-default 554 2496 295754 794 82759
http://localhost:3000/dbpedia2014-default 555 2496 295754 794 82759
http://localhost:3000/dbpedia2014-default 556 2496 295754 794 82759
http://localhost:3000/dbpedia2014-default 557 2496 295754 794 82759
http://localhost:3000/dbpedia2014-default 558 2496 295754 794 82759
http://localhost:3000/dbpedia2014-default 559 2496 296063 794 82824
http://localhost:3000/dbpedia2014-default 560 2496 296067 794 82824
http://localhost:3000/dbpedia2014-default 561 2496 296143 794 82842
http://localhost:3000/dbpedia2014-default 562 2496 296157 794 82847
http://localhost:3000/dbpedia2014-default 563 2496 296199 794 82860
http://localhost:3000/dbpedia2014-default 564 2496 296218 794 82865
http://localhost:3000/dbpedia2014-default 565 2496 296402 794 82914
http://localhost:3000/dbpedia2014-default 566 2496 296446 794 82920
http://localhost:3000/dbpedia2014-default 567 2496 296485 794 82930
http://localhost:3000/dbpedia2014-default 568 2496 296487 794 82930
http://localhost:3000/dbpedia2014-default 569 2496 296674 794 82982
http://localhost:3000/dbpedia2014-default 570 2496 296790 794 83013
http://localhost:3000/dbpedia2014-default 571 2496 296885 794 83022
http://localhost:3000/dbpedia2014-default 572 2496 296948 794 83039
http://localhost:3000/dbpedia2014-default 573 2496 296968 794 83044
http://localhost:3000/dbpedia2014-default 574 2496 297185 794 83094
http://localhost:3000/dbpedia2014-default 575 2496 297284 794 83121
http://localhost:3000/dbpedia2014-default 576 2496 297384 794 83126
http://localhost:3000/dbpedia2014-default 577 2496 297403 794 83131
http://localhost:3000/dbpedia2014-default 578 2496 306755 794 85682
http://localhost:3000/dbpedia2014-default 579 2496 308299 794 86077
http://localhost:3000/dbpedia2014-default 580 2496 308299 794 86077
http://localhost:3000/dbpedia2014-default 581 2496 308300 794 86077
http://localhost:3000/dbpedia2014-default 582 2496 308302 794 86077
http://localhost:3000/dbpedia2014-default 583 2496 309345 794 86331
http://localhost:3000/dbpedia2014-default 584 2496 309345 794 86331
http://localhost:3000/dbpedia2014-default 585 2496 309345 794 86331
http://localhost:3000/dbpedia2014-default 586 2496 309435 794 86356
http://localhost:3000/dbpedia2014-default 587 2496 310670 794 86734
http://localhost:3000/dbpedia2014-default 588 2496 312089 794 87090
http://localhost:3000/dbpedia2014-default 589 2496 312089 794 87090
http://localhost:3000/dbpedia2014-default 590 2496 312090 794 87090
http://localhost:3000/dbpedia2014-default 591 2496 312092 794 87090
http://localhost:3000/dbpedia2014-default 592 2496 312093 794 87090
http://localhost:3000/dbpedia2014-default 593 2496 312094 794 87090
http://localhost:3000/dbpedia2014-default 594 2496 312096 794 87090
http://localhost:3000/dbpedia2014-default 595 2496 312097 794 87090
http://localhost:3000/dbpedia2014-default 596 2496 312099 794 87090
http://localhost:3000/dbpedia2014-default 597 2496 313085 794 87308
http://localhost:3000/dbpedia2014-default 598 2496 313085 794 87308
http://localhost:3000/dbpedia2014-default 599 2496 313085 794 87308
http://localhost:3000/dbpedia2014-default 600 2496 313085 794 87308
http://localhost:3000/dbpedia2014-default 601 2496 313085 794 87308
http://localhost:3000/dbpedia2014-default 602 2496 313110 794 87316
http://localhost:3000/dbpedia2014-default 603 2496 313615 794 87423
http://localhost:3000/dbpedia2014-default 604 2496 316240 794 88151
http://localhost:3000/dbpedia2014-default 605 2496 317248 794 88474
http://localhost:3000/dbpedia2014-default 606 2496 317653 794 88583
http://localhost:3000/dbpedia2014-default 607 2496 317735 794 88605
http://localhost:3000/dbpedia2014-default 608 2496 320364 794 89321
http://localhost:3000/dbpedia2014-default 609 2496 320364 794 89321
http://localhost:3000/dbpedia2014-default 610 2496 320473 794 89347
http://localhost:3000/dbpedia2014-default 611 2496 320507 794 89356
http://localhost:3000/dbpedia2014-default 612 2496 320706 794 89404
http://localhost:3000/dbpedia2014-default 613 2496 320725 794 89410
http://localhost:3000/dbpedia2014-default 614 2496 320728 794 89410
http://localhost:3000/dbpedia2014-default 615 2496 320774 794 89424
http://localhost:3000/dbpedia2014-default 616 2496 320792 794 89429
http://localhost:3000/dbpedia2014-default 617 2496 320845 794 89443
http://localhost:3000/dbpedia2014-default 618 2496 326688 794 90985
http://localhost:3000/dbpedia2014-default 619 2496 326890 794 91029
http://localhost:3000/dbpedia2014-default 620 2496 327079 794 91086
http://localhost:3000/dbpedia2014-default 621 2496 327099 794 91092
http://localhost:3000/dbpedia2014-default 622 2496 327119 794 91092
http://localhost:3000/dbpedia2014-default 623 2496 327146 794 91101
http://localhost:3000/dbpedia2014-default 624 2496 327169 794 91107
http://localhost:3000/dbpedia2014-default 625 2496 327189 794 91112
http://localhost:3000/dbpedia2014-default 626 2496 327240 794 91126
http://localhost:3000/dbpedia2014-default 627 2496 329029 794 91597
http://localhost:3000/dbpedia2014-default 628 2496 329030 794 91597
http://localhost:3000/dbpedia2014-default 628 2496 329287 794 91658
DONE 1430395243797